{"/home/wycats/Code/Starbeam/library/@starbeam/config/dist/index.js": {"path":"/home/wycats/Code/Starbeam/library/@starbeam/config/dist/index.js","statementMap":{"0":{"start":{"line":4,"column":4},"end":{"line":8,"column":5}},"1":{"start":{"line":5,"column":8},"end":{"line":5,"column":null}},"2":{"start":{"line":7,"column":8},"end":{"line":7,"column":null}},"3":{"start":{"line":10,"column":22},"end":{"line":10,"column":null}}},"fnMap":{"0":{"name":"getConfig","decl":{"start":{"line":3,"column":9},"end":{"line":3,"column":18}},"loc":{"start":{"line":3,"column":21},"end":{"line":9,"column":1}}}},"branchMap":{"0":{"loc":{"start":{"line":4,"column":4},"end":{"line":8,"column":5}},"type":"if","locations":[{"start":{"line":4,"column":4},"end":{"line":8,"column":5}},{"start":{"line":6,"column":11},"end":{"line":8,"column":5}}]}},"s":{"0":1,"1":1,"2":0,"3":1},"f":{"0":1},"b":{"0":[1,0]}}
,"/home/wycats/Code/Starbeam/library/@starbeam/config/dist/src/config.js": {"path":"/home/wycats/Code/Starbeam/library/@starbeam/config/dist/src/config.js","statementMap":{"0":{"start":{"line":2,"column":1},"end":{"line":8,"column":null}},"1":{"start":{"line":3,"column":4},"end":{"line":3,"column":null}},"2":{"start":{"line":4,"column":4},"end":{"line":4,"column":null}},"3":{"start":{"line":5,"column":4},"end":{"line":5,"column":null}},"4":{"start":{"line":6,"column":4},"end":{"line":6,"column":null}},"5":{"start":{"line":7,"column":4},"end":{"line":7,"column":null}},"6":{"start":{"line":9,"column":13},"end":{"line":13,"column":1}},"7":{"start":{"line":16,"column":8},"end":{"line":16,"column":null}},"8":{"start":{"line":20,"column":8},"end":{"line":20,"column":null}},"9":{"start":{"line":23,"column":8},"end":{"line":23,"column":null}},"10":{"start":{"line":26,"column":20},"end":{"line":26,"column":null}},"11":{"start":{"line":27,"column":74},"end":{"line":33,"column":13}},"12":{"start":{"line":37,"column":20},"end":{"line":37,"column":null}},"13":{"start":{"line":38,"column":8},"end":{"line":41,"column":null}},"14":{"start":{"line":44,"column":20},"end":{"line":44,"column":null}},"15":{"start":{"line":45,"column":8},"end":{"line":48,"column":null}},"16":{"start":{"line":51,"column":20},"end":{"line":51,"column":null}},"17":{"start":{"line":52,"column":19},"end":{"line":52,"column":null}},"18":{"start":{"line":53,"column":8},"end":{"line":57,"column":null}}},"fnMap":{"0":{"name":"(anonymous_0)","decl":{"start":{"line":2,"column":1},"end":{"line":2,"column":9}},"loc":{"start":{"line":2,"column":20},"end":{"line":8,"column":1}}},"1":{"name":"(anonymous_1)","decl":{"start":{"line":15,"column":11},"end":{"line":15,"column":17}},"loc":{"start":{"line":15,"column":28},"end":{"line":17,"column":5}}},"2":{"name":"(anonymous_2)","decl":{"start":{"line":19,"column":16},"end":{"line":19,"column":24}},"loc":{"start":{"line":19,"column":25},"end":{"line":21,"column":5}}},"3":{"name":"(anonymous_3)","decl":{"start":{"line":22,"column":8},"end":{"line":22,"column":17}},"loc":{"start":{"line":22,"column":20},"end":{"line":24,"column":5}}},"4":{"name":"(anonymous_4)","decl":{"start":{"line":25,"column":4},"end":{"line":25,"column":10}},"loc":{"start":{"line":25,"column":13},"end":{"line":35,"column":5}}},"5":{"name":"(anonymous_5)","decl":{"start":{"line":27,"column":58},"end":{"line":27,"column":61}},"loc":{"start":{"line":27,"column":74},"end":{"line":33,"column":13}}},"6":{"name":"(anonymous_6)","decl":{"start":{"line":36,"column":4},"end":{"line":36,"column":12}},"loc":{"start":{"line":36,"column":18},"end":{"line":42,"column":5}}},"7":{"name":"(anonymous_7)","decl":{"start":{"line":43,"column":4},"end":{"line":43,"column":7}},"loc":{"start":{"line":43,"column":13},"end":{"line":49,"column":5}}},"8":{"name":"(anonymous_8)","decl":{"start":{"line":50,"column":4},"end":{"line":50,"column":7}},"loc":{"start":{"line":50,"column":20},"end":{"line":58,"column":5}}}},"branchMap":{"0":{"loc":{"start":{"line":8,"column":3},"end":{"line":8,"column":null}},"type":"binary-expr","locations":[{"start":{"line":8,"column":3},"end":{"line":8,"column":11}},{"start":{"line":8,"column":16},"end":{"line":8,"column":29}}]}},"s":{"0":1,"1":1,"2":1,"3":1,"4":1,"5":1,"6":1,"7":2,"8":2,"9":1,"10":0,"11":0,"12":6,"13":6,"14":6,"15":6,"16":0,"17":0,"18":0},"f":{"0":1,"1":2,"2":2,"3":1,"4":0,"5":0,"6":6,"7":6,"8":0},"b":{"0":[1,1]}}
,"/home/wycats/Code/Starbeam/library/@starbeam/config/dist/src/env-var-config.js": {"path":"/home/wycats/Code/Starbeam/library/@starbeam/config/dist/src/env-var-config.js","statementMap":{"0":{"start":{"line":5,"column":8},"end":{"line":5,"column":null}},"1":{"start":{"line":8,"column":8},"end":{"line":8,"column":null}},"2":{"start":{"line":11,"column":8},"end":{"line":11,"column":null}},"3":{"start":{"line":12,"column":8},"end":{"line":12,"column":null}},"4":{"start":{"line":15,"column":8},"end":{"line":15,"column":null}},"5":{"start":{"line":21,"column":16},"end":{"line":21,"column":null}},"6":{"start":{"line":22,"column":16},"end":{"line":22,"column":null}},"7":{"start":{"line":24,"column":16},"end":{"line":24,"column":null}},"8":{"start":{"line":25,"column":16},"end":{"line":25,"column":null}},"9":{"start":{"line":27,"column":16},"end":{"line":27,"column":null}},"10":{"start":{"line":31,"column":18},"end":{"line":31,"column":null}},"11":{"start":{"line":35,"column":20},"end":{"line":35,"column":null}},"12":{"start":{"line":39,"column":33},"end":{"line":39,"column":null}},"13":{"start":{"line":40,"column":20},"end":{"line":40,"column":null}},"14":{"start":{"line":44,"column":20},"end":{"line":44,"column":null}},"15":{"start":{"line":47,"column":16},"end":{"line":47,"column":null}},"16":{"start":{"line":51,"column":30},"end":{"line":51,"column":null}},"17":{"start":{"line":53,"column":54},"end":{"line":53,"column":null}}},"fnMap":{"0":{"name":"(anonymous_0)","decl":{"start":{"line":4,"column":11},"end":{"line":4,"column":17}},"loc":{"start":{"line":4,"column":20},"end":{"line":6,"column":5}}},"1":{"name":"(anonymous_1)","decl":{"start":{"line":7,"column":4},"end":{"line":7,"column":13}},"loc":{"start":{"line":7,"column":16},"end":{"line":9,"column":5}}},"2":{"name":"(anonymous_2)","decl":{"start":{"line":10,"column":4},"end":{"line":10,"column":13}},"loc":{"start":{"line":10,"column":16},"end":{"line":13,"column":5}}},"3":{"name":"(anonymous_3)","decl":{"start":{"line":14,"column":4},"end":{"line":14,"column":15}},"loc":{"start":{"line":14,"column":34},"end":{"line":16,"column":5}}},"4":{"name":"(anonymous_4)","decl":{"start":{"line":17,"column":4},"end":{"line":17,"column":10}},"loc":{"start":{"line":17,"column":23},"end":{"line":29,"column":5}}},"5":{"name":"(anonymous_5)","decl":{"start":{"line":30,"column":4},"end":{"line":30,"column":9}},"loc":{"start":{"line":30,"column":25},"end":{"line":49,"column":5}}},"6":{"name":"pascalCase","decl":{"start":{"line":52,"column":9},"end":{"line":52,"column":19}},"loc":{"start":{"line":52,"column":28},"end":{"line":55,"column":1}}},"7":{"name":"(anonymous_7)","decl":{"start":{"line":53,"column":25},"end":{"line":53,"column":41}},"loc":{"start":{"line":53,"column":54},"end":{"line":53,"column":null}}}},"branchMap":{"0":{"loc":{"start":{"line":8,"column":15},"end":{"line":8,"column":66}},"type":"binary-expr","locations":[{"start":{"line":8,"column":15},"end":{"line":8,"column":38}},{"start":{"line":8,"column":38},"end":{"line":8,"column":66}}]},"1":{"loc":{"start":{"line":11,"column":15},"end":{"line":11,"column":66}},"type":"binary-expr","locations":[{"start":{"line":11,"column":15},"end":{"line":11,"column":38}},{"start":{"line":11,"column":38},"end":{"line":11,"column":66}}]},"2":{"loc":{"start":{"line":19,"column":12},"end":{"line":19,"column":null}},"type":"switch","locations":[{"start":{"line":19,"column":12},"end":{"line":19,"column":null}},{"start":{"line":20,"column":12},"end":{"line":22,"column":null}},{"start":{"line":23,"column":12},"end":{"line":25,"column":null}}]},"3":{"loc":{"start":{"line":33,"column":12},"end":{"line":36,"column":17}},"type":"switch","locations":[{"start":{"line":33,"column":12},"end":{"line":36,"column":17}},{"start":{"line":37,"column":12},"end":{"line":41,"column":17}},{"start":{"line":42,"column":12},"end":{"line":45,"column":17}}]},"4":{"loc":{"start":{"line":35,"column":27},"end":{"line":35,"column":null}},"type":"binary-expr","locations":[{"start":{"line":35,"column":27},"end":{"line":35,"column":37}},{"start":{"line":35,"column":41},"end":{"line":35,"column":null}}]},"5":{"loc":{"start":{"line":40,"column":27},"end":{"line":40,"column":null}},"type":"cond-expr","locations":[{"start":{"line":40,"column":50},"end":{"line":40,"column":59}},{"start":{"line":40,"column":62},"end":{"line":40,"column":null}}]}},"s":{"0":1,"1":1,"2":12,"3":12,"4":6,"5":0,"6":0,"7":0,"8":0,"9":0,"10":6,"11":0,"12":0,"13":0,"14":6,"15":0,"16":1,"17":12},"f":{"0":1,"1":1,"2":12,"3":6,"4":0,"5":6,"6":12,"7":12},"b":{"0":[1,1],"1":[12,12],"2":[0,0,0],"3":[0,0,6],"4":[0,0],"5":[0,0]}}
,"/home/wycats/Code/Starbeam/library/@starbeam/config/dist/src/global-config.js": {"path":"/home/wycats/Code/Starbeam/library/@starbeam/config/dist/src/global-config.js","statementMap":{"0":{"start":{"line":3,"column":28},"end":{"line":3,"column":null}},"1":{"start":{"line":4,"column":15},"end":{"line":4,"column":25}},"2":{"start":{"line":7,"column":8},"end":{"line":7,"column":null}},"3":{"start":{"line":10,"column":8},"end":{"line":10,"column":null}},"4":{"start":{"line":11,"column":18},"end":{"line":11,"column":null}},"5":{"start":{"line":12,"column":8},"end":{"line":20,"column":9}},"6":{"start":{"line":13,"column":12},"end":{"line":13,"column":null}},"7":{"start":{"line":14,"column":12},"end":{"line":19,"column":null}},"8":{"start":{"line":21,"column":8},"end":{"line":21,"column":null}},"9":{"start":{"line":24,"column":8},"end":{"line":24,"column":null}},"10":{"start":{"line":27,"column":8},"end":{"line":27,"column":null}},"11":{"start":{"line":30,"column":8},"end":{"line":30,"column":null}},"12":{"start":{"line":33,"column":29},"end":{"line":33,"column":null}}},"fnMap":{"0":{"name":"(anonymous_0)","decl":{"start":{"line":6,"column":4},"end":{"line":6,"column":13}},"loc":{"start":{"line":6,"column":16},"end":{"line":8,"column":5}}},"1":{"name":"(anonymous_1)","decl":{"start":{"line":9,"column":4},"end":{"line":9,"column":13}},"loc":{"start":{"line":9,"column":16},"end":{"line":22,"column":5}}},"2":{"name":"(anonymous_2)","decl":{"start":{"line":23,"column":4},"end":{"line":23,"column":10}},"loc":{"start":{"line":23,"column":29},"end":{"line":25,"column":5}}},"3":{"name":"(anonymous_3)","decl":{"start":{"line":26,"column":4},"end":{"line":26,"column":9}},"loc":{"start":{"line":26,"column":27},"end":{"line":28,"column":5}}},"4":{"name":"(anonymous_4)","decl":{"start":{"line":29,"column":4},"end":{"line":29,"column":15}},"loc":{"start":{"line":29,"column":34},"end":{"line":31,"column":5}}}},"branchMap":{"0":{"loc":{"start":{"line":12,"column":8},"end":{"line":20,"column":9}},"type":"if","locations":[{"start":{"line":12,"column":8},"end":{"line":20,"column":9}}]}},"s":{"0":1,"1":1,"2":0,"3":0,"4":0,"5":0,"6":0,"7":0,"8":0,"9":0,"10":0,"11":0,"12":1},"f":{"0":0,"1":0,"2":0,"3":0,"4":0},"b":{"0":[0]}}
,"/home/wycats/Code/Starbeam/library/@starbeam/config/dist/src/types.js": {"path":"/home/wycats/Code/Starbeam/library/@starbeam/config/dist/src/types.js","statementMap":{"0":{"start":{"line":2,"column":4},"end":{"line":6,"column":5}},"1":{"start":{"line":3,"column":8},"end":{"line":3,"column":null}},"2":{"start":{"line":5,"column":8},"end":{"line":5,"column":null}},"3":{"start":{"line":11,"column":35},"end":{"line":11,"column":39}},"4":{"start":{"line":14,"column":45},"end":{"line":23,"column":1}},"5":{"start":{"line":15,"column":4},"end":{"line":17,"column":5}},"6":{"start":{"line":16,"column":8},"end":{"line":16,"column":null}},"7":{"start":{"line":19,"column":4},"end":{"line":19,"column":null}},"8":{"start":{"line":20,"column":15},"end":{"line":20,"column":null}},"9":{"start":{"line":21,"column":4},"end":{"line":21,"column":null}},"10":{"start":{"line":22,"column":4},"end":{"line":22,"column":null}}},"fnMap":{"0":{"name":"exhaustive","decl":{"start":{"line":1,"column":16},"end":{"line":1,"column":26}},"loc":{"start":{"line":1,"column":41},"end":{"line":7,"column":1}}},"1":{"name":"assert","decl":{"start":{"line":10,"column":20},"end":{"line":10,"column":26}},"loc":{"start":{"line":10,"column":64},"end":{"line":13,"column":1}}},"2":{"name":"(anonymous_2)","decl":{"start":{"line":11,"column":29},"end":{"line":11,"column":35}},"loc":{"start":{"line":11,"column":35},"end":{"line":11,"column":39}}},"3":{"name":"(anonymous_3)","decl":{"start":{"line":14,"column":45},"end":{"line":14,"column":49}},"loc":{"start":{"line":14,"column":67},"end":{"line":23,"column":1}}}},"branchMap":{"0":{"loc":{"start":{"line":2,"column":4},"end":{"line":6,"column":5}},"type":"if","locations":[{"start":{"line":2,"column":4},"end":{"line":6,"column":5}},{"start":{"line":4,"column":11},"end":{"line":6,"column":5}}]},"1":{"loc":{"start":{"line":10,"column":38},"end":{"line":10,"column":64}},"type":"default-arg","locations":[{"start":{"line":10,"column":45},"end":{"line":10,"column":64}}]},"2":{"loc":{"start":{"line":15,"column":4},"end":{"line":17,"column":5}},"type":"if","locations":[{"start":{"line":15,"column":4},"end":{"line":17,"column":5}}]}},"s":{"0":0,"1":0,"2":0,"3":0,"4":1,"5":12,"6":12,"7":0,"8":0,"9":0,"10":0},"f":{"0":0,"1":12,"2":0,"3":12},"b":{"0":[0,0],"1":[0],"2":[12]}}
,"/home/wycats/Code/Starbeam/library/@starbeam/core/dist/src/public.js": {"path":"/home/wycats/Code/Starbeam/library/@starbeam/core/dist/src/public.js","statementMap":{"0":{"start":{"line":4,"column":4},"end":{"line":4,"column":null}},"1":{"start":{"line":6,"column":24},"end":{"line":13,"column":1}},"2":{"start":{"line":11,"column":8},"end":{"line":11,"column":null}}},"fnMap":{"0":{"name":"Hook","decl":{"start":{"line":3,"column":16},"end":{"line":3,"column":20}},"loc":{"start":{"line":3,"column":44},"end":{"line":5,"column":1}}},"1":{"name":"(anonymous_1)","decl":{"start":{"line":10,"column":4},"end":{"line":10,"column":9}},"loc":{"start":{"line":10,"column":21},"end":{"line":12,"column":5}}}},"branchMap":{},"s":{"0":0,"1":1,"2":0},"f":{"0":0,"1":0},"b":{}}
,"/home/wycats/Code/Starbeam/library/@starbeam/core/dist/src/utils.js": {"path":"/home/wycats/Code/Starbeam/library/@starbeam/core/dist/src/utils.js","statementMap":{"0":{"start":{"line":4,"column":23},"end":{"line":4,"column":null}},"1":{"start":{"line":6,"column":12},"end":{"line":6,"column":13}},"2":{"start":{"line":7,"column":4},"end":{"line":12,"column":5}},"3":{"start":{"line":8,"column":14},"end":{"line":11,"column":null}},"4":{"start":{"line":14,"column":24},"end":{"line":21,"column":1}},"5":{"start":{"line":16,"column":8},"end":{"line":16,"column":null}},"6":{"start":{"line":19,"column":8},"end":{"line":19,"column":null}},"7":{"start":{"line":22,"column":14},"end":{"line":24,"column":1}},"8":{"start":{"line":25,"column":16},"end":{"line":27,"column":1}},"9":{"start":{"line":29,"column":19},"end":{"line":29,"column":null}},"10":{"start":{"line":30,"column":16},"end":{"line":30,"column":null}},"11":{"start":{"line":32,"column":23},"end":{"line":32,"column":28}},"12":{"start":{"line":33,"column":4},"end":{"line":37,"column":5}},"13":{"start":{"line":34,"column":8},"end":{"line":34,"column":null}},"14":{"start":{"line":36,"column":8},"end":{"line":36,"column":null}},"15":{"start":{"line":38,"column":4},"end":{"line":52,"column":5}},"16":{"start":{"line":38,"column":19},"end":{"line":38,"column":37}},"17":{"start":{"line":39,"column":22},"end":{"line":39,"column":28}},"18":{"start":{"line":40,"column":8},"end":{"line":40,"column":null}},"19":{"start":{"line":41,"column":8},"end":{"line":51,"column":9}},"20":{"start":{"line":42,"column":18},"end":{"line":45,"column":null}},"21":{"start":{"line":47,"column":18},"end":{"line":50,"column":null}},"22":{"start":{"line":53,"column":4},"end":{"line":63,"column":5}},"23":{"start":{"line":54,"column":14},"end":{"line":57,"column":null}},"24":{"start":{"line":59,"column":14},"end":{"line":62,"column":null}},"25":{"start":{"line":64,"column":4},"end":{"line":64,"column":null}},"26":{"start":{"line":68,"column":8},"end":{"line":68,"column":null}},"27":{"start":{"line":71,"column":8},"end":{"line":71,"column":null}},"28":{"start":{"line":75,"column":8},"end":{"line":75,"column":null}},"29":{"start":{"line":78,"column":8},"end":{"line":78,"column":null}},"30":{"start":{"line":81,"column":8},"end":{"line":81,"column":null}},"31":{"start":{"line":84,"column":8},"end":{"line":87,"column":null}},"32":{"start":{"line":90,"column":19},"end":{"line":90,"column":null}},"33":{"start":{"line":91,"column":8},"end":{"line":94,"column":null}},"34":{"start":{"line":97,"column":19},"end":{"line":97,"column":null}},"35":{"start":{"line":98,"column":8},"end":{"line":101,"column":null}},"36":{"start":{"line":104,"column":8},"end":{"line":106,"column":9}},"37":{"start":{"line":104,"column":20},"end":{"line":104,"column":41}},"38":{"start":{"line":105,"column":18},"end":{"line":105,"column":null}},"39":{"start":{"line":109,"column":8},"end":{"line":109,"column":null}},"40":{"start":{"line":112,"column":8},"end":{"line":112,"column":null}},"41":{"start":{"line":116,"column":4},"end":{"line":116,"column":null}},"42":{"start":{"line":117,"column":4},"end":{"line":117,"column":null}},"43":{"start":{"line":121,"column":8},"end":{"line":121,"column":null}},"44":{"start":{"line":124,"column":8},"end":{"line":124,"column":null}},"45":{"start":{"line":127,"column":20},"end":{"line":127,"column":null}},"46":{"start":{"line":128,"column":8},"end":{"line":128,"column":null}},"47":{"start":{"line":132,"column":4},"end":{"line":132,"column":null}},"48":{"start":{"line":135,"column":4},"end":{"line":139,"column":5}},"49":{"start":{"line":136,"column":8},"end":{"line":136,"column":null}},"50":{"start":{"line":138,"column":8},"end":{"line":138,"column":null}}},"fnMap":{"0":{"name":"enumerate","decl":{"start":{"line":5,"column":17},"end":{"line":5,"column":26}},"loc":{"start":{"line":5,"column":37},"end":{"line":13,"column":1}}},"1":{"name":"(anonymous_1)","decl":{"start":{"line":15,"column":4},"end":{"line":15,"column":11}},"loc":{"start":{"line":15,"column":23},"end":{"line":17,"column":5}}},"2":{"name":"(anonymous_2)","decl":{"start":{"line":18,"column":4},"end":{"line":18,"column":11}},"loc":{"start":{"line":18,"column":23},"end":{"line":20,"column":5}}},"3":{"name":"positioned","decl":{"start":{"line":28,"column":17},"end":{"line":28,"column":27}},"loc":{"start":{"line":28,"column":38},"end":{"line":65,"column":1}}},"4":{"name":"(anonymous_4)","decl":{"start":{"line":67,"column":11},"end":{"line":67,"column":13}},"loc":{"start":{"line":67,"column":20},"end":{"line":69,"column":5}}},"5":{"name":"(anonymous_5)","decl":{"start":{"line":70,"column":11},"end":{"line":70,"column":19}},"loc":{"start":{"line":70,"column":26},"end":{"line":72,"column":5}}},"6":{"name":"(anonymous_6)","decl":{"start":{"line":74,"column":16},"end":{"line":74,"column":20}},"loc":{"start":{"line":74,"column":21},"end":{"line":76,"column":5}}},"7":{"name":"(anonymous_7)","decl":{"start":{"line":77,"column":5},"end":{"line":77,"column":11}},"loc":{"start":{"line":77,"column":24},"end":{"line":79,"column":5}}},"8":{"name":"(anonymous_8)","decl":{"start":{"line":80,"column":4},"end":{"line":80,"column":11}},"loc":{"start":{"line":80,"column":14},"end":{"line":82,"column":5}}},"9":{"name":"(anonymous_9)","decl":{"start":{"line":83,"column":4},"end":{"line":83,"column":11}},"loc":{"start":{"line":83,"column":24},"end":{"line":88,"column":5}}},"10":{"name":"(anonymous_10)","decl":{"start":{"line":89,"column":4},"end":{"line":89,"column":12}},"loc":{"start":{"line":89,"column":15},"end":{"line":95,"column":5}}},"11":{"name":"(anonymous_11)","decl":{"start":{"line":96,"column":4},"end":{"line":96,"column":13}},"loc":{"start":{"line":96,"column":16},"end":{"line":102,"column":5}}},"12":{"name":"(anonymous_12)","decl":{"start":{"line":103,"column":5},"end":{"line":103,"column":13}},"loc":{"start":{"line":103,"column":16},"end":{"line":107,"column":5}}},"13":{"name":"(anonymous_13)","decl":{"start":{"line":108,"column":8},"end":{"line":108,"column":13}},"loc":{"start":{"line":108,"column":16},"end":{"line":110,"column":5}}},"14":{"name":"(anonymous_14)","decl":{"start":{"line":111,"column":8},"end":{"line":111,"column":12}},"loc":{"start":{"line":111,"column":15},"end":{"line":113,"column":5}}},"15":{"name":"tap","decl":{"start":{"line":115,"column":16},"end":{"line":115,"column":19}},"loc":{"start":{"line":115,"column":36},"end":{"line":118,"column":1}}},"16":{"name":"(anonymous_16)","decl":{"start":{"line":120,"column":11},"end":{"line":120,"column":13}},"loc":{"start":{"line":120,"column":21},"end":{"line":122,"column":5}}},"17":{"name":"(anonymous_17)","decl":{"start":{"line":123,"column":16},"end":{"line":123,"column":21}},"loc":{"start":{"line":123,"column":22},"end":{"line":125,"column":5}}},"18":{"name":"(anonymous_18)","decl":{"start":{"line":126,"column":4},"end":{"line":126,"column":6}},"loc":{"start":{"line":126,"column":14},"end":{"line":129,"column":5}}},"19":{"name":"pipe","decl":{"start":{"line":131,"column":16},"end":{"line":131,"column":20}},"loc":{"start":{"line":131,"column":28},"end":{"line":133,"column":1}}},"20":{"name":"getDescription","decl":{"start":{"line":134,"column":16},"end":{"line":134,"column":30}},"loc":{"start":{"line":134,"column":35},"end":{"line":140,"column":1}}}},"branchMap":{"0":{"loc":{"start":{"line":16,"column":15},"end":{"line":16,"column":null}},"type":"binary-expr","locations":[{"start":{"line":16,"column":15},"end":{"line":16,"column":39}},{"start":{"line":16,"column":39},"end":{"line":16,"column":null}}]},"1":{"loc":{"start":{"line":19,"column":15},"end":{"line":19,"column":null}},"type":"binary-expr","locations":[{"start":{"line":19,"column":15},"end":{"line":19,"column":38}},{"start":{"line":19,"column":38},"end":{"line":19,"column":null}}]},"2":{"loc":{"start":{"line":33,"column":4},"end":{"line":37,"column":5}},"type":"if","locations":[{"start":{"line":33,"column":4},"end":{"line":37,"column":5}},{"start":{"line":35,"column":11},"end":{"line":37,"column":5}}]},"3":{"loc":{"start":{"line":41,"column":8},"end":{"line":51,"column":9}},"type":"if","locations":[{"start":{"line":41,"column":8},"end":{"line":51,"column":9}},{"start":{"line":46,"column":15},"end":{"line":51,"column":9}}]},"4":{"loc":{"start":{"line":53,"column":4},"end":{"line":63,"column":5}},"type":"if","locations":[{"start":{"line":53,"column":4},"end":{"line":63,"column":5}},{"start":{"line":58,"column":11},"end":{"line":63,"column":5}}]},"5":{"loc":{"start":{"line":135,"column":4},"end":{"line":139,"column":5}},"type":"if","locations":[{"start":{"line":135,"column":4},"end":{"line":139,"column":5}},{"start":{"line":137,"column":11},"end":{"line":139,"column":5}}]}},"s":{"0":1,"1":0,"2":0,"3":0,"4":1,"5":0,"6":0,"7":1,"8":1,"9":0,"10":0,"11":0,"12":0,"13":0,"14":0,"15":0,"16":0,"17":0,"18":0,"19":0,"20":0,"21":0,"22":0,"23":0,"24":0,"25":0,"26":0,"27":0,"28":0,"29":0,"30":0,"31":0,"32":0,"33":0,"34":0,"35":0,"36":0,"37":0,"38":0,"39":0,"40":0,"41":0,"42":0,"43":0,"44":0,"45":0,"46":0,"47":0,"48":0,"49":0,"50":0},"f":{"0":0,"1":0,"2":0,"3":0,"4":0,"5":0,"6":0,"7":0,"8":0,"9":0,"10":0,"11":0,"12":0,"13":0,"14":0,"15":0,"16":0,"17":0,"18":0,"19":0,"20":0},"b":{"0":[0,0],"1":[0,0],"2":[0,0],"3":[0,0],"4":[0,0],"5":[0,0]}}
,"/home/wycats/Code/Starbeam/library/@starbeam/core/dist/src/core/lifetime.js": {"path":"/home/wycats/Code/Starbeam/library/@starbeam/core/dist/src/core/lifetime.js","statementMap":{"0":{"start":{"line":5,"column":8},"end":{"line":5,"column":null}},"1":{"start":{"line":9,"column":8},"end":{"line":11,"column":null}},"2":{"start":{"line":10,"column":43},"end":{"line":10,"column":null}},"3":{"start":{"line":12,"column":8},"end":{"line":19,"column":null}},"4":{"start":{"line":13,"column":29},"end":{"line":13,"column":null}},"5":{"start":{"line":14,"column":12},"end":{"line":18,"column":13}},"6":{"start":{"line":16,"column":16},"end":{"line":17,"column":null}},"7":{"start":{"line":16,"column":45},"end":{"line":16,"column":null}},"8":{"start":{"line":20,"column":8},"end":{"line":22,"column":null}},"9":{"start":{"line":21,"column":12},"end":{"line":21,"column":null}},"10":{"start":{"line":23,"column":8},"end":{"line":23,"column":null}},"11":{"start":{"line":26,"column":8},"end":{"line":35,"column":null}},"12":{"start":{"line":26,"column":30},"end":{"line":26,"column":null}},"13":{"start":{"line":28,"column":12},"end":{"line":34,"column":13}},"14":{"start":{"line":29,"column":16},"end":{"line":29,"column":null}},"15":{"start":{"line":31,"column":16},"end":{"line":33,"column":null}},"16":{"start":{"line":38,"column":23},"end":{"line":38,"column":null}},"17":{"start":{"line":39,"column":8},"end":{"line":42,"column":9}},"18":{"start":{"line":40,"column":12},"end":{"line":40,"column":null}},"19":{"start":{"line":41,"column":12},"end":{"line":41,"column":null}},"20":{"start":{"line":43,"column":8},"end":{"line":43,"column":null}},"21":{"start":{"line":46,"column":24},"end":{"line":46,"column":null}},"22":{"start":{"line":49,"column":8},"end":{"line":49,"column":null}},"23":{"start":{"line":55,"column":8},"end":{"line":55,"column":null}},"24":{"start":{"line":56,"column":8},"end":{"line":56,"column":null}},"25":{"start":{"line":57,"column":8},"end":{"line":57,"column":null}},"26":{"start":{"line":60,"column":8},"end":{"line":60,"column":null}},"27":{"start":{"line":63,"column":8},"end":{"line":63,"column":null}},"28":{"start":{"line":66,"column":8},"end":{"line":66,"column":null}},"29":{"start":{"line":69,"column":8},"end":{"line":71,"column":9}},"30":{"start":{"line":70,"column":12},"end":{"line":70,"column":null}},"31":{"start":{"line":72,"column":8},"end":{"line":74,"column":9}},"32":{"start":{"line":73,"column":12},"end":{"line":73,"column":null}},"33":{"start":{"line":79,"column":27},"end":{"line":79,"column":null}},"34":{"start":{"line":82,"column":23},"end":{"line":82,"column":null}},"35":{"start":{"line":88,"column":8},"end":{"line":88,"column":null}},"36":{"start":{"line":91,"column":8},"end":{"line":97,"column":9}},"37":{"start":{"line":92,"column":12},"end":{"line":92,"column":null}},"38":{"start":{"line":93,"column":15},"end":{"line":97,"column":9}},"39":{"start":{"line":94,"column":12},"end":{"line":94,"column":null}},"40":{"start":{"line":96,"column":12},"end":{"line":96,"column":null}},"41":{"start":{"line":100,"column":8},"end":{"line":100,"column":null}},"42":{"start":{"line":106,"column":8},"end":{"line":106,"column":null}},"43":{"start":{"line":107,"column":8},"end":{"line":107,"column":null}},"44":{"start":{"line":108,"column":8},"end":{"line":108,"column":null}},"45":{"start":{"line":111,"column":8},"end":{"line":111,"column":null}}},"fnMap":{"0":{"name":"(anonymous_0)","decl":{"start":{"line":4,"column":11},"end":{"line":4,"column":17}},"loc":{"start":{"line":4,"column":20},"end":{"line":6,"column":5}}},"1":{"name":"(anonymous_1)","decl":{"start":{"line":8,"column":16},"end":{"line":8,"column":20}},"loc":{"start":{"line":8,"column":21},"end":{"line":24,"column":5}}},"2":{"name":"(anonymous_2)","decl":{"start":{"line":10,"column":20},"end":{"line":10,"column":23}},"loc":{"start":{"line":10,"column":43},"end":{"line":10,"column":null}}},"3":{"name":"(anonymous_3)","decl":{"start":{"line":12,"column":21},"end":{"line":12,"column":25}},"loc":{"start":{"line":12,"column":34},"end":{"line":19,"column":9}}},"4":{"name":"(anonymous_4)","decl":{"start":{"line":16,"column":40},"end":{"line":16,"column":45}},"loc":{"start":{"line":16,"column":45},"end":{"line":16,"column":null}}},"5":{"name":"(anonymous_5)","decl":{"start":{"line":20,"column":17},"end":{"line":20,"column":21}},"loc":{"start":{"line":20,"column":37},"end":{"line":22,"column":9}}},"6":{"name":"(anonymous_6)","decl":{"start":{"line":25,"column":4},"end":{"line":25,"column":9}},"loc":{"start":{"line":25,"column":20},"end":{"line":36,"column":5}}},"7":{"name":"(anonymous_7)","decl":{"start":{"line":26,"column":24},"end":{"line":26,"column":26}},"loc":{"start":{"line":26,"column":30},"end":{"line":26,"column":null}}},"8":{"name":"(anonymous_8)","decl":{"start":{"line":27,"column":17},"end":{"line":27,"column":19}},"loc":{"start":{"line":27,"column":30},"end":{"line":35,"column":9}}},"9":{"name":"(anonymous_9)","decl":{"start":{"line":48,"column":11},"end":{"line":48,"column":13}},"loc":{"start":{"line":48,"column":23},"end":{"line":50,"column":5}}},"10":{"name":"(anonymous_10)","decl":{"start":{"line":54,"column":16},"end":{"line":54,"column":23}},"loc":{"start":{"line":54,"column":46},"end":{"line":58,"column":5}}},"11":{"name":"(anonymous_11)","decl":{"start":{"line":59,"column":8},"end":{"line":59,"column":15}},"loc":{"start":{"line":59,"column":18},"end":{"line":61,"column":5}}},"12":{"name":"(anonymous_12)","decl":{"start":{"line":62,"column":4},"end":{"line":62,"column":7}},"loc":{"start":{"line":62,"column":19},"end":{"line":64,"column":5}}},"13":{"name":"(anonymous_13)","decl":{"start":{"line":65,"column":4},"end":{"line":65,"column":8}},"loc":{"start":{"line":65,"column":16},"end":{"line":67,"column":5}}},"14":{"name":"(anonymous_14)","decl":{"start":{"line":68,"column":4},"end":{"line":68,"column":12}},"loc":{"start":{"line":68,"column":15},"end":{"line":75,"column":5}}},"15":{"name":"(anonymous_15)","decl":{"start":{"line":76,"column":4},"end":{"line":76,"column":9}},"loc":{"start":{"line":76,"column":12},"end":{"line":84,"column":5}}},"16":{"name":"(anonymous_16)","decl":{"start":{"line":79,"column":13},"end":{"line":79,"column":15}},"loc":{"start":{"line":79,"column":27},"end":{"line":79,"column":null}}},"17":{"name":"(anonymous_17)","decl":{"start":{"line":82,"column":13},"end":{"line":82,"column":15}},"loc":{"start":{"line":82,"column":23},"end":{"line":82,"column":null}}},"18":{"name":"(anonymous_18)","decl":{"start":{"line":87,"column":11},"end":{"line":87,"column":17}},"loc":{"start":{"line":87,"column":48},"end":{"line":89,"column":5}}},"19":{"name":"(anonymous_19)","decl":{"start":{"line":90,"column":11},"end":{"line":90,"column":15}},"loc":{"start":{"line":90,"column":27},"end":{"line":98,"column":5}}},"20":{"name":"(anonymous_20)","decl":{"start":{"line":99,"column":11},"end":{"line":99,"column":19}},"loc":{"start":{"line":99,"column":31},"end":{"line":101,"column":5}}},"21":{"name":"(anonymous_21)","decl":{"start":{"line":105,"column":16},"end":{"line":105,"column":24}},"loc":{"start":{"line":105,"column":45},"end":{"line":109,"column":5}}},"22":{"name":"(anonymous_22)","decl":{"start":{"line":110,"column":4},"end":{"line":110,"column":9}},"loc":{"start":{"line":110,"column":12},"end":{"line":112,"column":5}}}},"branchMap":{"0":{"loc":{"start":{"line":14,"column":12},"end":{"line":18,"column":13}},"type":"if","locations":[{"start":{"line":14,"column":12},"end":{"line":18,"column":13}}]},"1":{"loc":{"start":{"line":28,"column":12},"end":{"line":34,"column":13}},"type":"if","locations":[{"start":{"line":28,"column":12},"end":{"line":34,"column":13}},{"start":{"line":30,"column":19},"end":{"line":34,"column":13}}]},"2":{"loc":{"start":{"line":39,"column":8},"end":{"line":42,"column":9}},"type":"if","locations":[{"start":{"line":39,"column":8},"end":{"line":42,"column":9}}]},"3":{"loc":{"start":{"line":60,"column":15},"end":{"line":60,"column":71}},"type":"binary-expr","locations":[{"start":{"line":60,"column":15},"end":{"line":60,"column":42}},{"start":{"line":60,"column":46},"end":{"line":60,"column":71}}]},"4":{"loc":{"start":{"line":91,"column":8},"end":{"line":97,"column":9}},"type":"if","locations":[{"start":{"line":91,"column":8},"end":{"line":97,"column":9}},{"start":{"line":93,"column":15},"end":{"line":97,"column":9}}]},"5":{"loc":{"start":{"line":93,"column":15},"end":{"line":97,"column":9}},"type":"if","locations":[{"start":{"line":93,"column":15},"end":{"line":97,"column":9}},{"start":{"line":95,"column":15},"end":{"line":97,"column":9}}]}},"s":{"0":1,"1":1,"2":0,"3":1,"4":0,"5":0,"6":0,"7":0,"8":1,"9":0,"10":1,"11":0,"12":0,"13":0,"14":0,"15":0,"16":0,"17":0,"18":0,"19":0,"20":0,"21":1,"22":0,"23":0,"24":0,"25":0,"26":0,"27":0,"28":0,"29":0,"30":0,"31":0,"32":0,"33":0,"34":0,"35":0,"36":0,"37":0,"38":0,"39":0,"40":0,"41":0,"42":0,"43":0,"44":0,"45":0},"f":{"0":1,"1":1,"2":0,"3":0,"4":0,"5":0,"6":0,"7":0,"8":0,"9":0,"10":0,"11":0,"12":0,"13":0,"14":0,"15":0,"16":0,"17":0,"18":0,"19":0,"20":0,"21":0,"22":0},"b":{"0":[0],"1":[0,0],"2":[0],"3":[0,0],"4":[0,0],"5":[0,0]}}
,"/home/wycats/Code/Starbeam/library/@starbeam/core/dist/src/decorator/reactive.js": {"path":"/home/wycats/Code/Starbeam/library/@starbeam/core/dist/src/decorator/reactive.js","statementMap":{"0":{"start":{"line":5,"column":21},"end":{"line":20,"column":1}},"1":{"start":{"line":6,"column":4},"end":{"line":8,"column":5}},"2":{"start":{"line":7,"column":8},"end":{"line":7,"column":null}},"3":{"start":{"line":9,"column":17},"end":{"line":9,"column":null}},"4":{"start":{"line":10,"column":4},"end":{"line":19,"column":null}},"5":{"start":{"line":14,"column":12},"end":{"line":14,"column":null}},"6":{"start":{"line":17,"column":12},"end":{"line":17,"column":null}},"7":{"start":{"line":21,"column":19},"end":{"line":39,"column":1}},"8":{"start":{"line":22,"column":49},"end":{"line":22,"column":59}},"9":{"start":{"line":23,"column":90},"end":{"line":23,"column":null}},"10":{"start":{"line":25,"column":19},"end":{"line":25,"column":null}},"11":{"start":{"line":26,"column":4},"end":{"line":38,"column":null}},"12":{"start":{"line":30,"column":23},"end":{"line":30,"column":null}},"13":{"start":{"line":31,"column":12},"end":{"line":35,"column":13}},"14":{"start":{"line":32,"column":16},"end":{"line":33,"column":null}},"15":{"start":{"line":32,"column":32},"end":{"line":32,"column":null}},"16":{"start":{"line":34,"column":16},"end":{"line":34,"column":null}},"17":{"start":{"line":36,"column":12},"end":{"line":36,"column":null}}},"fnMap":{"0":{"name":"(anonymous_0)","decl":{"start":{"line":5,"column":21},"end":{"line":5,"column":25}},"loc":{"start":{"line":5,"column":51},"end":{"line":20,"column":1}}},"1":{"name":"(anonymous_1)","decl":{"start":{"line":13,"column":13},"end":{"line":13,"column":21}},"loc":{"start":{"line":13,"column":24},"end":{"line":15,"column":9}}},"2":{"name":"(anonymous_2)","decl":{"start":{"line":16,"column":13},"end":{"line":16,"column":21}},"loc":{"start":{"line":16,"column":29},"end":{"line":18,"column":9}}},"3":{"name":"(anonymous_3)","decl":{"start":{"line":21,"column":19},"end":{"line":21,"column":23}},"loc":{"start":{"line":21,"column":50},"end":{"line":39,"column":1}}},"4":{"name":"(anonymous_4)","decl":{"start":{"line":23,"column":85},"end":{"line":23,"column":90}},"loc":{"start":{"line":23,"column":90},"end":{"line":23,"column":null}}},"5":{"name":"(anonymous_5)","decl":{"start":{"line":29,"column":13},"end":{"line":29,"column":21}},"loc":{"start":{"line":29,"column":24},"end":{"line":37,"column":9}}},"6":{"name":"(anonymous_6)","decl":{"start":{"line":32,"column":27},"end":{"line":32,"column":32}},"loc":{"start":{"line":32,"column":32},"end":{"line":32,"column":null}}}},"branchMap":{"0":{"loc":{"start":{"line":6,"column":4},"end":{"line":8,"column":5}},"type":"if","locations":[{"start":{"line":6,"column":4},"end":{"line":8,"column":5}}]},"1":{"loc":{"start":{"line":23,"column":90},"end":{"line":23,"column":null}},"type":"cond-expr","locations":[{"start":{"line":23,"column":128},"end":{"line":23,"column":145}},{"start":{"line":23,"column":140},"end":{"line":23,"column":null}}]},"2":{"loc":{"start":{"line":31,"column":12},"end":{"line":35,"column":13}},"type":"if","locations":[{"start":{"line":31,"column":12},"end":{"line":35,"column":13}}]}},"s":{"0":1,"1":0,"2":0,"3":0,"4":0,"5":0,"6":0,"7":1,"8":0,"9":0,"10":0,"11":0,"12":0,"13":0,"14":0,"15":0,"16":0,"17":0},"f":{"0":0,"1":0,"2":0,"3":0,"4":0,"5":0,"6":0},"b":{"0":[0],"1":[0,0],"2":[0]}}
,"/home/wycats/Code/Starbeam/library/@starbeam/core/dist/src/glue/sync.js": {"path":"/home/wycats/Code/Starbeam/library/@starbeam/core/dist/src/glue/sync.js","statementMap":{"0":{"start":{"line":11,"column":8},"end":{"line":17,"column":null}},"1":{"start":{"line":12,"column":35},"end":{"line":12,"column":40}},"2":{"start":{"line":14,"column":37},"end":{"line":14,"column":42}},"3":{"start":{"line":16,"column":40},"end":{"line":16,"column":45}},"4":{"start":{"line":20,"column":21},"end":{"line":26,"column":null}},"5":{"start":{"line":21,"column":30},"end":{"line":21,"column":null}},"6":{"start":{"line":23,"column":30},"end":{"line":23,"column":null}},"7":{"start":{"line":25,"column":32},"end":{"line":25,"column":null}},"8":{"start":{"line":27,"column":8},"end":{"line":29,"column":null}},"9":{"start":{"line":33,"column":43},"end":{"line":33,"column":null}},"10":{"start":{"line":35,"column":4},"end":{"line":35,"column":null}},"11":{"start":{"line":36,"column":4},"end":{"line":36,"column":null}},"12":{"start":{"line":63,"column":25},"end":{"line":63,"column":null}},"13":{"start":{"line":64,"column":4},"end":{"line":68,"column":5}},"14":{"start":{"line":65,"column":8},"end":{"line":65,"column":null}},"15":{"start":{"line":67,"column":8},"end":{"line":67,"column":null}},"16":{"start":{"line":72,"column":8},"end":{"line":72,"column":null}},"17":{"start":{"line":76,"column":24},"end":{"line":76,"column":null}},"18":{"start":{"line":78,"column":8},"end":{"line":79,"column":null}},"19":{"start":{"line":80,"column":8},"end":{"line":80,"column":null}},"20":{"start":{"line":136,"column":25},"end":{"line":136,"column":null}},"21":{"start":{"line":137,"column":29},"end":{"line":137,"column":null}},"22":{"start":{"line":138,"column":29},"end":{"line":139,"column":null}},"23":{"start":{"line":138,"column":96},"end":{"line":138,"column":null}},"24":{"start":{"line":140,"column":8},"end":{"line":140,"column":null}},"25":{"start":{"line":148,"column":8},"end":{"line":166,"column":null}},"26":{"start":{"line":149,"column":25},"end":{"line":149,"column":35}},"27":{"start":{"line":150,"column":29},"end":{"line":150,"column":51}},"28":{"start":{"line":151,"column":28},"end":{"line":151,"column":null}},"29":{"start":{"line":152,"column":12},"end":{"line":152,"column":null}},"30":{"start":{"line":153,"column":12},"end":{"line":153,"column":null}},"31":{"start":{"line":154,"column":12},"end":{"line":165,"column":13}},"32":{"start":{"line":155,"column":16},"end":{"line":155,"column":null}},"33":{"start":{"line":156,"column":16},"end":{"line":156,"column":null}},"34":{"start":{"line":157,"column":19},"end":{"line":165,"column":13}},"35":{"start":{"line":158,"column":16},"end":{"line":158,"column":null}},"36":{"start":{"line":160,"column":16},"end":{"line":160,"column":null}},"37":{"start":{"line":161,"column":16},"end":{"line":164,"column":null}},"38":{"start":{"line":167,"column":8},"end":{"line":171,"column":null}},"39":{"start":{"line":168,"column":12},"end":{"line":170,"column":13}},"40":{"start":{"line":169,"column":16},"end":{"line":169,"column":null}},"41":{"start":{"line":172,"column":8},"end":{"line":172,"column":null}},"42":{"start":{"line":173,"column":8},"end":{"line":173,"column":null}},"43":{"start":{"line":174,"column":8},"end":{"line":174,"column":null}},"44":{"start":{"line":175,"column":8},"end":{"line":175,"column":null}},"45":{"start":{"line":176,"column":8},"end":{"line":176,"column":null}},"46":{"start":{"line":179,"column":8},"end":{"line":185,"column":null}},"47":{"start":{"line":188,"column":8},"end":{"line":194,"column":9}},"48":{"start":{"line":189,"column":12},"end":{"line":193,"column":13}},"49":{"start":{"line":190,"column":16},"end":{"line":190,"column":null}},"50":{"start":{"line":191,"column":16},"end":{"line":191,"column":null}},"51":{"start":{"line":192,"column":16},"end":{"line":192,"column":null}},"52":{"start":{"line":195,"column":8},"end":{"line":201,"column":9}},"53":{"start":{"line":196,"column":12},"end":{"line":200,"column":13}},"54":{"start":{"line":197,"column":16},"end":{"line":197,"column":null}},"55":{"start":{"line":198,"column":31},"end":{"line":198,"column":null}},"56":{"start":{"line":199,"column":16},"end":{"line":199,"column":null}}},"fnMap":{"0":{"name":"(anonymous_0)","decl":{"start":{"line":10,"column":8},"end":{"line":10,"column":13}},"loc":{"start":{"line":10,"column":16},"end":{"line":18,"column":5}}},"1":{"name":"(anonymous_1)","decl":{"start":{"line":12,"column":24},"end":{"line":12,"column":27}},"loc":{"start":{"line":12,"column":35},"end":{"line":12,"column":40}}},"2":{"name":"(anonymous_2)","decl":{"start":{"line":14,"column":26},"end":{"line":14,"column":29}},"loc":{"start":{"line":14,"column":37},"end":{"line":14,"column":42}}},"3":{"name":"(anonymous_3)","decl":{"start":{"line":16,"column":24},"end":{"line":16,"column":27}},"loc":{"start":{"line":16,"column":40},"end":{"line":16,"column":45}}},"4":{"name":"(anonymous_4)","decl":{"start":{"line":19,"column":5},"end":{"line":19,"column":12}},"loc":{"start":{"line":19,"column":16},"end":{"line":30,"column":5}}},"5":{"name":"(anonymous_5)","decl":{"start":{"line":21,"column":24},"end":{"line":21,"column":30}},"loc":{"start":{"line":21,"column":30},"end":{"line":21,"column":null}}},"6":{"name":"(anonymous_6)","decl":{"start":{"line":23,"column":24},"end":{"line":23,"column":30}},"loc":{"start":{"line":23,"column":30},"end":{"line":23,"column":null}}},"7":{"name":"(anonymous_7)","decl":{"start":{"line":25,"column":26},"end":{"line":25,"column":32}},"loc":{"start":{"line":25,"column":32},"end":{"line":25,"column":null}}},"8":{"name":"initialize","decl":{"start":{"line":32,"column":9},"end":{"line":32,"column":19}},"loc":{"start":{"line":32,"column":34},"end":{"line":37,"column":1}}},"9":{"name":"(anonymous_9)","decl":{"start":{"line":33,"column":37},"end":{"line":33,"column":43}},"loc":{"start":{"line":33,"column":43},"end":{"line":33,"column":null}}},"10":{"name":"subscribe","decl":{"start":{"line":62,"column":20},"end":{"line":62,"column":29}},"loc":{"start":{"line":62,"column":134},"end":{"line":69,"column":1}}},"11":{"name":"(anonymous_11)","decl":{"start":{"line":71,"column":11},"end":{"line":71,"column":17}},"loc":{"start":{"line":71,"column":25},"end":{"line":73,"column":5}}},"12":{"name":"(anonymous_12)","decl":{"start":{"line":75,"column":16},"end":{"line":75,"column":21}},"loc":{"start":{"line":75,"column":22},"end":{"line":81,"column":5}}},"13":{"name":"(anonymous_13)","decl":{"start":{"line":76,"column":17},"end":{"line":76,"column":24}},"loc":{"start":{"line":76,"column":24},"end":{"line":76,"column":null}}},"14":{"name":"(anonymous_14)","decl":{"start":{"line":78,"column":24},"end":{"line":78,"column":31}},"loc":{"start":{"line":78,"column":31},"end":{"line":79,"column":20}}},"15":{"name":"(anonymous_15)","decl":{"start":{"line":135,"column":11},"end":{"line":135,"column":17}},"loc":{"start":{"line":135,"column":48},"end":{"line":141,"column":5}}},"16":{"name":"(anonymous_16)","decl":{"start":{"line":138,"column":90},"end":{"line":138,"column":96}},"loc":{"start":{"line":138,"column":96},"end":{"line":138,"column":null}}},"17":{"name":"(anonymous_17)","decl":{"start":{"line":147,"column":16},"end":{"line":147,"column":21}},"loc":{"start":{"line":147,"column":63},"end":{"line":177,"column":5}}},"18":{"name":"(anonymous_18)","decl":{"start":{"line":148,"column":17},"end":{"line":148,"column":24}},"loc":{"start":{"line":148,"column":24},"end":{"line":166,"column":9}}},"19":{"name":"(anonymous_19)","decl":{"start":{"line":167,"column":24},"end":{"line":167,"column":31}},"loc":{"start":{"line":167,"column":31},"end":{"line":171,"column":9}}},"20":{"name":"(anonymous_20)","decl":{"start":{"line":178,"column":5},"end":{"line":178,"column":12}},"loc":{"start":{"line":178,"column":16},"end":{"line":186,"column":5}}}},"branchMap":{"0":{"loc":{"start":{"line":62,"column":47},"end":{"line":62,"column":134}},"type":"default-arg","locations":[{"start":{"line":62,"column":58},"end":{"line":62,"column":134}}]},"1":{"loc":{"start":{"line":64,"column":4},"end":{"line":68,"column":5}},"type":"if","locations":[{"start":{"line":64,"column":4},"end":{"line":68,"column":5}},{"start":{"line":66,"column":11},"end":{"line":68,"column":5}}]},"2":{"loc":{"start":{"line":64,"column":8},"end":{"line":64,"column":64}},"type":"binary-expr","locations":[{"start":{"line":64,"column":8},"end":{"line":64,"column":39}},{"start":{"line":64,"column":39},"end":{"line":64,"column":64}}]},"3":{"loc":{"start":{"line":154,"column":12},"end":{"line":165,"column":13}},"type":"if","locations":[{"start":{"line":154,"column":12},"end":{"line":165,"column":13}},{"start":{"line":157,"column":19},"end":{"line":165,"column":13}}]},"4":{"loc":{"start":{"line":157,"column":19},"end":{"line":165,"column":13}},"type":"if","locations":[{"start":{"line":157,"column":19},"end":{"line":165,"column":13}},{"start":{"line":159,"column":19},"end":{"line":165,"column":13}}]},"5":{"loc":{"start":{"line":189,"column":12},"end":{"line":193,"column":13}},"type":"if","locations":[{"start":{"line":189,"column":12},"end":{"line":193,"column":13}}]},"6":{"loc":{"start":{"line":196,"column":12},"end":{"line":200,"column":13}},"type":"if","locations":[{"start":{"line":196,"column":12},"end":{"line":200,"column":13}}]}},"s":{"0":0,"1":0,"2":0,"3":0,"4":0,"5":0,"6":0,"7":0,"8":0,"9":0,"10":0,"11":0,"12":0,"13":0,"14":0,"15":0,"16":0,"17":0,"18":0,"19":0,"20":0,"21":0,"22":0,"23":0,"24":0,"25":0,"26":0,"27":0,"28":0,"29":0,"30":0,"31":0,"32":0,"33":0,"34":0,"35":0,"36":0,"37":0,"38":0,"39":0,"40":0,"41":0,"42":0,"43":0,"44":0,"45":0,"46":0,"47":0,"48":0,"49":0,"50":0,"51":0,"52":0,"53":0,"54":0,"55":0,"56":0},"f":{"0":0,"1":0,"2":0,"3":0,"4":0,"5":0,"6":0,"7":0,"8":0,"9":0,"10":0,"11":0,"12":0,"13":0,"14":0,"15":0,"16":0,"17":0,"18":0,"19":0,"20":0},"b":{"0":[0],"1":[0,0],"2":[0,0],"3":[0,0],"4":[0,0],"5":[0],"6":[0]}}
,"/home/wycats/Code/Starbeam/library/@starbeam/core/dist/src/hooks/simple.js": {"path":"/home/wycats/Code/Starbeam/library/@starbeam/core/dist/src/hooks/simple.js","statementMap":{"0":{"start":{"line":12,"column":8},"end":{"line":12,"column":null}},"1":{"start":{"line":15,"column":8},"end":{"line":15,"column":null}},"2":{"start":{"line":16,"column":8},"end":{"line":16,"column":null}},"3":{"start":{"line":19,"column":19},"end":{"line":19,"column":null}},"4":{"start":{"line":23,"column":8},"end":{"line":24,"column":null}},"5":{"start":{"line":23,"column":24},"end":{"line":23,"column":44}},"6":{"start":{"line":28,"column":18},"end":{"line":28,"column":19}},"7":{"start":{"line":30,"column":8},"end":{"line":30,"column":null}},"8":{"start":{"line":33,"column":19},"end":{"line":33,"column":23}},"9":{"start":{"line":37,"column":8},"end":{"line":51,"column":null}},"10":{"start":{"line":38,"column":12},"end":{"line":40,"column":13}},"11":{"start":{"line":39,"column":16},"end":{"line":39,"column":null}},"12":{"start":{"line":43,"column":12},"end":{"line":43,"column":null}},"13":{"start":{"line":48,"column":12},"end":{"line":48,"column":null}},"14":{"start":{"line":50,"column":12},"end":{"line":50,"column":null}},"15":{"start":{"line":58,"column":39},"end":{"line":58,"column":null}},"16":{"start":{"line":60,"column":8},"end":{"line":60,"column":null}},"17":{"start":{"line":61,"column":8},"end":{"line":61,"column":null}},"18":{"start":{"line":62,"column":8},"end":{"line":62,"column":null}},"19":{"start":{"line":63,"column":8},"end":{"line":63,"column":null}},"20":{"start":{"line":66,"column":8},"end":{"line":70,"column":9}},"21":{"start":{"line":67,"column":12},"end":{"line":67,"column":null}},"22":{"start":{"line":69,"column":12},"end":{"line":69,"column":null}},"23":{"start":{"line":73,"column":8},"end":{"line":73,"column":null}},"24":{"start":{"line":76,"column":8},"end":{"line":76,"column":null}},"25":{"start":{"line":77,"column":8},"end":{"line":77,"column":null}},"26":{"start":{"line":80,"column":19},"end":{"line":80,"column":null}},"27":{"start":{"line":84,"column":8},"end":{"line":85,"column":null}},"28":{"start":{"line":84,"column":24},"end":{"line":84,"column":44}},"29":{"start":{"line":88,"column":8},"end":{"line":88,"column":null}},"30":{"start":{"line":91,"column":8},"end":{"line":91,"column":null}},"31":{"start":{"line":94,"column":8},"end":{"line":94,"column":null}}},"fnMap":{"0":{"name":"(anonymous_0)","decl":{"start":{"line":11,"column":11},"end":{"line":11,"column":17}},"loc":{"start":{"line":11,"column":42},"end":{"line":13,"column":5}}},"1":{"name":"(anonymous_1)","decl":{"start":{"line":14,"column":16},"end":{"line":14,"column":25}},"loc":{"start":{"line":14,"column":39},"end":{"line":17,"column":5}}},"2":{"name":"(anonymous_2)","decl":{"start":{"line":18,"column":4},"end":{"line":18,"column":10}},"loc":{"start":{"line":18,"column":13},"end":{"line":25,"column":5}}},"3":{"name":"(anonymous_3)","decl":{"start":{"line":23,"column":19},"end":{"line":23,"column":24}},"loc":{"start":{"line":23,"column":24},"end":{"line":23,"column":44}}},"4":{"name":"(anonymous_4)","decl":{"start":{"line":29,"column":11},"end":{"line":29,"column":17}},"loc":{"start":{"line":29,"column":41},"end":{"line":31,"column":5}}},"5":{"name":"(anonymous_5)","decl":{"start":{"line":32,"column":11},"end":{"line":32,"column":20}},"loc":{"start":{"line":32,"column":32},"end":{"line":52,"column":5}}},"6":{"name":"(anonymous_6)","decl":{"start":{"line":37,"column":19},"end":{"line":37,"column":24}},"loc":{"start":{"line":37,"column":24},"end":{"line":51,"column":9}}},"7":{"name":"(anonymous_7)","decl":{"start":{"line":57,"column":16},"end":{"line":57,"column":24}},"loc":{"start":{"line":57,"column":50},"end":{"line":64,"column":5}}},"8":{"name":"(anonymous_8)","decl":{"start":{"line":58,"column":33},"end":{"line":58,"column":39}},"loc":{"start":{"line":58,"column":39},"end":{"line":58,"column":null}}},"9":{"name":"(anonymous_9)","decl":{"start":{"line":65,"column":9},"end":{"line":65,"column":17}},"loc":{"start":{"line":65,"column":21},"end":{"line":71,"column":5}}},"10":{"name":"(anonymous_10)","decl":{"start":{"line":72,"column":8},"end":{"line":72,"column":19}},"loc":{"start":{"line":72,"column":22},"end":{"line":74,"column":5}}},"11":{"name":"(anonymous_11)","decl":{"start":{"line":75,"column":4},"end":{"line":75,"column":13}},"loc":{"start":{"line":75,"column":25},"end":{"line":78,"column":5}}},"12":{"name":"(anonymous_12)","decl":{"start":{"line":79,"column":4},"end":{"line":79,"column":7}},"loc":{"start":{"line":79,"column":19},"end":{"line":86,"column":5}}},"13":{"name":"(anonymous_13)","decl":{"start":{"line":84,"column":19},"end":{"line":84,"column":24}},"loc":{"start":{"line":84,"column":24},"end":{"line":84,"column":44}}},"14":{"name":"(anonymous_14)","decl":{"start":{"line":90,"column":8},"end":{"line":90,"column":15}},"loc":{"start":{"line":90,"column":18},"end":{"line":92,"column":5}}},"15":{"name":"(anonymous_15)","decl":{"start":{"line":93,"column":4},"end":{"line":93,"column":8}},"loc":{"start":{"line":93,"column":11},"end":{"line":95,"column":5}}}},"branchMap":{"0":{"loc":{"start":{"line":38,"column":12},"end":{"line":40,"column":13}},"type":"if","locations":[{"start":{"line":38,"column":12},"end":{"line":40,"column":13}}]},"1":{"loc":{"start":{"line":66,"column":8},"end":{"line":70,"column":9}},"type":"if","locations":[{"start":{"line":66,"column":8},"end":{"line":70,"column":9}},{"start":{"line":68,"column":15},"end":{"line":70,"column":9}}]}},"s":{"0":0,"1":0,"2":0,"3":0,"4":0,"5":0,"6":1,"7":0,"8":0,"9":0,"10":0,"11":0,"12":0,"13":0,"14":0,"15":0,"16":0,"17":0,"18":0,"19":0,"20":0,"21":0,"22":0,"23":0,"24":0,"25":0,"26":0,"27":0,"28":0,"29":0,"30":0,"31":0},"f":{"0":0,"1":0,"2":0,"3":0,"4":0,"5":0,"6":0,"7":0,"8":0,"9":0,"10":0,"11":0,"12":0,"13":0,"14":0,"15":0},"b":{"0":[0],"1":[0,0]}}
,"/home/wycats/Code/Starbeam/library/@starbeam/core/dist/src/program-node/hook.js": {"path":"/home/wycats/Code/Starbeam/library/@starbeam/core/dist/src/program-node/hook.js","statementMap":{"0":{"start":{"line":13,"column":8},"end":{"line":13,"column":null}},"1":{"start":{"line":16,"column":8},"end":{"line":16,"column":null}},"2":{"start":{"line":20,"column":8},"end":{"line":20,"column":null}},"3":{"start":{"line":23,"column":8},"end":{"line":23,"column":null}},"4":{"start":{"line":24,"column":8},"end":{"line":24,"column":null}},"5":{"start":{"line":29,"column":8},"end":{"line":29,"column":null}},"6":{"start":{"line":34,"column":8},"end":{"line":34,"column":null}},"7":{"start":{"line":39,"column":8},"end":{"line":39,"column":null}},"8":{"start":{"line":40,"column":8},"end":{"line":40,"column":null}},"9":{"start":{"line":41,"column":8},"end":{"line":41,"column":null}},"10":{"start":{"line":44,"column":8},"end":{"line":44,"column":null}},"11":{"start":{"line":47,"column":8},"end":{"line":47,"column":null}},"12":{"start":{"line":52,"column":8},"end":{"line":52,"column":null}},"13":{"start":{"line":57,"column":8},"end":{"line":57,"column":null}},"14":{"start":{"line":58,"column":8},"end":{"line":58,"column":null}},"15":{"start":{"line":61,"column":8},"end":{"line":61,"column":null}},"16":{"start":{"line":67,"column":8},"end":{"line":75,"column":null}},"17":{"start":{"line":68,"column":25},"end":{"line":68,"column":43}},"18":{"start":{"line":69,"column":32},"end":{"line":69,"column":null}},"19":{"start":{"line":70,"column":12},"end":{"line":70,"column":null}},"20":{"start":{"line":71,"column":12},"end":{"line":71,"column":null}},"21":{"start":{"line":72,"column":12},"end":{"line":74,"column":null}},"22":{"start":{"line":73,"column":16},"end":{"line":73,"column":null}}},"fnMap":{"0":{"name":"(anonymous_0)","decl":{"start":{"line":12,"column":11},"end":{"line":12,"column":17}},"loc":{"start":{"line":12,"column":20},"end":{"line":14,"column":5}}},"1":{"name":"(anonymous_1)","decl":{"start":{"line":15,"column":20},"end":{"line":15,"column":28}},"loc":{"start":{"line":15,"column":48},"end":{"line":17,"column":5}}},"2":{"name":"(anonymous_2)","decl":{"start":{"line":19,"column":16},"end":{"line":19,"column":21}},"loc":{"start":{"line":19,"column":22},"end":{"line":21,"column":5}}},"3":{"name":"(anonymous_3)","decl":{"start":{"line":22,"column":8},"end":{"line":22,"column":15}},"loc":{"start":{"line":22,"column":18},"end":{"line":25,"column":5}}},"4":{"name":"(anonymous_4)","decl":{"start":{"line":28,"column":11},"end":{"line":28,"column":17}},"loc":{"start":{"line":28,"column":20},"end":{"line":30,"column":5}}},"5":{"name":"(anonymous_5)","decl":{"start":{"line":33,"column":11},"end":{"line":33,"column":17}},"loc":{"start":{"line":33,"column":34},"end":{"line":35,"column":5}}},"6":{"name":"(anonymous_6)","decl":{"start":{"line":38,"column":16},"end":{"line":38,"column":24}},"loc":{"start":{"line":38,"column":31},"end":{"line":42,"column":5}}},"7":{"name":"(anonymous_7)","decl":{"start":{"line":43,"column":9},"end":{"line":43,"column":17}},"loc":{"start":{"line":43,"column":21},"end":{"line":45,"column":5}}},"8":{"name":"(anonymous_8)","decl":{"start":{"line":46,"column":4},"end":{"line":46,"column":10}},"loc":{"start":{"line":46,"column":13},"end":{"line":48,"column":5}}},"9":{"name":"(anonymous_9)","decl":{"start":{"line":51,"column":11},"end":{"line":51,"column":17}},"loc":{"start":{"line":51,"column":34},"end":{"line":53,"column":5}}},"10":{"name":"(anonymous_10)","decl":{"start":{"line":56,"column":16},"end":{"line":56,"column":24}},"loc":{"start":{"line":56,"column":31},"end":{"line":59,"column":5}}},"11":{"name":"(anonymous_11)","decl":{"start":{"line":60,"column":9},"end":{"line":60,"column":17}},"loc":{"start":{"line":60,"column":21},"end":{"line":62,"column":5}}},"12":{"name":"(anonymous_12)","decl":{"start":{"line":63,"column":4},"end":{"line":63,"column":14}},"loc":{"start":{"line":63,"column":24},"end":{"line":65,"column":5}}},"13":{"name":"(anonymous_13)","decl":{"start":{"line":66,"column":4},"end":{"line":66,"column":8}},"loc":{"start":{"line":66,"column":17},"end":{"line":76,"column":5}}},"14":{"name":"(anonymous_14)","decl":{"start":{"line":67,"column":51},"end":{"line":67,"column":57}},"loc":{"start":{"line":67,"column":57},"end":{"line":75,"column":9}}},"15":{"name":"(anonymous_15)","decl":{"start":{"line":72,"column":90},"end":{"line":72,"column":97}},"loc":{"start":{"line":72,"column":97},"end":{"line":74,"column":13}}}},"branchMap":{},"s":{"0":0,"1":0,"2":0,"3":0,"4":0,"5":0,"6":0,"7":0,"8":0,"9":0,"10":0,"11":0,"12":0,"13":0,"14":0,"15":0,"16":0,"17":0,"18":0,"19":0,"20":0,"21":0,"22":0},"f":{"0":0,"1":0,"2":0,"3":0,"4":0,"5":0,"6":0,"7":0,"8":0,"9":0,"10":0,"11":0,"12":0,"13":0,"14":0,"15":0},"b":{}}
,"/home/wycats/Code/Starbeam/library/@starbeam/core/dist/src/reactive/builtins/array.js": {"path":"/home/wycats/Code/Starbeam/library/@starbeam/core/dist/src/reactive/builtins/array.js","statementMap":{"0":{"start":{"line":3,"column":29},"end":{"line":26,"column":null}},"1":{"start":{"line":28,"column":4},"end":{"line":28,"column":null}},"2":{"start":{"line":28,"column":34},"end":{"line":28,"column":null}},"3":{"start":{"line":29,"column":16},"end":{"line":29,"column":null}},"4":{"start":{"line":30,"column":4},"end":{"line":30,"column":null}},"5":{"start":{"line":30,"column":20},"end":{"line":30,"column":null}},"6":{"start":{"line":31,"column":4},"end":{"line":31,"column":null}},"7":{"start":{"line":35,"column":8},"end":{"line":35,"column":null}},"8":{"start":{"line":38,"column":8},"end":{"line":38,"column":null}},"9":{"start":{"line":41,"column":22},"end":{"line":41,"column":null}},"10":{"start":{"line":43,"column":21},"end":{"line":43,"column":25}},"11":{"start":{"line":44,"column":25},"end":{"line":44,"column":null}},"12":{"start":{"line":45,"column":8},"end":{"line":83,"column":null}},"13":{"start":{"line":47,"column":30},"end":{"line":47,"column":null}},"14":{"start":{"line":48,"column":16},"end":{"line":64,"column":17}},"15":{"start":{"line":49,"column":20},"end":{"line":49,"column":null}},"16":{"start":{"line":50,"column":20},"end":{"line":50,"column":null}},"17":{"start":{"line":51,"column":20},"end":{"line":51,"column":null}},"18":{"start":{"line":52,"column":23},"end":{"line":64,"column":17}},"19":{"start":{"line":53,"column":20},"end":{"line":53,"column":null}},"20":{"start":{"line":54,"column":23},"end":{"line":64,"column":17}},"21":{"start":{"line":55,"column":29},"end":{"line":55,"column":null}},"22":{"start":{"line":56,"column":20},"end":{"line":62,"column":21}},"23":{"start":{"line":57,"column":24},"end":{"line":60,"column":null}},"24":{"start":{"line":58,"column":28},"end":{"line":58,"column":null}},"25":{"start":{"line":59,"column":28},"end":{"line":59,"column":null}},"26":{"start":{"line":61,"column":24},"end":{"line":61,"column":null}},"27":{"start":{"line":63,"column":20},"end":{"line":63,"column":null}},"28":{"start":{"line":65,"column":16},"end":{"line":65,"column":null}},"29":{"start":{"line":68,"column":16},"end":{"line":68,"column":null}},"30":{"start":{"line":69,"column":30},"end":{"line":69,"column":null}},"31":{"start":{"line":70,"column":16},"end":{"line":77,"column":17}},"32":{"start":{"line":71,"column":20},"end":{"line":71,"column":null}},"33":{"start":{"line":72,"column":23},"end":{"line":77,"column":17}},"34":{"start":{"line":73,"column":31},"end":{"line":73,"column":null}},"35":{"start":{"line":74,"column":20},"end":{"line":74,"column":null}},"36":{"start":{"line":75,"column":20},"end":{"line":75,"column":null}},"37":{"start":{"line":76,"column":20},"end":{"line":76,"column":null}},"38":{"start":{"line":78,"column":16},"end":{"line":78,"column":null}},"39":{"start":{"line":81,"column":16},"end":{"line":81,"column":null}},"40":{"start":{"line":85,"column":14},"end":{"line":85,"column":null}},"41":{"start":{"line":86,"column":22},"end":{"line":86,"column":null}},"42":{"start":{"line":88,"column":24},"end":{"line":88,"column":44}},"43":{"start":{"line":89,"column":21},"end":{"line":89,"column":null}},"44":{"start":{"line":90,"column":8},"end":{"line":93,"column":9}},"45":{"start":{"line":91,"column":12},"end":{"line":91,"column":null}},"46":{"start":{"line":92,"column":12},"end":{"line":92,"column":null}},"47":{"start":{"line":94,"column":8},"end":{"line":94,"column":null}},"48":{"start":{"line":97,"column":8},"end":{"line":97,"column":null}},"49":{"start":{"line":100,"column":23},"end":{"line":100,"column":null}},"50":{"start":{"line":101,"column":8},"end":{"line":101,"column":null}},"51":{"start":{"line":104,"column":24},"end":{"line":104,"column":null}},"52":{"start":{"line":105,"column":8},"end":{"line":107,"column":9}},"53":{"start":{"line":106,"column":12},"end":{"line":106,"column":null}},"54":{"start":{"line":112,"column":0},"end":{"line":112,"column":null}}},"fnMap":{"0":{"name":"convertToInt","decl":{"start":{"line":27,"column":9},"end":{"line":27,"column":21}},"loc":{"start":{"line":27,"column":28},"end":{"line":32,"column":1}}},"1":{"name":"(anonymous_1)","decl":{"start":{"line":34,"column":11},"end":{"line":34,"column":15}},"loc":{"start":{"line":34,"column":42},"end":{"line":36,"column":5}}},"2":{"name":"(anonymous_2)","decl":{"start":{"line":37,"column":11},"end":{"line":37,"column":13}},"loc":{"start":{"line":37,"column":22},"end":{"line":39,"column":5}}},"3":{"name":"(anonymous_3)","decl":{"start":{"line":40,"column":16},"end":{"line":40,"column":19}},"loc":{"start":{"line":40,"column":25},"end":{"line":84,"column":5}}},"4":{"name":"(anonymous_4)","decl":{"start":{"line":46,"column":12},"end":{"line":46,"column":15}},"loc":{"start":{"line":46,"column":49},"end":{"line":66,"column":13}}},"5":{"name":"(anonymous_5)","decl":{"start":{"line":57,"column":26},"end":{"line":57,"column":33}},"loc":{"start":{"line":57,"column":40},"end":{"line":60,"column":25}}},"6":{"name":"(anonymous_6)","decl":{"start":{"line":67,"column":12},"end":{"line":67,"column":15}},"loc":{"start":{"line":67,"column":56},"end":{"line":79,"column":13}}},"7":{"name":"(anonymous_7)","decl":{"start":{"line":80,"column":12},"end":{"line":80,"column":26}},"loc":{"start":{"line":80,"column":30},"end":{"line":82,"column":13}}}},"branchMap":{"0":{"loc":{"start":{"line":28,"column":4},"end":{"line":28,"column":null}},"type":"if","locations":[{"start":{"line":28,"column":4},"end":{"line":28,"column":null}}]},"1":{"loc":{"start":{"line":30,"column":4},"end":{"line":30,"column":null}},"type":"if","locations":[{"start":{"line":30,"column":4},"end":{"line":30,"column":null}}]},"2":{"loc":{"start":{"line":31,"column":11},"end":{"line":31,"column":37}},"type":"cond-expr","locations":[{"start":{"line":31,"column":27},"end":{"line":31,"column":30}},{"start":{"line":31,"column":33},"end":{"line":31,"column":37}}]},"3":{"loc":{"start":{"line":35,"column":15},"end":{"line":35,"column":null}},"type":"cond-expr","locations":[{"start":{"line":35,"column":23},"end":{"line":35,"column":80}},{"start":{"line":35,"column":80},"end":{"line":35,"column":null}}]},"4":{"loc":{"start":{"line":40,"column":16},"end":{"line":40,"column":24}},"type":"default-arg","locations":[{"start":{"line":40,"column":22},"end":{"line":40,"column":24}}]},"5":{"loc":{"start":{"line":48,"column":16},"end":{"line":64,"column":17}},"type":"if","locations":[{"start":{"line":48,"column":16},"end":{"line":64,"column":17}},{"start":{"line":52,"column":23},"end":{"line":64,"column":17}}]},"6":{"loc":{"start":{"line":52,"column":23},"end":{"line":64,"column":17}},"type":"if","locations":[{"start":{"line":52,"column":23},"end":{"line":64,"column":17}},{"start":{"line":54,"column":23},"end":{"line":64,"column":17}}]},"7":{"loc":{"start":{"line":54,"column":23},"end":{"line":64,"column":17}},"type":"if","locations":[{"start":{"line":54,"column":23},"end":{"line":64,"column":17}}]},"8":{"loc":{"start":{"line":56,"column":20},"end":{"line":62,"column":21}},"type":"if","locations":[{"start":{"line":56,"column":20},"end":{"line":62,"column":21}}]},"9":{"loc":{"start":{"line":70,"column":16},"end":{"line":77,"column":17}},"type":"if","locations":[{"start":{"line":70,"column":16},"end":{"line":77,"column":17}},{"start":{"line":72,"column":23},"end":{"line":77,"column":17}}]},"10":{"loc":{"start":{"line":72,"column":23},"end":{"line":77,"column":17}},"type":"if","locations":[{"start":{"line":72,"column":23},"end":{"line":77,"column":17}}]},"11":{"loc":{"start":{"line":90,"column":8},"end":{"line":93,"column":9}},"type":"if","locations":[{"start":{"line":90,"column":8},"end":{"line":93,"column":9}}]},"12":{"loc":{"start":{"line":105,"column":8},"end":{"line":107,"column":9}},"type":"if","locations":[{"start":{"line":105,"column":8},"end":{"line":107,"column":9}}]}},"s":{"0":1,"1":0,"2":0,"3":0,"4":0,"5":0,"6":0,"7":0,"8":0,"9":0,"10":0,"11":0,"12":0,"13":0,"14":0,"15":0,"16":0,"17":0,"18":0,"19":0,"20":0,"21":0,"22":0,"23":0,"24":0,"25":0,"26":0,"27":0,"28":0,"29":0,"30":0,"31":0,"32":0,"33":0,"34":0,"35":0,"36":0,"37":0,"38":0,"39":0,"40":0,"41":0,"42":0,"43":0,"44":0,"45":0,"46":0,"47":0,"48":0,"49":0,"50":0,"51":0,"52":0,"53":0,"54":1},"f":{"0":0,"1":0,"2":0,"3":0,"4":0,"5":0,"6":0,"7":0},"b":{"0":[0],"1":[0],"2":[0,0],"3":[0,0],"4":[0],"5":[0,0],"6":[0,0],"7":[0],"8":[0],"9":[0,0],"10":[0],"11":[0],"12":[0]}}
,"/home/wycats/Code/Starbeam/library/@starbeam/core/dist/src/reactive/builtins/builtin.js": {"path":"/home/wycats/Code/Starbeam/library/@starbeam/core/dist/src/reactive/builtins/builtin.js","statementMap":{"0":{"start":{"line":7,"column":18},"end":{"line":15,"column":1}},"1":{"start":{"line":16,"column":16},"end":{"line":25,"column":null}},"2":{"start":{"line":29,"column":24},"end":{"line":29,"column":31}},"3":{"start":{"line":30,"column":4},"end":{"line":53,"column":5}},"4":{"start":{"line":32,"column":8},"end":{"line":32,"column":null}},"5":{"start":{"line":33,"column":8},"end":{"line":33,"column":null}},"6":{"start":{"line":34,"column":11},"end":{"line":53,"column":5}},"7":{"start":{"line":35,"column":8},"end":{"line":35,"column":null}},"8":{"start":{"line":36,"column":11},"end":{"line":53,"column":5}},"9":{"start":{"line":37,"column":8},"end":{"line":37,"column":null}},"10":{"start":{"line":38,"column":11},"end":{"line":53,"column":5}},"11":{"start":{"line":39,"column":8},"end":{"line":39,"column":null}},"12":{"start":{"line":40,"column":11},"end":{"line":53,"column":5}},"13":{"start":{"line":41,"column":8},"end":{"line":41,"column":null}},"14":{"start":{"line":42,"column":11},"end":{"line":53,"column":5}},"15":{"start":{"line":43,"column":8},"end":{"line":43,"column":null}},"16":{"start":{"line":44,"column":11},"end":{"line":53,"column":5}},"17":{"start":{"line":46,"column":8},"end":{"line":46,"column":null}},"18":{"start":{"line":47,"column":8},"end":{"line":47,"column":null}},"19":{"start":{"line":48,"column":11},"end":{"line":53,"column":5}},"20":{"start":{"line":49,"column":8},"end":{"line":49,"column":null}},"21":{"start":{"line":51,"column":8},"end":{"line":51,"column":null}},"22":{"start":{"line":52,"column":8},"end":{"line":52,"column":null}},"23":{"start":{"line":56,"column":4},"end":{"line":58,"column":5}},"24":{"start":{"line":57,"column":8},"end":{"line":57,"column":null}},"25":{"start":{"line":59,"column":4},"end":{"line":59,"column":null}},"26":{"start":{"line":62,"column":4},"end":{"line":64,"column":5}},"27":{"start":{"line":63,"column":8},"end":{"line":63,"column":null}},"28":{"start":{"line":65,"column":16},"end":{"line":65,"column":null}},"29":{"start":{"line":66,"column":4},"end":{"line":66,"column":null}}},"fnMap":{"0":{"name":"builtin","decl":{"start":{"line":26,"column":16},"end":{"line":26,"column":23}},"loc":{"start":{"line":28,"column":3},"end":{"line":54,"column":1}}},"1":{"name":"isPrimitive","decl":{"start":{"line":55,"column":9},"end":{"line":55,"column":20}},"loc":{"start":{"line":55,"column":28},"end":{"line":60,"column":1}}},"2":{"name":"isSimpleObject","decl":{"start":{"line":61,"column":9},"end":{"line":61,"column":23}},"loc":{"start":{"line":61,"column":31},"end":{"line":67,"column":1}}}},"branchMap":{"0":{"loc":{"start":{"line":26,"column":31},"end":{"line":28,"column":1}},"type":"default-arg","locations":[{"start":{"line":26,"column":38},"end":{"line":28,"column":1}}]},"1":{"loc":{"start":{"line":30,"column":4},"end":{"line":53,"column":5}},"type":"if","locations":[{"start":{"line":30,"column":4},"end":{"line":53,"column":5}},{"start":{"line":34,"column":11},"end":{"line":53,"column":5}}]},"2":{"loc":{"start":{"line":34,"column":11},"end":{"line":53,"column":5}},"type":"if","locations":[{"start":{"line":34,"column":11},"end":{"line":53,"column":5}},{"start":{"line":36,"column":11},"end":{"line":53,"column":5}}]},"3":{"loc":{"start":{"line":36,"column":11},"end":{"line":53,"column":5}},"type":"if","locations":[{"start":{"line":36,"column":11},"end":{"line":53,"column":5}},{"start":{"line":38,"column":11},"end":{"line":53,"column":5}}]},"4":{"loc":{"start":{"line":38,"column":11},"end":{"line":53,"column":5}},"type":"if","locations":[{"start":{"line":38,"column":11},"end":{"line":53,"column":5}},{"start":{"line":40,"column":11},"end":{"line":53,"column":5}}]},"5":{"loc":{"start":{"line":40,"column":11},"end":{"line":53,"column":5}},"type":"if","locations":[{"start":{"line":40,"column":11},"end":{"line":53,"column":5}},{"start":{"line":42,"column":11},"end":{"line":53,"column":5}}]},"6":{"loc":{"start":{"line":42,"column":11},"end":{"line":53,"column":5}},"type":"if","locations":[{"start":{"line":42,"column":11},"end":{"line":53,"column":5}},{"start":{"line":44,"column":11},"end":{"line":53,"column":5}}]},"7":{"loc":{"start":{"line":44,"column":11},"end":{"line":53,"column":5}},"type":"if","locations":[{"start":{"line":44,"column":11},"end":{"line":53,"column":5}},{"start":{"line":48,"column":11},"end":{"line":53,"column":5}}]},"8":{"loc":{"start":{"line":48,"column":11},"end":{"line":53,"column":5}},"type":"if","locations":[{"start":{"line":48,"column":11},"end":{"line":53,"column":5}},{"start":{"line":50,"column":11},"end":{"line":53,"column":5}}]},"9":{"loc":{"start":{"line":56,"column":4},"end":{"line":58,"column":5}},"type":"if","locations":[{"start":{"line":56,"column":4},"end":{"line":58,"column":5}}]},"10":{"loc":{"start":{"line":59,"column":11},"end":{"line":59,"column":null}},"type":"binary-expr","locations":[{"start":{"line":59,"column":11},"end":{"line":59,"column":40}},{"start":{"line":59,"column":40},"end":{"line":59,"column":null}}]},"11":{"loc":{"start":{"line":62,"column":4},"end":{"line":64,"column":5}},"type":"if","locations":[{"start":{"line":62,"column":4},"end":{"line":64,"column":5}}]},"12":{"loc":{"start":{"line":62,"column":8},"end":{"line":62,"column":51}},"type":"binary-expr","locations":[{"start":{"line":62,"column":8},"end":{"line":62,"column":37}},{"start":{"line":62,"column":37},"end":{"line":62,"column":51}}]},"13":{"loc":{"start":{"line":66,"column":11},"end":{"line":66,"column":55}},"type":"binary-expr","locations":[{"start":{"line":66,"column":11},"end":{"line":66,"column":25}},{"start":{"line":66,"column":29},"end":{"line":66,"column":55}}]}},"s":{"0":1,"1":1,"2":0,"3":0,"4":0,"5":0,"6":0,"7":0,"8":0,"9":0,"10":0,"11":0,"12":0,"13":0,"14":0,"15":0,"16":0,"17":0,"18":0,"19":0,"20":0,"21":0,"22":0,"23":0,"24":0,"25":0,"26":0,"27":0,"28":0,"29":0},"f":{"0":0,"1":0,"2":0},"b":{"0":[0],"1":[0,0],"2":[0,0],"3":[0,0],"4":[0,0],"5":[0,0],"6":[0,0],"7":[0,0],"8":[0,0],"9":[0],"10":[0,0],"11":[0],"12":[0,0],"13":[0,0]}}
,"/home/wycats/Code/Starbeam/library/@starbeam/core/dist/src/reactive/builtins/map.js": {"path":"/home/wycats/Code/Starbeam/library/@starbeam/core/dist/src/reactive/builtins/map.js","statementMap":{"0":{"start":{"line":3,"column":17},"end":{"line":3,"column":null}},"1":{"start":{"line":6,"column":8},"end":{"line":6,"column":null}},"2":{"start":{"line":8,"column":14},"end":{"line":8,"column":null}},"3":{"start":{"line":9,"column":20},"end":{"line":9,"column":null}},"4":{"start":{"line":12,"column":24},"end":{"line":12,"column":42}},"5":{"start":{"line":13,"column":21},"end":{"line":13,"column":null}},"6":{"start":{"line":14,"column":8},"end":{"line":17,"column":9}},"7":{"start":{"line":15,"column":12},"end":{"line":15,"column":null}},"8":{"start":{"line":16,"column":12},"end":{"line":16,"column":null}},"9":{"start":{"line":18,"column":8},"end":{"line":18,"column":null}},"10":{"start":{"line":21,"column":8},"end":{"line":21,"column":null}},"11":{"start":{"line":24,"column":23},"end":{"line":24,"column":null}},"12":{"start":{"line":25,"column":8},"end":{"line":25,"column":null}},"13":{"start":{"line":28,"column":23},"end":{"line":28,"column":null}},"14":{"start":{"line":29,"column":8},"end":{"line":31,"column":9}},"15":{"start":{"line":30,"column":12},"end":{"line":30,"column":null}},"16":{"start":{"line":34,"column":8},"end":{"line":42,"column":9}},"17":{"start":{"line":35,"column":26},"end":{"line":35,"column":30}},"18":{"start":{"line":36,"column":12},"end":{"line":36,"column":null}},"19":{"start":{"line":38,"column":29},"end":{"line":38,"column":33}},"20":{"start":{"line":41,"column":12},"end":{"line":41,"column":null}},"21":{"start":{"line":47,"column":8},"end":{"line":47,"column":null}},"22":{"start":{"line":48,"column":8},"end":{"line":48,"column":null}},"23":{"start":{"line":51,"column":8},"end":{"line":51,"column":null}},"24":{"start":{"line":52,"column":8},"end":{"line":52,"column":null}},"25":{"start":{"line":56,"column":8},"end":{"line":56,"column":null}},"26":{"start":{"line":57,"column":8},"end":{"line":57,"column":null}},"27":{"start":{"line":60,"column":8},"end":{"line":60,"column":null}},"28":{"start":{"line":61,"column":8},"end":{"line":61,"column":null}},"29":{"start":{"line":64,"column":8},"end":{"line":64,"column":null}},"30":{"start":{"line":65,"column":8},"end":{"line":65,"column":null}},"31":{"start":{"line":68,"column":8},"end":{"line":68,"column":null}},"32":{"start":{"line":69,"column":8},"end":{"line":69,"column":null}},"33":{"start":{"line":72,"column":8},"end":{"line":72,"column":null}},"34":{"start":{"line":73,"column":8},"end":{"line":73,"column":null}},"35":{"start":{"line":76,"column":8},"end":{"line":76,"column":null}},"36":{"start":{"line":77,"column":8},"end":{"line":77,"column":null}},"37":{"start":{"line":80,"column":8},"end":{"line":80,"column":null}},"38":{"start":{"line":84,"column":17},"end":{"line":84,"column":null}},"39":{"start":{"line":85,"column":8},"end":{"line":85,"column":null}},"40":{"start":{"line":86,"column":8},"end":{"line":86,"column":null}},"41":{"start":{"line":87,"column":8},"end":{"line":87,"column":null}},"42":{"start":{"line":88,"column":8},"end":{"line":88,"column":null}},"43":{"start":{"line":89,"column":8},"end":{"line":89,"column":null}},"44":{"start":{"line":92,"column":17},"end":{"line":92,"column":null}},"45":{"start":{"line":93,"column":8},"end":{"line":93,"column":null}},"46":{"start":{"line":94,"column":8},"end":{"line":94,"column":null}},"47":{"start":{"line":95,"column":8},"end":{"line":95,"column":null}},"48":{"start":{"line":96,"column":8},"end":{"line":96,"column":null}},"49":{"start":{"line":100,"column":17},"end":{"line":100,"column":null}},"50":{"start":{"line":101,"column":8},"end":{"line":101,"column":null}},"51":{"start":{"line":102,"column":8},"end":{"line":102,"column":null}},"52":{"start":{"line":103,"column":8},"end":{"line":103,"column":null}},"53":{"start":{"line":104,"column":8},"end":{"line":104,"column":null}},"54":{"start":{"line":108,"column":0},"end":{"line":108,"column":null}},"55":{"start":{"line":110,"column":20},"end":{"line":110,"column":null}},"56":{"start":{"line":113,"column":24},"end":{"line":113,"column":42}},"57":{"start":{"line":114,"column":21},"end":{"line":114,"column":null}},"58":{"start":{"line":115,"column":8},"end":{"line":118,"column":9}},"59":{"start":{"line":116,"column":12},"end":{"line":116,"column":null}},"60":{"start":{"line":117,"column":12},"end":{"line":117,"column":null}},"61":{"start":{"line":119,"column":8},"end":{"line":119,"column":null}},"62":{"start":{"line":122,"column":23},"end":{"line":122,"column":null}},"63":{"start":{"line":123,"column":8},"end":{"line":123,"column":null}},"64":{"start":{"line":126,"column":23},"end":{"line":126,"column":null}},"65":{"start":{"line":127,"column":8},"end":{"line":129,"column":9}},"66":{"start":{"line":128,"column":12},"end":{"line":128,"column":null}},"67":{"start":{"line":134,"column":8},"end":{"line":134,"column":null}},"68":{"start":{"line":137,"column":8},"end":{"line":137,"column":null}},"69":{"start":{"line":138,"column":8},"end":{"line":138,"column":null}},"70":{"start":{"line":141,"column":8},"end":{"line":141,"column":null}},"71":{"start":{"line":142,"column":8},"end":{"line":142,"column":null}},"72":{"start":{"line":145,"column":8},"end":{"line":145,"column":null}},"73":{"start":{"line":146,"column":8},"end":{"line":146,"column":null}},"74":{"start":{"line":147,"column":8},"end":{"line":147,"column":null}},"75":{"start":{"line":150,"column":8},"end":{"line":150,"column":null}},"76":{"start":{"line":151,"column":8},"end":{"line":151,"column":null}},"77":{"start":{"line":154,"column":8},"end":{"line":154,"column":null}},"78":{"start":{"line":158,"column":0},"end":{"line":158,"column":null}}},"fnMap":{"0":{"name":"(anonymous_0)","decl":{"start":{"line":5,"column":11},"end":{"line":5,"column":19}},"loc":{"start":{"line":5,"column":25},"end":{"line":7,"column":5}}},"1":{"name":"(anonymous_1)","decl":{"start":{"line":33,"column":19},"end":{"line":33,"column":23}},"loc":{"start":{"line":33,"column":24},"end":{"line":43,"column":5}}},"2":{"name":"(anonymous_2)","decl":{"start":{"line":45,"column":4},"end":{"line":45,"column":7}},"loc":{"start":{"line":45,"column":14},"end":{"line":49,"column":5}}},"3":{"name":"(anonymous_3)","decl":{"start":{"line":50,"column":4},"end":{"line":50,"column":7}},"loc":{"start":{"line":50,"column":14},"end":{"line":53,"column":5}}},"4":{"name":"(anonymous_4)","decl":{"start":{"line":55,"column":4},"end":{"line":55,"column":11}},"loc":{"start":{"line":55,"column":14},"end":{"line":58,"column":5}}},"5":{"name":"(anonymous_5)","decl":{"start":{"line":59,"column":4},"end":{"line":59,"column":8}},"loc":{"start":{"line":59,"column":11},"end":{"line":62,"column":5}}},"6":{"name":"(anonymous_6)","decl":{"start":{"line":63,"column":4},"end":{"line":63,"column":10}},"loc":{"start":{"line":63,"column":13},"end":{"line":66,"column":5}}},"7":{"name":"(anonymous_7)","decl":{"start":{"line":67,"column":4},"end":{"line":67,"column":11}},"loc":{"start":{"line":67,"column":16},"end":{"line":70,"column":5}}},"8":{"name":"(anonymous_8)","decl":{"start":{"line":71,"column":8},"end":{"line":71,"column":12}},"loc":{"start":{"line":71,"column":15},"end":{"line":74,"column":5}}},"9":{"name":"(anonymous_9)","decl":{"start":{"line":75,"column":5},"end":{"line":75,"column":11}},"loc":{"start":{"line":75,"column":24},"end":{"line":78,"column":5}}},"10":{"name":"(anonymous_10)","decl":{"start":{"line":79,"column":9},"end":{"line":79,"column":15}},"loc":{"start":{"line":79,"column":31},"end":{"line":81,"column":5}}},"11":{"name":"(anonymous_11)","decl":{"start":{"line":83,"column":4},"end":{"line":83,"column":7}},"loc":{"start":{"line":83,"column":21},"end":{"line":90,"column":5}}},"12":{"name":"(anonymous_12)","decl":{"start":{"line":91,"column":4},"end":{"line":91,"column":10}},"loc":{"start":{"line":91,"column":17},"end":{"line":97,"column":5}}},"13":{"name":"(anonymous_13)","decl":{"start":{"line":99,"column":4},"end":{"line":99,"column":9}},"loc":{"start":{"line":99,"column":12},"end":{"line":105,"column":5}}},"14":{"name":"(anonymous_14)","decl":{"start":{"line":131,"column":16},"end":{"line":131,"column":24}},"loc":{"start":{"line":131,"column":25},"end":{"line":135,"column":5}}},"15":{"name":"(anonymous_15)","decl":{"start":{"line":136,"column":4},"end":{"line":136,"column":7}},"loc":{"start":{"line":136,"column":15},"end":{"line":139,"column":5}}},"16":{"name":"(anonymous_16)","decl":{"start":{"line":140,"column":4
[...]
,"3":{"name":"(anonymous_3)","decl":{"start":{"line":49,"column":15},"end":{"line":49,"column":24}},"loc":{"start":{"line":49,"column":24},"end":{"line":49,"column":null}}},"4":{"name":"(anonymous_4)","decl":{"start":{"line":63,"column":20},"end":{"line":63,"column":29}},"loc":{"start":{"line":63,"column":29},"end":{"line":72,"column":11}}},"5":{"name":"notEqual","decl":{"start":{"line":119,"column":9},"end":{"line":119,"column":17}},"loc":{"start":{"line":127,"column":29},"end":{"line":137,"column":1}}},"6":{"name":"(anonymous_6)","decl":{"start":{"line":128,"column":13},"end":{"line":128,"column":22}},"loc":{"start":{"line":128,"column":22},"end":{"line":134,"column":3}}},"7":{"name":"notEqualChild","decl":{"start":{"line":139,"column":9},"end":{"line":139,"column":22}},"loc":{"start":{"line":147,"column":29},"end":{"line":155,"column":1}}},"8":{"name":"(anonymous_8)","decl":{"start":{"line":148,"column":13},"end":{"line":148,"column":22}},"loc":{"start":{"line":148,"column":22},"end":{"line":152,"column":3}}},"9":{"name":"scenario","decl":{"start":{"line":157,"column":9},"end":{"line":157,"column":17}},"loc":{"start":{"line":157,"column":51},"end":{"line":168,"column":1}}},"10":{"name":"hint","decl":{"start":{"line":170,"column":9},"end":{"line":170,"column":13}},"loc":{"start":{"line":176,"column":10},"end":{"line":195,"column":1}}},"11":{"name":"formatDiff","decl":{"start":{"line":198,"column":9},"end":{"line":198,"column":19}},"loc":{"start":{"line":201,"column":10},"end":{"line":215,"column":1}}},"12":{"name":"format","decl":{"start":{"line":217,"column":9},"end":{"line":217,"column":15}},"loc":{"start":{"line":221,"column":10},"end":{"line":228,"column":1}}}},"branchMap":{"0":{"loc":{"start":{"line":29,"column":4},"end":{"line":31,"column":5}},"type":"if","locations":[{"start":{"line":29,"column":4},"end":{"line":31,"column":5}}]},"1":{"loc":{"start":{"line":38,"column":2},"end":{"line":40,"column":3}},"type":"if","locations":[{"start":{"line":38,"column":2},"end":{"line":40,"column":3}}]},"2":{"loc":{"start":{"line":48,"column":2},"end":{"line":116,"column":3}},"type":"if","locations":[{"start":{"line":48,"column":2},"end":{"line":116,"column":3}},{"start":{"line":52,"column":9},"end":{"line":116,"column":3}}]},"3":{"loc":{"start":{"line":53,"column":4},"end":{"line":115,"column":5}},"type":"if","locations":[{"start":{"line":53,"column":4},"end":{"line":115,"column":5}},{"start":{"line":89,"column":11},"end":{"line":115,"column":5}}]},"4":{"loc":{"start":{"line":55,"column":8},"end":{"line":55,"column":null}},"type":"switch","locations":[{"start":{"line":55,"column":8},"end":{"line":55,"column":null}},{"start":{"line":56,"column":8},"end":{"line":58,"column":9}},{"start":{"line":60,"column":8},"end":{"line":75,"column":9}},{"start":{"line":77,"column":8},"end":{"line":79,"column":9}},{"start":{"line":81,"column":8},"end":{"line":83,"column":9}}]},"5":{"loc":{"start":{"line":91,"column":8},"end":{"line":91,"column":null}},"type":"switch","locations":[{"start":{"line":91,"column":8},"end":{"line":91,"column":null}},{"start":{"line":92,"column":8},"end":{"line":97,"column":9}},{"start":{"line":99,"column":8},"end":{"line":101,"column":9}},{"start":{"line":103,"column":8},"end":{"line":105,"column":9}},{"start":{"line":107,"column":8},"end":{"line":109,"column":9}}]},"6":{"loc":{"start":{"line":93,"column":10},"end":{"line":95,"column":11}},"type":"if","locations":[{"start":{"line":93,"column":10},"end":{"line":95,"column":11}}]},"7":{"loc":{"start":{"line":158,"column":2},"end":{"line":167,"column":3}},"type":"if","locations":[{"start":{"line":158,"column":2},"end":{"line":167,"column":3}},{"start":{"line":165,"column":9},"end":{"line":167,"column":3}}]},"8":{"loc":{"start":{"line":177,"column":15},"end":{"line":179,"column":null}},"type":"cond-expr","locations":[{"start":{"line":178,"column":6},"end":{"line":178,"column":null}},{"start":{"line":179,"column":6},"end":{"line":179,"column":null}}]},"9":{"loc":{"start":{"line":181,"column":17},"end":{"line":183,"column":null}},"type":"cond-expr","locations":[{"start":{"line":182,"column":6},"end":{"line":182,"column":null}},{"start":{"line":183,"column":6},"end":{"line":183,"column":null}}]},"10":{"loc":{"start":{"line":204,"column":2},"end":{"line":214,"column":3}},"type":"if","locations":[{"start":{"line":204,"column":2},"end":{"line":214,"column":3}},{"start":{"line":206,"column":9},"end":{"line":214,"column":3}}]},"11":{"loc":{"start":{"line":204,"column":6},"end":{"line":204,"column":43}},"type":"binary-expr","locations":[{"start":{"line":204,"column":6},"end":{"line":204,"column":11}},{"start":{"line":204,"column":15},"end":{"line":204,"column":43}}]},"12":{"loc":{"start":{"line":208,"column":24},"end":{"line":210,"column":null}},"type":"cond-expr","locations":[{"start":{"line":208,"column":40},"end":{"line":209,"column":null}},{"start":{"line":209,"column":39},"end":{"line":210,"column":null}}]},"13":{"loc":{"start":{"line":222,"column":2},"end":{"line":227,"column":3}},"type":"if","locations":[{"start":{"line":222,"column":2},"end":{"line":227,"column":3}},{"start":{"line":225,"column":9},"end":{"line":227,"column":3}}]}},"s":{"0":1,"1":1,"2":1,"3":1,"4":1,"5":1,"6":1,"7":0,"8":1,"9":0,"10":0,"11":0,"12":1,"13":1,"14":0,"15":0,"16":0,"17":0,"18":0,"19":0,"20":0,"21":0,"22":0,"23":0,"24":0,"25":0,"26":0,"27":0,"28":0,"29":0,"30":0,"31":0,"32":1,"33":1,"34":1,"35":0,"36":0,"37":0,"38":1,"39":0,"40":1,"41":1,"42":1,"43":1,"44":1,"45":1,"46":1,"47":0,"48":0,"49":0,"50":0,"51":2,"52":0,"53":0,"54":2},"f":{"0":1,"1":1,"2":1,"3":0,"4":0,"5":1,"6":1,"7":0,"8":0,"9":1,"10":1,"11":1,"12":2},"b":{"0":[1],"1":[1],"2":[0,1],"3":[1,0],"4":[1,1,0,0,0],"5":[0,0,0,0,0],"6":[0],"7":[0,1],"8":[1,0],"9":[1,0],"10":[1,0],"11":[1,1],"12":[0,0],"13":[0,2]}}
,"/home/wycats/Code/Starbeam/library/tests/support/expect/patterns/comparison.ts": {"path":"/home/wycats/Code/Starbeam/library/tests/support/expect/patterns/comparison.ts","statementMap":{"0":{"start":{"line":33,"column":2},"end":{"line":36,"column":null}},"1":{"start":{"line":43,"column":2},"end":{"line":47,"column":3}},"2":{"start":{"line":44,"column":4},"end":{"line":44,"column":null}},"3":{"start":{"line":46,"column":4},"end":{"line":46,"column":null}},"4":{"start":{"line":52,"column":13},"end":{"line":52,"column":null}},"5":{"start":{"line":53,"column":13},"end":{"line":53,"column":null}},"6":{"start":{"line":50,"column":7},"end":{"line":59,"column":null}},"7":{"start":{"line":63,"column":6},"end":{"line":63,"column":null}},"8":{"start":{"line":65,"column":4},"end":{"line":69,"column":5}},"9":{"start":{"line":66,"column":6},"end":{"line":66,"column":null}},"10":{"start":{"line":68,"column":6},"end":{"line":68,"column":null}},"11":{"start":{"line":86,"column":26},"end":{"line":86,"column":39}},"12":{"start":{"line":87,"column":24},"end":{"line":87,"column":36}},"13":{"start":{"line":89,"column":4},"end":{"line":98,"column":5}},"14":{"start":{"line":90,"column":23},"end":{"line":90,"column":null}},"15":{"start":{"line":92,"column":6},"end":{"line":97,"column":7}},"16":{"start":{"line":93,"column":8},"end":{"line":96,"column":null}},"17":{"start":{"line":100,"column":4},"end":{"line":106,"column":null}},"18":{"start":{"line":110,"column":4},"end":{"line":123,"column":5}},"19":{"start":{"line":111,"column":6},"end":{"line":117,"column":null}},"20":{"start":{"line":119,"column":6},"end":{"line":122,"column":null}},"21":{"start":{"line":127,"column":33},"end":{"line":127,"column":null}},"22":{"start":{"line":129,"column":29},"end":{"line":129,"column":null}},"23":{"start":{"line":130,"column":31},"end":{"line":130,"column":null}},"24":{"start":{"line":132,"column":4},"end":{"line":144,"column":5}},"25":{"start":{"line":133,"column":6},"end":{"line":137,"column":null}},"26":{"start":{"line":139,"column":6},"end":{"line":143,"column":null}},"27":{"start":{"line":198,"column":21},"end":{"line":198,"column":null}},"28":{"start":{"line":205,"column":2},"end":{"line":207,"column":null}},"29":{"start":{"line":216,"column":4},"end":{"line":216,"column":null}},"30":{"start":{"line":223,"column":4},"end":{"line":223,"column":null}},"31":{"start":{"line":224,"column":4},"end":{"line":224,"column":null}},"32":{"start":{"line":228,"column":4},"end":{"line":228,"column":null}},"33":{"start":{"line":232,"column":18},"end":{"line":232,"column":29}},"34":{"start":{"line":233,"column":4},"end":{"line":242,"column":5}},"35":{"start":{"line":237,"column":6},"end":{"line":239,"column":7}},"36":{"start":{"line":238,"column":8},"end":{"line":238,"column":null}},"37":{"start":{"line":241,"column":6},"end":{"line":241,"column":null}},"38":{"start":{"line":244,"column":4},"end":{"line":244,"column":null}},"39":{"start":{"line":248,"column":4},"end":{"line":252,"column":5}},"40":{"start":{"line":249,"column":6},"end":{"line":249,"column":null}},"41":{"start":{"line":251,"column":6},"end":{"line":251,"column":null}},"42":{"start":{"line":256,"column":4},"end":{"line":256,"column":null}},"43":{"start":{"line":260,"column":4},"end":{"line":260,"column":null}},"44":{"start":{"line":266,"column":4},"end":{"line":266,"column":null}},"45":{"start":{"line":273,"column":4},"end":{"line":273,"column":null}},"46":{"start":{"line":274,"column":4},"end":{"line":274,"column":null}},"47":{"start":{"line":278,"column":4},"end":{"line":278,"column":null}},"48":{"start":{"line":282,"column":4},"end":{"line":282,"column":null}},"49":{"start":{"line":286,"column":4},"end":{"line":286,"column":null}},"50":{"start":{"line":290,"column":4},"end":{"line":290,"column":null}},"51":{"start":{"line":294,"column":4},"end":{"line":294,"column":null}},"52":{"start":{"line":298,"column":4},"end":{"line":298,"column":null}},"53":{"start":{"line":316,"column":2},"end":{"line":316,"column":null}},"54":{"start":{"line":323,"column":2},"end":{"line":324,"column":null}},"55":{"start":{"line":331,"column":2},"end":{"line":333,"column":3}},"56":{"start":{"line":332,"column":4},"end":{"line":332,"column":null}},"57":{"start":{"line":335,"column":2},"end":{"line":337,"column":3}},"58":{"start":{"line":336,"column":4},"end":{"line":336,"column":null}},"59":{"start":{"line":339,"column":19},"end":{"line":339,"column":38}},"60":{"start":{"line":340,"column":17},"end":{"line":340,"column":34}},"61":{"start":{"line":342,"column":2},"end":{"line":345,"column":null}},"62":{"start":{"line":343,"column":51},"end":{"line":343,"column":59}},"63":{"start":{"line":344,"column":47},"end":{"line":344,"column":53}}},"fnMap":{"0":{"name":"serializeBoth","decl":{"start":{"line":29,"column":9},"end":{"line":29,"column":22}},"loc":{"start":{"line":32,"column":40},"end":{"line":37,"column":1}}},"1":{"name":"serialize","decl":{"start":{"line":39,"column":9},"end":{"line":39,"column":18}},"loc":{"start":{"line":42,"column":10},"end":{"line":48,"column":1}}},"2":{"name":"(anonymous_2)","decl":{"start":{"line":52,"column":13},"end":{"line":52,"column":24}},"loc":{"start":{"line":54,"column":4},"end":{"line":54,"column":6}}},"3":{"name":"(anonymous_3)","decl":{"start":{"line":61,"column":2},"end":{"line":61,"column":7}},"loc":{"start":{"line":61,"column":56},"end":{"line":80,"column":3}}},"4":{"name":"(anonymous_4)","decl":{"start":{"line":109,"column":2},"end":{"line":109,"column":9}},"loc":{"start":{"line":109,"column":21},"end":{"line":124,"column":3}}},"5":{"name":"(anonymous_5)","decl":{"start":{"line":126,"column":2},"end":{"line":126,"column":9}},"loc":{"start":{"line":126,"column":56},"end":{"line":195,"column":3}}},"6":{"name":"hasToStringTag","decl":{"start":{"line":204,"column":9},"end":{"line":204,"column":23}},"loc":{"start":{"line":204,"column":65},"end":{"line":209,"column":1}}},"7":{"name":"(anonymous_7)","decl":{"start":{"line":212,"column":9},"end":{"line":212,"column":15}},"loc":{"start":{"line":215,"column":21},"end":{"line":217,"column":3}}},"8":{"name":"(anonymous_8)","decl":{"start":{"line":222,"column":22},"end":{"line":222,"column":30}},"loc":{"start":{"line":222,"column":67},"end":{"line":225,"column":3}}},"9":{"name":"(anonymous_9)","decl":{"start":{"line":227,"column":6},"end":{"line":227,"column":11}},"loc":{"start":{"line":227,"column":17},"end":{"line":229,"column":3}}},"10":{"name":"(anonymous_10)","decl":{"start":{"line":231,"column":6},"end":{"line":231,"column":9}},"loc":{"start":{"line":231,"column":20},"end":{"line":245,"column":3}}},"11":{"name":"(anonymous_11)","decl":{"start":{"line":247,"column":2},"end":{"line":247,"column":11}},"loc":{"start":{"line":247,"column":29},"end":{"line":253,"column":3}}},"12":{"name":"(anonymous_12)","decl":{"start":{"line":255,"column":2},"end":{"line":255,"column":9}},"loc":{"start":{"line":255,"column":29},"end":{"line":257,"column":3}}},"13":{"name":"(anonymous_13)","decl":{"start":{"line":259,"column":2},"end":{"line":259,"column":8}},"loc":{"start":{"line":259,"column":20},"end":{"line":261,"column":3}}},"14":{"name":"(anonymous_14)","decl":{"start":{"line":265,"column":9},"end":{"line":265,"column":15}},"loc":{"start":{"line":265,"column":64},"end":{"line":267,"column":3}}},"15":{"name":"(anonymous_15)","decl":{"start":{"line":272,"column":22},"end":{"line":272,"column":30}},"loc":{"start":{"line":272,"column":59},"end":{"line":275,"column":3}}},"16":{"name":"(anonymous_16)","decl":{"start":{"line":277,"column":6},"end":{"line":277,"column":11}},"loc":{"start":{"line":277,"column":17},"end":{"line":279,"column":3}}},"17":{"name":"(anonymous_17)","decl":{"start":{"line":281,"column":6},"end":{"line":281,"column":9}},"loc":{"start":{"line":281,"column":20},"end":{"line":283,"column":3}}},"18":{"name":"(anonymous_18)","decl":{"start":{"line":285,"column":2},"end":{"line":285,"column":8}},"loc":{"start":{"line":285,"column":35},"end":{"line":287,"column":3}}},"19":{"name":"(anonymous_19)","decl":{"start":{"line":289,"column":2},"end":{"line":289,"column":11}},"loc":{"start":{"line":289,"column":40},"end":{"line":291,"column":3}}},"20":{"name":"(anonymous_20)","decl":{"start":{"line":293,"column":2},"end":{"line":293,"column":11}},"loc":{"start":{"line":293,"column":22},"end":{"line":295,"column":3}}},"21":{"name":"(anonymous_21)","decl":{"start":{"line":297,"column":2},"end":{"line":297,"column":9}},"loc":{"start":{"line":297,"column":29},"end":{"line":299,"column":3}}},"22":{"name":"isCustomValue","decl":{"start":{"line":315,"column":9},"end":{"line":315,"column":22}},"loc":{"start":{"line":315,"column":73},"end":{"line":317,"column":1}}},"23":{"name":"toBe","decl":{"start":{"line":319,"column":16},"end":{"line":319,"column":20}},"loc":{"start":{"line":322,"column":20},"end":{"line":326,"column":1}}},"24":{"name":"normalizeSerialize","decl":{"start":{"line":328,"column":9},"end":{"line":328,"column":27}},"loc":{"start":{"line":330,"column":43},"end":{"line":346,"column":1}}},"25":{"name":"(anonymous_25)","decl":{"start":{"line":343,"column":42},"end":{"line":343,"column":51}},"loc":{"start":{"line":343,"column":51},"end":{"line":343,"column":59}}},"26":{"name":"(anonymous_26)","decl":{"start":{"line":344,"column":38},"end":{"line":344,"column":47}},"loc":{"start":{"line":344,"column":47},"end":{"line":344,"column":53}}}},"branchMap":{"0":{"loc":{"start":{"line":43,"column":2},"end":{"line":47,"column":3}},"type":"if","locations":[{"start":{"line":43,"column":2},"end":{"line":47,"column":3}},{"start":{"line":45,"column":9},"end":{"line":47,"column":3}}]},"1":{"loc":{"start":{"line":65,"column":4},"end":{"line":69,"column":5}},"type":"if","locations":[{"start":{"line":65,"column":4},"end":{"line":69,"column":5}},{"start":{"line":67,"column":11},"end":{"line":69,"column":5}}]},"2":{"loc":{"start":{"line":89,"column":4},"end":{"line":98,"column":5}},"type":"if","locations":[{"start":{"line":89,"column":4},"end":{"line":98,"column":5}}]},"3":{"loc":{"start":{"line":89,"column":8},"end":{"line":89,"column":68}},"type":"binary-expr","locations":[{"start":{"line":89,"column":8},"end":{"line":89,"column":38}},{"start":{"line":89,"column":38},"end":{"line":89,"column":68}}]},"4":{"loc":{"start":{"line":92,"column":6},"end":{"line":97,"column":7}},"type":"if","locations":[{"start":{"line":92,"column":6},"end":{"line":97,"column":7}}]},"5":{"loc":{"start":{"line":110,"column":4},"end":{"line":123,"column":5}},"type":"if","locations":[{"start":{"line":110,"column":4},"end":{"line":123,"column":5}},{"start":{"line":118,"column":11},"end":{"line":123,"column":5}}]},"6":{"loc":{"start":{"line":132,"column":4},"end":{"line":144,"column":5}},"type":"if","locations":[{"start":{"line":132,"column":4},"end":{"line":144,"column":5}},{"start":{"line":138,"column":11},"end":{"line":144,"column":5}}]},"7":{"loc":{"start":{"line":132,"column":8},"end":{"line":132,"column":46}},"type":"binary-expr","locations":[{"start":{"line":132,"column":8},"end":{"line":132,"column":24}},{"start":{"line":132,"column":28},"end":{"line":132,"column":46}}]},"8":{"loc":{"start":{"line":205,"column":8},"end":{"line":207,"column":null}},"type":"binary-expr","locations":[{"start":{"line":205,"column":8},"end":{"line":206,"column":11}},{"start":{"line":207,"column":4},"end":{"line":207,"column":null}}]},"9":{"loc":{"start":{"line":233,"column":4},"end":{"line":242,"column":5}},"type":"if","locations":[{"start":{"line":233,"column":4},"end":{"line":242,"column":5}}]},"10":{"loc":{"start":{"line":234,"column":7},"end":{"line":235,"column":null}},"type":"binary-expr","locations":[{"start":{"line":234,"column":7},"end":{"line":234,"column":36}},{"start":{"line":234,"column":36},"end":{"line":234,"column":50}},{"start":{"line":235,"column":6},"end":{"line":235,"column":null}}]},"11":{"loc":{"start":{"line":237,"column":6},"end":{"line":239,"column":7}},"type":"if","locations":[{"start":{"line":237,"column":6},"end":{"line":239,"column":7}}]},"12":{"loc":{"start":{"line":248,"column":4},"end":{"line":252,"column":5}},"type":"if","locations":[{"start":{"line":248,"column":4},"end":{"line":252,"column":5}},{"start":{"line":250,"column":11},"end":{"line":252,"column":5}}]},"13":{"loc":{"start":{"line":316,"column":9},"end":{"line":316,"column":70}},"type":"binary-expr","locations":[{"start":{"line":316,"column":9},"end":{"line":316,"column":38}},{"start":{"line":316,"column":38},"end":{"line":316,"column":52}},{"start":{"line":316,"column":56},"end":{"line":316,"column":70}}]},"14":{"loc":{"start":{"line":331,"column":2},"end":{"line":333,"column":3}},"type":"if","locations":[{"start":{"line":331,"column":2},"end":{"line":333,"column":3}}]},"15":{"loc":{"start":{"line":335,"column":2},"end":{"line":337,"column":3}},"type":"if","locations":[{"start":{"line":335,"column":2},"end":{"line":337,"column":3}}]},"16":{"loc":{"start":{"line":343,"column":14},"end":{"line":343,"column":70}},"type":"cond-expr","locations":[{"start":{"line":343,"column":42},"end":{"line":343,"column":59}},{"start":{"line":343,"column":62},"end":{"line":343,"column":70}}]},"17":{"loc":{"start":{"line":344,"column":12},"end":{"line":344,"column":62}},"type":"cond-expr","locations":[{"start":{"line":344,"column":38},"end":{"line":344,"column":53}},{"start":{"line":344,"column":56},"end":{"line":344,"column":62}}]}},"s":{"0":0,"1":2,"2":2,"3":0,"4":9,"5":9,"6":9,"7":9,"8":9,"9":8,"10":1,"11":10,"12":10,"13":10,"14":4,"15":4,"16":4,"17":6,"18":8,"19":2,"20":6,"21":1,"22":1,"23":1,"24":1,"25":0,"26":1,"27":1,"28":0,"29":12,"30":12,"31":12,"32":5,"33":0,"34":0,"35":0,"36":0,"37":0,"38":0,"39":2,"40":0,"41":2,"42":5,"43":0,"44":4,"45":8,"46":8,"47":4,"48":0,"49":4,"50":4,"51":0,"52":4,"53":14,"54":9,"55":9,"56":7,"57":2,"58":2,"59":0,"60":0,"61":0,"62":0,"63":0},"f":{"0":0,"1":2,"2":9,"3":9,"4":8,"5":1,"6":0,"7":12,"8":12,"9":5,"10":0,"11":2,"12":5,"13":0,"14":4,"15":8,"16":4,"17":0,"18":4,"19":4,"20":0,"21":4,"22":14,"23":9,"24":9,"25":0,"26":0},"b":{"0":[2,0],"1":[8,1],"2":[4],"3":[10,4],"4":[4],"5":[2,6],"6":[0,1],"7":[1,0],"8":[0,0],"9":[0],"10":[0,0,0],"11":[0],"12":[0,2],"13":[14,8,8],"14":[7],"15":[2],"16":[0,0],"17":[0,0]}}
}
