TN:
SF:@starbeam/config/dist/index.js
FN:3,getConfig
FNF:1
FNH:1
FNDA:1,getConfig
DA:4,1
DA:5,1
DA:7,0
DA:10,1
LF:4
LH:3
BRDA:4,0,0,1
BRDA:4,0,1,0
BRF:2
BRH:1
end_of_record
TN:
SF:@starbeam/config/dist/src/config.js
FN:2,(anonymous_0)
FN:15,(anonymous_1)
FN:19,(anonymous_2)
FN:22,(anonymous_3)
FN:25,(anonymous_4)
FN:27,(anonymous_5)
FN:36,(anonymous_6)
FN:43,(anonymous_7)
FN:50,(anonymous_8)
FNF:9
FNH:6
FNDA:1,(anonymous_0)
FNDA:2,(anonymous_1)
FNDA:2,(anonymous_2)
FNDA:1,(anonymous_3)
FNDA:0,(anonymous_4)
FNDA:0,(anonymous_5)
FNDA:6,(anonymous_6)
FNDA:6,(anonymous_7)
FNDA:0,(anonymous_8)
DA:2,1
DA:3,1
DA:4,1
DA:5,1
DA:6,1
DA:7,1
DA:9,1
DA:16,2
DA:20,2
DA:23,1
DA:26,0
DA:27,0
DA:37,6
DA:38,6
DA:44,6
DA:45,6
DA:51,0
DA:52,0
DA:53,0
LF:19
LH:14
BRDA:8,0,0,1
BRDA:8,0,1,1
BRF:2
BRH:2
end_of_record
TN:
SF:@starbeam/config/dist/src/env-var-config.js
FN:4,(anonymous_0)
FN:7,(anonymous_1)
FN:10,(anonymous_2)
FN:14,(anonymous_3)
FN:17,(anonymous_4)
FN:30,(anonymous_5)
FN:52,pascalCase
FN:53,(anonymous_7)
FNF:8
FNH:7
FNDA:1,(anonymous_0)
FNDA:1,(anonymous_1)
FNDA:12,(anonymous_2)
FNDA:6,(anonymous_3)
FNDA:0,(anonymous_4)
FNDA:6,(anonymous_5)
FNDA:12,pascalCase
FNDA:12,(anonymous_7)
DA:5,1
DA:8,1
DA:11,12
DA:12,12
DA:15,6
DA:21,0
DA:22,0
DA:24,0
DA:25,0
DA:27,0
DA:31,6
DA:35,0
DA:39,0
DA:40,0
DA:44,6
DA:47,0
DA:51,1
DA:53,12
LF:18
LH:9
BRDA:8,0,0,1
BRDA:8,0,1,1
BRDA:11,1,0,12
BRDA:11,1,1,12
BRDA:19,2,0,0
BRDA:19,2,1,0
BRDA:19,2,2,0
BRDA:33,3,0,0
BRDA:33,3,1,0
BRDA:33,3,2,6
BRDA:35,4,0,0
BRDA:35,4,1,0
BRDA:40,5,0,0
BRDA:40,5,1,0
BRF:14
BRH:5
end_of_record
TN:
SF:@starbeam/config/dist/src/global-config.js
FN:6,(anonymous_0)
FN:9,(anonymous_1)
FN:23,(anonymous_2)
FN:26,(anonymous_3)
FN:29,(anonymous_4)
FNF:5
FNH:0
FNDA:0,(anonymous_0)
FNDA:0,(anonymous_1)
FNDA:0,(anonymous_2)
FNDA:0,(anonymous_3)
FNDA:0,(anonymous_4)
DA:3,1
DA:4,1
DA:7,0
DA:10,0
DA:11,0
DA:12,0
DA:13,0
DA:14,0
DA:21,0
DA:24,0
DA:27,0
DA:30,0
DA:33,1
LF:13
LH:3
BRDA:12,0,0,0
BRF:1
BRH:0
end_of_record
TN:
SF:@starbeam/config/dist/src/types.js
FN:1,exhaustive
FN:10,assert
FN:11,(anonymous_2)
FN:14,(anonymous_3)
FNF:4
FNH:2
FNDA:0,exhaustive
FNDA:12,assert
FNDA:0,(anonymous_2)
FNDA:12,(anonymous_3)
DA:2,0
DA:3,0
DA:5,0
DA:11,0
DA:14,1
DA:15,12
DA:16,12
DA:19,0
DA:20,0
DA:21,0
DA:22,0
LF:11
LH:3
BRDA:2,0,0,0
BRDA:2,0,1,0
BRDA:10,1,0,0
BRDA:15,2,0,12
BRF:4
BRH:1
end_of_record
TN:
SF:@starbeam/core/dist/src/public.js
FN:3,Hook
FN:10,(anonymous_1)
FNF:2
FNH:0
FNDA:0,Hook
FNDA:0,(anonymous_1)
DA:4,0
DA:6,1
DA:11,0
LF:3
LH:1
BRF:0
BRH:0
end_of_record
TN:
SF:@starbeam/core/dist/src/utils.js
FN:5,enumerate
FN:15,(anonymous_1)
FN:18,(anonymous_2)
FN:28,positioned
FN:67,(anonymous_4)
FN:70,(anonymous_5)
FN:74,(anonymous_6)
FN:77,(anonymous_7)
FN:80,(anonymous_8)
FN:83,(anonymous_9)
FN:89,(anonymous_10)
FN:96,(anonymous_11)
FN:103,(anonymous_12)
FN:108,(anonymous_13)
FN:111,(anonymous_14)
FN:115,tap
FN:120,(anonymous_16)
FN:123,(anonymous_17)
FN:126,(anonymous_18)
FN:131,pipe
FN:134,getDescription
FNF:21
FNH:0
FNDA:0,enumerate
FNDA:0,(anonymous_1)
FNDA:0,(anonymous_2)
FNDA:0,positioned
FNDA:0,(anonymous_4)
FNDA:0,(anonymous_5)
FNDA:0,(anonymous_6)
FNDA:0,(anonymous_7)
FNDA:0,(anonymous_8)
FNDA:0,(anonymous_9)
FNDA:0,(anonymous_10)
FNDA:0,(anonymous_11)
FNDA:0,(anonymous_12)
FNDA:0,(anonymous_13)
FNDA:0,(anonymous_14)
FNDA:0,tap
FNDA:0,(anonymous_16)
FNDA:0,(anonymous_17)
FNDA:0,(anonymous_18)
FNDA:0,pipe
FNDA:0,getDescription
DA:4,1
DA:6,0
DA:7,0
DA:8,0
DA:14,1
DA:16,0
DA:19,0
DA:22,1
DA:25,1
DA:29,0
DA:30,0
DA:32,0
DA:33,0
DA:34,0
DA:36,0
DA:38,0
DA:39,0
DA:40,0
DA:41,0
DA:42,0
DA:47,0
DA:53,0
DA:54,0
DA:59,0
DA:64,0
DA:68,0
DA:71,0
DA:75,0
DA:78,0
DA:81,0
DA:84,0
DA:90,0
DA:91,0
DA:97,0
DA:98,0
DA:104,0
DA:105,0
DA:109,0
DA:112,0
DA:116,0
DA:117,0
DA:121,0
DA:124,0
DA:127,0
DA:128,0
DA:132,0
DA:135,0
DA:136,0
DA:138,0
LF:49
LH:4
BRDA:16,0,0,0
BRDA:16,0,1,0
BRDA:19,1,0,0
BRDA:19,1,1,0
BRDA:33,2,0,0
BRDA:33,2,1,0
BRDA:41,3,0,0
BRDA:41,3,1,0
BRDA:53,4,0,0
BRDA:53,4,1,0
BRDA:135,5,0,0
BRDA:135,5,1,0
BRF:12
BRH:0
end_of_record
TN:
SF:@starbeam/core/dist/src/core/lifetime.js
FN:4,(anonymous_0)
FN:8,(anonymous_1)
FN:10,(anonymous_2)
FN:12,(anonymous_3)
FN:16,(anonymous_4)
FN:20,(anonymous_5)
FN:25,(anonymous_6)
FN:26,(anonymous_7)
FN:27,(anonymous_8)
FN:48,(anonymous_9)
FN:54,(anonymous_10)
FN:59,(anonymous_11)
FN:62,(anonymous_12)
FN:65,(anonymous_13)
FN:68,(anonymous_14)
FN:76,(anonymous_15)
FN:79,(anonymous_16)
FN:82,(anonymous_17)
FN:87,(anonymous_18)
FN:90,(anonymous_19)
FN:99,(anonymous_20)
FN:105,(anonymous_21)
FN:110,(anonymous_22)
FNF:23
FNH:2
FNDA:1,(anonymous_0)
FNDA:1,(anonymous_1)
FNDA:0,(anonymous_2)
FNDA:0,(anonymous_3)
FNDA:0,(anonymous_4)
FNDA:0,(anonymous_5)
FNDA:0,(anonymous_6)
FNDA:0,(anonymous_7)
FNDA:0,(anonymous_8)
FNDA:0,(anonymous_9)
FNDA:0,(anonymous_10)
FNDA:0,(anonymous_11)
FNDA:0,(anonymous_12)
FNDA:0,(anonymous_13)
FNDA:0,(anonymous_14)
FNDA:0,(anonymous_15)
FNDA:0,(anonymous_16)
FNDA:0,(anonymous_17)
FNDA:0,(anonymous_18)
FNDA:0,(anonymous_19)
FNDA:0,(anonymous_20)
FNDA:0,(anonymous_21)
FNDA:0,(anonymous_22)
DA:5,1
DA:9,1
DA:10,0
DA:12,1
DA:13,0
DA:14,0
DA:16,0
DA:20,1
DA:21,0
DA:23,1
DA:26,0
DA:28,0
DA:29,0
DA:31,0
DA:38,0
DA:39,0
DA:40,0
DA:41,0
DA:43,0
DA:46,1
DA:49,0
DA:55,0
DA:56,0
DA:57,0
DA:60,0
DA:63,0
DA:66,0
DA:69,0
DA:70,0
DA:72,0
DA:73,0
DA:79,0
DA:82,0
DA:88,0
DA:91,0
DA:92,0
DA:93,0
DA:94,0
DA:96,0
DA:100,0
DA:106,0
DA:107,0
DA:108,0
DA:111,0
LF:44
LH:6
BRDA:14,0,0,0
BRDA:28,1,0,0
BRDA:28,1,1,0
BRDA:39,2,0,0
BRDA:60,3,0,0
BRDA:60,3,1,0
BRDA:91,4,0,0
BRDA:91,4,1,0
BRDA:93,5,0,0
BRDA:93,5,1,0
BRF:10
BRH:0
end_of_record
TN:
SF:@starbeam/core/dist/src/decorator/reactive.js
FN:5,(anonymous_0)
FN:13,(anonymous_1)
FN:16,(anonymous_2)
FN:21,(anonymous_3)
FN:23,(anonymous_4)
FN:29,(anonymous_5)
FN:32,(anonymous_6)
FNF:7
FNH:0
FNDA:0,(anonymous_0)
FNDA:0,(anonymous_1)
FNDA:0,(anonymous_2)
FNDA:0,(anonymous_3)
FNDA:0,(anonymous_4)
FNDA:0,(anonymous_5)
FNDA:0,(anonymous_6)
DA:5,1
DA:6,0
DA:7,0
DA:9,0
DA:10,0
DA:14,0
DA:17,0
DA:21,1
DA:22,0
DA:23,0
DA:25,0
DA:26,0
DA:30,0
DA:31,0
DA:32,0
DA:34,0
DA:36,0
LF:17
LH:2
BRDA:6,0,0,0
BRDA:23,1,0,0
BRDA:23,1,1,0
BRDA:31,2,0,0
BRF:4
BRH:0
end_of_record
TN:
SF:@starbeam/core/dist/src/glue/sync.js
FN:10,(anonymous_0)
FN:12,(anonymous_1)
FN:14,(anonymous_2)
FN:16,(anonymous_3)
FN:19,(anonymous_4)
FN:21,(anonymous_5)
FN:23,(anonymous_6)
FN:25,(anonymous_7)
FN:32,initialize
FN:33,(anonymous_9)
FN:62,subscribe
FN:71,(anonymous_11)
FN:75,(anonymous_12)
FN:76,(anonymous_13)
FN:78,(anonymous_14)
FN:135,(anonymous_15)
FN:138,(anonymous_16)
FN:147,(anonymous_17)
FN:148,(anonymous_18)
FN:167,(anonymous_19)
FN:178,(anonymous_20)
FNF:21
FNH:0
FNDA:0,(anonymous_0)
FNDA:0,(anonymous_1)
FNDA:0,(anonymous_2)
FNDA:0,(anonymous_3)
FNDA:0,(anonymous_4)
FNDA:0,(anonymous_5)
FNDA:0,(anonymous_6)
FNDA:0,(anonymous_7)
FNDA:0,initialize
FNDA:0,(anonymous_9)
FNDA:0,subscribe
FNDA:0,(anonymous_11)
FNDA:0,(anonymous_12)
FNDA:0,(anonymous_13)
FNDA:0,(anonymous_14)
FNDA:0,(anonymous_15)
FNDA:0,(anonymous_16)
FNDA:0,(anonymous_17)
FNDA:0,(anonymous_18)
FNDA:0,(anonymous_19)
FNDA:0,(anonymous_20)
DA:11,0
DA:12,0
DA:14,0
DA:16,0
DA:20,0
DA:21,0
DA:23,0
DA:25,0
DA:27,0
DA:33,0
DA:35,0
DA:36,0
DA:63,0
DA:64,0
DA:65,0
DA:67,0
DA:72,0
DA:76,0
DA:78,0
DA:80,0
DA:136,0
DA:137,0
DA:138,0
DA:140,0
DA:148,0
DA:149,0
DA:150,0
DA:151,0
DA:152,0
DA:153,0
DA:154,0
DA:155,0
DA:156,0
DA:157,0
DA:158,0
DA:160,0
DA:161,0
DA:167,0
DA:168,0
DA:169,0
DA:172,0
DA:173,0
DA:174,0
DA:175,0
DA:176,0
DA:179,0
DA:188,0
DA:189,0
DA:190,0
DA:191,0
DA:192,0
DA:195,0
DA:196,0
DA:197,0
DA:198,0
DA:199,0
LF:56
LH:0
BRDA:62,0,0,0
BRDA:64,1,0,0
BRDA:64,1,1,0
BRDA:64,2,0,0
BRDA:64,2,1,0
BRDA:154,3,0,0
BRDA:154,3,1,0
BRDA:157,4,0,0
BRDA:157,4,1,0
BRDA:189,5,0,0
BRDA:196,6,0,0
BRF:11
BRH:0
end_of_record
TN:
SF:@starbeam/core/dist/src/hooks/simple.js
FN:11,(anonymous_0)
FN:14,(anonymous_1)
FN:18,(anonymous_2)
FN:23,(anonymous_3)
FN:29,(anonymous_4)
FN:32,(anonymous_5)
FN:37,(anonymous_6)
FN:57,(anonymous_7)
FN:58,(anonymous_8)
FN:65,(anonymous_9)
FN:72,(anonymous_10)
FN:75,(anonymous_11)
FN:79,(anonymous_12)
FN:84,(anonymous_13)
FN:90,(anonymous_14)
FN:93,(anonymous_15)
FNF:16
FNH:0
FNDA:0,(anonymous_0)
FNDA:0,(anonymous_1)
FNDA:0,(anonymous_2)
FNDA:0,(anonymous_3)
FNDA:0,(anonymous_4)
FNDA:0,(anonymous_5)
FNDA:0,(anonymous_6)
FNDA:0,(anonymous_7)
FNDA:0,(anonymous_8)
FNDA:0,(anonymous_9)
FNDA:0,(anonymous_10)
FNDA:0,(anonymous_11)
FNDA:0,(anonymous_12)
FNDA:0,(anonymous_13)
FNDA:0,(anonymous_14)
FNDA:0,(anonymous_15)
DA:12,0
DA:15,0
DA:16,0
DA:19,0
DA:23,0
DA:28,1
DA:30,0
DA:33,0
DA:37,0
DA:38,0
DA:39,0
DA:43,0
DA:48,0
DA:50,0
DA:58,0
DA:60,0
DA:61,0
DA:62,0
DA:63,0
DA:66,0
DA:67,0
DA:69,0
DA:73,0
DA:76,0
DA:77,0
DA:80,0
DA:84,0
DA:88,0
DA:91,0
DA:94,0
LF:30
LH:1
BRDA:38,0,0,0
BRDA:66,1,0,0
BRDA:66,1,1,0
BRF:3
BRH:0
end_of_record
TN:
SF:@starbeam/core/dist/src/program-node/hook.js
FN:12,(anonymous_0)
FN:15,(anonymous_1)
FN:19,(anonymous_2)
FN:22,(anonymous_3)
FN:28,(anonymous_4)
FN:33,(anonymous_5)
FN:38,(anonymous_6)
FN:43,(anonymous_7)
FN:46,(anonymous_8)
FN:51,(anonymous_9)
FN:56,(anonymous_10)
FN:60,(anonymous_11)
FN:63,(anonymous_12)
FN:66,(anonymous_13)
FN:67,(anonymous_14)
FN:72,(anonymous_15)
FNF:16
FNH:0
FNDA:0,(anonymous_0)
FNDA:0,(anonymous_1)
FNDA:0,(anonymous_2)
FNDA:0,(anonymous_3)
FNDA:0,(anonymous_4)
FNDA:0,(anonymous_5)
FNDA:0,(anonymous_6)
FNDA:0,(anonymous_7)
FNDA:0,(anonymous_8)
FNDA:0,(anonymous_9)
FNDA:0,(anonymous_10)
FNDA:0,(anonymous_11)
FNDA:0,(anonymous_12)
FNDA:0,(anonymous_13)
FNDA:0,(anonymous_14)
FNDA:0,(anonymous_15)
DA:13,0
DA:16,0
DA:20,0
DA:23,0
DA:24,0
DA:29,0
DA:34,0
DA:39,0
DA:40,0
DA:41,0
DA:44,0
DA:47,0
DA:52,0
DA:57,0
DA:58,0
DA:61,0
DA:67,0
DA:68,0
DA:69,0
DA:70,0
DA:71,0
DA:72,0
DA:73,0
LF:23
LH:0
BRF:0
BRH:0
end_of_record
TN:
SF:@starbeam/core/dist/src/reactive/builtins/array.js
FN:27,convertToInt
FN:34,(anonymous_1)
FN:37,(anonymous_2)
FN:40,(anonymous_3)
FN:46,(anonymous_4)
FN:57,(anonymous_5)
FN:67,(anonymous_6)
FN:80,(anonymous_7)
FNF:8
FNH:0
FNDA:0,convertToInt
FNDA:0,(anonymous_1)
FNDA:0,(anonymous_2)
FNDA:0,(anonymous_3)
FNDA:0,(anonymous_4)
FNDA:0,(anonymous_5)
FNDA:0,(anonymous_6)
FNDA:0,(anonymous_7)
DA:3,1
DA:28,0
DA:29,0
DA:30,0
DA:31,0
DA:35,0
DA:38,0
DA:41,0
DA:43,0
DA:44,0
DA:45,0
DA:47,0
DA:48,0
DA:49,0
DA:50,0
DA:51,0
DA:52,0
DA:53,0
DA:54,0
DA:55,0
DA:56,0
DA:57,0
DA:58,0
DA:59,0
DA:61,0
DA:63,0
DA:65,0
DA:68,0
DA:69,0
DA:70,0
DA:71,0
DA:72,0
DA:73,0
DA:74,0
DA:75,0
DA:76,0
DA:78,0
DA:81,0
DA:85,0
DA:86,0
DA:88,0
DA:89,0
DA:90,0
DA:91,0
DA:92,0
DA:94,0
DA:97,0
DA:100,0
DA:101,0
DA:104,0
DA:105,0
DA:106,0
DA:112,1
LF:53
LH:2
BRDA:28,0,0,0
BRDA:30,1,0,0
BRDA:31,2,0,0
BRDA:31,2,1,0
BRDA:35,3,0,0
BRDA:35,3,1,0
BRDA:40,4,0,0
BRDA:48,5,0,0
BRDA:48,5,1,0
BRDA:52,6,0,0
BRDA:52,6,1,0
BRDA:54,7,0,0
BRDA:56,8,0,0
BRDA:70,9,0,0
BRDA:70,9,1,0
BRDA:72,10,0,0
BRDA:90,11,0,0
BRDA:105,12,0,0
BRF:18
BRH:0
end_of_record
TN:
SF:@starbeam/core/dist/src/reactive/builtins/builtin.js
FN:26,builtin
FN:55,isPrimitive
FN:61,isSimpleObject
FNF:3
FNH:0
FNDA:0,builtin
FNDA:0,isPrimitive
FNDA:0,isSimpleObject
DA:7,1
DA:16,1
DA:29,0
DA:30,0
DA:32,0
DA:33,0
DA:34,0
DA:35,0
DA:36,0
DA:37,0
DA:38,0
DA:39,0
DA:40,0
DA:41,0
DA:42,0
DA:43,0
DA:44,0
DA:46,0
DA:47,0
DA:48,0
DA:49,0
DA:51,0
DA:52,0
DA:56,0
DA:57,0
DA:59,0
DA:62,0
DA:63,0
DA:65,0
DA:66,0
LF:30
LH:2
BRDA:26,0,0,0
BRDA:30,1,0,0
BRDA:30,1,1,0
BRDA:34,2,0,0
BRDA:34,2,1,0
BRDA:36,3,0,0
BRDA:36,3,1,0
BRDA:38,4,0,0
BRDA:38,4,1,0
BRDA:40,5,0,0
BRDA:40,5,1,0
BRDA:42,6,0,0
BRDA:42,6,1,0
BRDA:44,7,0,0
BRDA:44,7,1,0
BRDA:48,8,0,0
BRDA:48,8,1,0
BRDA:56,9,0,0
BRDA:59,10,0,0
BRDA:59,10,1,0
BRDA:62,11,0,0
BRDA:62,12,0,0
BRDA:62,12,1,0
BRDA:66,13,0,0
BRDA:66,13,1,0
BRF:25
BRH:0
end_of_record
TN:
SF:@starbeam/core/dist/src/reactive/builtins/map.js
FN:5,(anonymous_0)
FN:33,(anonymous_1)
FN:45,(anonymous_2)
FN:50,(anonymous_3)
FN:55,(anonymous_4)
FN:59,(anonymous_5)
FN:63,(anonymous_6)
FN:67,(anonymous_7)
FN:71,(anonymous_8)
FN:75,(anonymous_9)
FN:79,(anonymous_10)
FN:83,(anonymous_11)
FN:91,(anonymous_12)
FN:99,(anonymous_13)
FN:131,(anonymous_14)
FN:136,(anonymous_15)
FN:140,(anonymous_16)
FN:144,(anonymous_17)
FN:149,(anonymous_18)
FN:153,(anonymous_19)
FNF:20
FNH:0
FNDA:0,(anonymous_0)
FNDA:0,(anonymous_1)
FNDA:0,(anonymous_2)
FNDA:0,(anonymous_3)
FNDA:0,(anonymous_4)
FNDA:0,(anonymous_5)
FNDA:0,(anonymous_6)
FNDA:0,(anonymous_7)
FNDA:0,(anonymous_8)
FNDA:0,(anonymous_9)
FNDA:0,(anonymous_10)
FNDA:0,(anonymous_11)
FNDA:0,(anonymous_12)
FNDA:0,(anonymous_13)
FNDA:0,(anonymous_14)
FNDA:0,(anonymous_15)
FNDA:0,(anonymous_16)
FNDA:0,(anonymous_17)
FNDA:0,(anonymous_18)
FNDA:0,(anonymous_19)
DA:3,1
DA:6,0
DA:8,0
DA:9,0
DA:12,0
DA:13,0
DA:14,0
DA:15,0
DA:16,0
DA:18,0
DA:21,0
DA:24,0
DA:25,0
DA:28,0
DA:29,0
DA:30,0
DA:34,0
DA:35,0
DA:36,0
DA:38,0
DA:41,0
DA:47,0
DA:48,0
DA:51,0
DA:52,0
DA:56,0
DA:57,0
DA:60,0
DA:61,0
DA:64,0
DA:65,0
DA:68,0
DA:69,0
DA:72,0
DA:73,0
DA:76,0
DA:77,0
DA:80,0
DA:84,0
DA:85,0
DA:86,0
DA:87,0
DA:88,0
DA:89,0
DA:92,0
DA:93,0
DA:94,0
DA:95,0
DA:96,0
DA:100,0
DA:101,0
DA:102,0
DA:103,0
DA:104,0
DA:108,1
DA:110,0
DA:113,0
DA:114,0
DA:115,0
DA:116,0
DA:117,0
DA:119,0
DA:122,0
DA:123,0
DA:126,0
DA:127,0
DA:128,0
DA:134,0
DA:137,0
DA:138,0
DA:141,0
DA:142,0
DA:145,0
DA:146,0
DA:147,0
DA:150,0
DA:151,0
DA:154,0
DA:158,1
LF:79
LH:3
BRDA:14,0,0,0
BRDA:29,1,0,0
BRDA:34,2,0,0
BRDA:34,2,1,0
BRDA:34,3,0,0
BRDA:34,3,1,0
BRDA:41,4,0,0
BRDA:41,4,1,0
BRDA:115,5,0,0
BRDA:127,6,0,0
BRDA:134,7,0,0
BRDA:134,7,1,0
BRF:12
BRH:0
end_of_record
TN:
SF:@starbeam/core/dist/src/reactive/builtins/object.js
FN:4,(anonymous_0)
FN:7,(anonymous_1)
FN:17,(anonymous_2)
FN:21,(anonymous_3)
FN:25,(anonymous_4)
FN:29,(anonymous_5)
FN:37,(anonymous_6)
FNF:7
FNH:0
FNDA:0,(anonymous_0)
FNDA:0,(anonymous_1)
FNDA:0,(anonymous_2)
FNDA:0,(anonymous_3)
FNDA:0,(anonymous_4)
FNDA:0,(anonymous_5)
FNDA:0,(anonymous_6)
DA:5,0
DA:8,0
DA:9,0
DA:10,0
DA:11,0
DA:12,0
DA:15,0
DA:16,0
DA:18,0
DA:19,0
DA:22,0
DA:23,0
DA:26,0
DA:27,0
DA:30,0
DA:31,0
DA:32,0
DA:33,0
DA:34,0
DA:35,0
DA:38,0
DA:42,0
DA:43,0
DA:45,0
DA:46,0
DA:47,0
DA:48,0
DA:49,0
DA:51,0
DA:54,0
DA:55,0
DA:59,0
DA:60,0
DA:61,0
LF:34
LH:0
BRDA:7,0,0,0
BRDA:47,1,0,0
BRDA:48,2,0,0
BRDA:48,2,1,0
BRDA:60,3,0,0
BRF:5
BRH:0
end_of_record
TN:
SF:@starbeam/core/dist/src/reactive/builtins/set.js
FN:22,(anonymous_0)
FN:26,(anonymous_1)
FN:32,(anonymous_2)
FN:36,(anonymous_3)
FN:40,(anonymous_4)
FN:44,(anonymous_5)
FN:48,(anonymous_6)
FN:52,(anonymous_7)
FN:56,(anonymous_8)
FN:60,(anonymous_9)
FN:68,(anonymous_10)
FN:77,(anonymous_11)
FN:79,(anonymous_12)
FN:106,(anonymous_13)
FN:109,(anonymous_14)
FN:113,(anonymous_15)
FN:121,(anonymous_16)
FN:128,(anonymous_17)
FNF:18
FNH:0
FNDA:0,(anonymous_0)
FNDA:0,(anonymous_1)
FNDA:0,(anonymous_2)
FNDA:0,(anonymous_3)
FNDA:0,(anonymous_4)
FNDA:0,(anonymous_5)
FNDA:0,(anonymous_6)
FNDA:0,(anonymous_7)
FNDA:0,(anonymous_8)
FNDA:0,(anonymous_9)
FNDA:0,(anonymous_10)
FNDA:0,(anonymous_11)
FNDA:0,(anonymous_12)
FNDA:0,(anonymous_13)
FNDA:0,(anonymous_14)
FNDA:0,(anonymous_15)
FNDA:0,(anonymous_16)
FNDA:0,(anonymous_17)
DA:4,0
DA:5,0
DA:8,0
DA:9,0
DA:10,0
DA:11,0
DA:12,0
DA:14,0
DA:17,0
DA:18,0
DA:19,0
DA:23,0
DA:28,0
DA:29,0
DA:33,0
DA:34,0
DA:37,0
DA:38,0
DA:41,0
DA:42,0
DA:45,0
DA:46,0
DA:49,0
DA:50,0
DA:53,0
DA:54,0
DA:57,0
DA:61,0
DA:62,0
DA:63,0
DA:64,0
DA:65,0
DA:66,0
DA:69,0
DA:70,0
DA:71,0
DA:72,0
DA:73,0
DA:74,0
DA:78,0
DA:79,0
DA:81,0
DA:82,0
DA:83,0
DA:87,1
DA:89,0
DA:92,0
DA:93,0
DA:94,0
DA:95,0
DA:96,0
DA:98,0
DA:101,0
DA:102,0
DA:103,0
DA:107,0
DA:110,0
DA:111,0
DA:114,0
DA:116,0
DA:117,0
DA:118,0
DA:119,0
DA:122,0
DA:123,0
DA:124,0
DA:125,0
DA:126,0
DA:129,0
DA:133,1
LF:70
LH:2
BRDA:10,0,0,0
BRDA:18,1,0,0
BRDA:94,2,0,0
BRDA:102,3,0,0
BRF:4
BRH:0
end_of_record
TN:
SF:@starbeam/core/dist/src/reactive/builtins/tracked-shim.js
FN:2,createStorage
FN:6,getValue
FN:9,setValue
FN:12,createMarker
FN:15,mark
FN:18,consume
FNF:6
FNH:0
FNDA:0,createStorage
FNDA:0,getValue
FNDA:0,setValue
FNDA:0,createMarker
FNDA:0,mark
FNDA:0,consume
DA:4,0
DA:7,0
DA:10,0
DA:13,0
DA:16,0
DA:19,0
LF:6
LH:0
BRDA:3,0,0,0
BRDA:12,1,0,0
BRF:2
BRH:0
end_of_record
TN:
SF:@starbeam/core/dist/src/root/profile.js
FN:2,(anonymous_0)
FNF:1
FNH:1
FNDA:1,(anonymous_0)
DA:2,1
DA:3,1
DA:4,1
DA:7,1
LF:4
LH:4
BRDA:10,0,0,1
BRDA:10,0,1,1
BRF:2
BRH:2
end_of_record
TN:
SF:@starbeam/core/dist/src/root/rendered-root.js
FN:4,(anonymous_0)
FN:9,(anonymous_1)
FN:13,(anonymous_2)
FN:19,(anonymous_3)
FN:20,(anonymous_4)
FN:24,(anonymous_5)
FN:25,(anonymous_6)
FNF:7
FNH:7
FNDA:2,(anonymous_0)
FNDA:2,(anonymous_1)
FNDA:2,(anonymous_2)
FNDA:3,(anonymous_3)
FNDA:3,(anonymous_4)
FNDA:3,(anonymous_5)
FNDA:3,(anonymous_6)
DA:5,2
DA:10,2
DA:11,2
DA:14,2
DA:20,3
DA:22,3
DA:25,3
LF:7
LH:7
BRF:0
BRH:0
end_of_record
TN:
SF:@starbeam/core/dist/src/root/root.js
FN:7,(anonymous_0)
FN:13,(anonymous_1)
FN:17,(anonymous_2)
FN:21,(anonymous_3)
FN:23,(anonymous_4)
FN:27,(anonymous_5)
FN:33,(anonymous_6)
FN:36,(anonymous_7)
FN:50,(anonymous_8)
FN:54,(anonymous_9)
FNF:10
FNH:2
FNDA:0,(anonymous_0)
FNDA:0,(anonymous_1)
FNDA:0,(anonymous_2)
FNDA:2,(anonymous_3)
FNDA:0,(anonymous_4)
FNDA:0,(anonymous_5)
FNDA:0,(anonymous_6)
FNDA:2,(anonymous_7)
FNDA:0,(anonymous_8)
FNDA:0,(anonymous_9)
DA:8,0
DA:9,0
DA:10,0
DA:11,0
DA:13,0
DA:15,0
DA:18,0
DA:22,2
DA:23,0
DA:25,2
DA:30,0
DA:31,0
DA:33,0
DA:37,2
DA:38,2
DA:39,2
DA:43,2
DA:44,2
DA:51,0
DA:52,0
DA:55,0
DA:56,0
DA:59,1
LF:23
LH:8
BRDA:27,0,0,0
BRF:1
BRH:0
end_of_record
TN:
SF:@starbeam/core/dist/src/strippable/core.js
FN:2,(anonymous_0)
FNF:1
FNH:0
FNDA:0,(anonymous_0)
DA:2,1
DA:3,0
DA:4,0
LF:3
LH:1
BRF:0
BRH:0
end_of_record
TN:
SF:@starbeam/core/dist/src/strippable/minimal.js
FN:7,mutable
FN:48,describe
FN:52,(anonymous_2)
FN:54,nodeMessage
FN:61,isSpecificNode
FN:62,(anonymous_5)
FN:68,isNode
FN:71,isParentNode
FN:83,isCharacterData
FN:88,isTemplateElement
FN:93,isNullable
FN:94,verify
FN:102,(anonymous_12)
FN:117,is
FN:118,verify
FN:138,hasTagName
FN:139,hasTagName1
FN:145,(anonymous_17)
FN:149,hasLength
FN:150,has1
FN:156,hasItems
FN:161,hasTypeof
FN:162,hasTypeof1
FN:165,(anonymous_23)
FN:177,minimize
FNF:25
FNH:11
FNDA:5,mutable
FNDA:0,describe
FNDA:0,(anonymous_2)
FNDA:0,nodeMessage
FNDA:6,isSpecificNode
FNDA:14,(anonymous_5)
FNDA:14,isNode
FNDA:0,isParentNode
FNDA:2,isCharacterData
FNDA:4,isTemplateElement
FNDA:0,isNullable
FNDA:0,verify
FNDA:0,(anonymous_12)
FNDA:0,is
FNDA:0,verify
FNDA:4,hasTagName
FNDA:4,hasTagName1
FNDA:0,(anonymous_17)
FNDA:4,hasLength
FNDA:4,has1
FNDA:0,hasItems
FNDA:0,hasTypeof
FNDA:0,hasTypeof1
FNDA:0,(anonymous_23)
FNDA:4,minimize
DA:8,5
DA:10,1
DA:49,0
DA:50,0
DA:52,0
DA:55,0
DA:56,0
DA:58,0
DA:62,6
DA:63,14
DA:65,6
DA:66,6
DA:69,14
DA:72,0
DA:73,0
DA:75,0
DA:77,1
DA:78,1
DA:79,1
DA:80,1
DA:81,1
DA:82,1
DA:84,2
DA:86,1
DA:87,1
DA:89,4
DA:91,1
DA:92,1
DA:95,0
DA:96,0
DA:98,0
DA:101,0
DA:103,0
DA:114,0
DA:115,0
DA:119,0
DA:121,0
DA:122,0
DA:124,0
DA:126,1
DA:127,1
DA:128,1
DA:129,1
DA:130,1
DA:131,1
DA:132,1
DA:133,1
DA:134,1
DA:135,1
DA:136,1
DA:140,4
DA:142,4
DA:145,0
DA:147,4
DA:151,4
DA:153,4
DA:154,4
DA:157,0
DA:159,1
DA:163,0
DA:165,0
DA:167,0
DA:169,1
DA:178,4
LF:64
LH:39
BRDA:52,0,0,0
BRDA:52,0,1,0
BRDA:55,1,0,0
BRDA:55,1,1,0
BRDA:63,2,0,14
BRDA:63,2,1,14
BRDA:72,3,0,0
BRDA:75,4,0,0
BRDA:75,4,1,0
BRDA:75,4,2,0
BRDA:84,5,0,2
BRDA:84,5,1,0
BRDA:89,6,0,4
BRDA:89,6,1,4
BRDA:95,7,0,0
BRDA:95,7,1,0
BRDA:121,8,0,0
BRF:17
BRH:5
end_of_record
TN:
SF:@starbeam/core/dist/src/utils/index-map.js
FN:2,(anonymous_0)
FN:9,(anonymous_1)
FN:12,(anonymous_2)
FN:17,(anonymous_3)
FN:20,(anonymous_4)
FN:29,(anonymous_5)
FN:32,(anonymous_6)
FN:35,(anonymous_7)
FN:38,(anonymous_8)
FN:43,(anonymous_9)
FN:50,mergeUniqueLists
FNF:11
FNH:0
FNDA:0,(anonymous_0)
FNDA:0,(anonymous_1)
FNDA:0,(anonymous_2)
FNDA:0,(anonymous_3)
FNDA:0,(anonymous_4)
FNDA:0,(anonymous_5)
FNDA:0,(anonymous_6)
FNDA:0,(anonymous_7)
FNDA:0,(anonymous_8)
FNDA:0,(anonymous_9)
FNDA:0,mergeUniqueLists
DA:3,0
DA:4,0
DA:5,0
DA:7,0
DA:10,0
DA:13,0
DA:14,0
DA:15,0
DA:18,0
DA:21,0
DA:22,0
DA:23,0
DA:30,0
DA:33,0
DA:36,0
DA:39,0
DA:40,0
DA:43,0
DA:51,0
LF:19
LH:0
BRDA:36,0,0,0
BRDA:36,0,1,0
BRF:2
BRH:0
end_of_record
TN:
SF:@starbeam/debug/dist/src/abstraction.js
FN:6,(anonymous_0)
FN:9,(anonymous_1)
FN:12,(anonymous_2)
FN:15,(anonymous_3)
FN:35,(anonymous_4)
FN:40,(anonymous_5)
FN:43,(anonymous_6)
FN:53,(anonymous_7)
FN:64,(anonymous_8)
FN:119,parse
FN:142,abstractify
FN:143,(anonymous_11)
FNF:12
FNH:11
FNDA:1,(anonymous_0)
FNDA:84,(anonymous_1)
FNDA:84,(anonymous_2)
FNDA:2,(anonymous_3)
FNDA:0,(anonymous_4)
FNDA:9,(anonymous_5)
FNDA:3,(anonymous_6)
FNDA:9,(anonymous_7)
FNDA:6,(anonymous_8)
FNDA:6,parse
FNDA:4,abstractify
FNDA:84,(anonymous_11)
DA:1,1
DA:2,1
DA:3,1
DA:4,1
DA:7,1
DA:10,84
DA:13,84
DA:16,2
DA:17,2
DA:20,5
DA:21,5
DA:22,5
DA:24,5
DA:28,0
DA:29,0
DA:30,0
DA:32,0
DA:36,0
DA:41,9
DA:44,3
DA:45,3
DA:46,3
DA:48,1
DA:49,1
DA:50,1
DA:54,9
DA:55,9
DA:56,9
DA:57,8
DA:58,8
DA:60,1
DA:65,6
DA:68,93
DA:69,93
DA:70,52
DA:72,41
DA:74,93
DA:77,92
DA:78,92
DA:79,0
DA:84,98
DA:85,41
DA:87,57
DA:88,57
DA:89,0
DA:91,57
DA:92,57
DA:93,6
DA:97,6
DA:100,6
DA:101,0
DA:103,6
DA:104,6
DA:105,6
DA:106,6
DA:107,166
DA:108,14
DA:109,152
DA:110,134
DA:113,6
DA:115,6
DA:118,1
DA:120,6
DA:121,6
DA:122,6
DA:123,6
DA:124,6
DA:125,148
DA:126,128
DA:128,20
DA:129,6
DA:130,6
DA:132,14
DA:136,6
DA:143,4
DA:144,84
DA:145,84
DA:146,84
DA:147,84
DA:148,84
DA:150,0
LF:81
LH:72
BRDA:15,0,0,2
BRDA:19,1,0,0
BRDA:43,2,0,0
BRDA:53,3,0,5
BRDA:69,4,0,52
BRDA:69,4,1,41
BRDA:78,5,0,0
BRDA:84,6,0,41
BRDA:88,7,0,0
BRDA:92,8,0,6
BRDA:100,9,0,0
BRDA:107,10,0,14
BRDA:107,10,1,152
BRDA:109,11,0,134
BRDA:125,12,0,128
BRDA:125,12,1,20
BRDA:128,13,0,6
BRDA:128,13,1,14
BRF:18
BRH:13
end_of_record
TN:
SF:@starbeam/debug/dist/src/assert.js
FN:2,(anonymous_0)
FN:14,assert
FN:15,(anonymous_2)
FNF:3
FNH:2
FNDA:10,(anonymous_0)
FNDA:10,assert
FNDA:0,(anonymous_2)
DA:2,1
DA:3,10
DA:4,10
DA:7,0
DA:8,0
DA:9,0
DA:10,0
DA:15,0
LF:8
LH:3
BRDA:3,0,0,10
BRDA:14,1,0,2
BRF:2
BRH:2
end_of_record
TN:
SF:@starbeam/debug/dist/src/inspect.js
FN:1,DisplayStruct
FN:3,(anonymous_1)
FNF:2
FNH:0
FNDA:0,DisplayStruct
FNDA:0,(anonymous_1)
DA:2,0
DA:3,0
DA:5,0
DA:8,0
DA:12,0
DA:13,0
DA:18,0
LF:7
LH:0
BRF:0
BRH:0
end_of_record
TN:
SF:@starbeam/debug/dist/src/lifetime.js
FN:5,(anonymous_0)
FN:10,(anonymous_1)
FN:14,(anonymous_2)
FN:17,(anonymous_3)
FN:20,(anonymous_4)
FN:28,hasToJSON
FN:35,hasNonemptyConstructor
FN:44,stringify
FN:49,(anonymous_8)
FN:54,inspectObject
FN:68,(anonymous_10)
FN:74,(anonymous_11)
FN:79,(anonymous_12)
FN:82,(anonymous_13)
FN:87,(anonymous_14)
FN:92,(anonymous_15)
FN:93,(anonymous_17)
FN:95,(anonymous_18)
FN:98,(anonymous_19)
FNF:19
FNH:0
FNDA:0,(anonymous_0)
FNDA:0,(anonymous_1)
FNDA:0,(anonymous_2)
FNDA:0,(anonymous_3)
FNDA:0,(anonymous_4)
FNDA:0,hasToJSON
FNDA:0,hasNonemptyConstructor
FNDA:0,stringify
FNDA:0,(anonymous_8)
FNDA:0,inspectObject
FNDA:0,(anonymous_10)
FNDA:0,(anonymous_11)
FNDA:0,(anonymous_12)
FNDA:0,(anonymous_13)
FNDA:0,(anonymous_14)
FNDA:0,(anonymous_15)
FNDA:0,(anonymous_17)
FNDA:0,(anonymous_18)
FNDA:0,(anonymous_19)
DA:6,0
DA:11,0
DA:12,0
DA:15,0
DA:18,0
DA:21,0
DA:22,0
DA:24,0
DA:29,0
DA:30,0
DA:31,0
DA:33,0
DA:36,0
DA:37,0
DA:38,0
DA:39,0
DA:40,0
DA:42,0
DA:45,0
DA:46,0
DA:48,0
DA:49,0
DA:52,0
DA:55,0
DA:56,0
DA:57,0
DA:59,0
DA:61,0
DA:62,0
DA:64,0
DA:69,0
DA:75,0
DA:76,0
DA:77,0
DA:80,0
DA:83,0
DA:88,0
DA:93,0
DA:95,0
DA:98,0
LF:40
LH:0
BRDA:21,0,0,0
BRDA:21,0,1,0
BRDA:29,1,0,0
BRDA:30,2,0,0
BRDA:36,3,0,0
BRDA:37,4,0,0
BRDA:39,5,0,0
BRDA:40,6,0,0
BRDA:40,6,1,0
BRDA:45,7,0,0
BRDA:48,8,0,0
BRDA:48,9,0,0
BRDA:48,9,1,0
BRDA:55,10,0,0
BRDA:55,10,1,0
BRDA:56,11,0,0
BRDA:56,11,1,0
BRDA:61,12,0,0
BRDA:61,12,1,0
BRF:19
BRH:0
end_of_record
TN:
SF:@starbeam/debug/dist/src/tree.js
FN:5,(anonymous_0)
FN:14,(anonymous_1)
FN:17,(anonymous_2)
FN:27,(anonymous_3)
FN:36,(anonymous_4)
FN:42,(anonymous_5)
FN:47,(anonymous_6)
FN:50,(anonymous_7)
FN:55,(anonymous_8)
FN:59,(anonymous_9)
FN:67,(anonymous_10)
FN:70,(anonymous_11)
FN:80,isContentList
FN:84,(anonymous_13)
FN:93,(anonymous_14)
FN:96,(anonymous_15)
FN:99,(anonymous_16)
FN:106,(anonymous_17)
FN:110,(anonymous_18)
FN:111,(anonymous_19)
FN:119,(anonymous_20)
FN:122,(anonymous_21)
FN:125,(anonymous_22)
FN:132,(anonymous_23)
FN:136,(anonymous_24)
FN:147,(anonymous_25)
FN:150,(anonymous_26)
FN:153,(anonymous_27)
FN:161,(anonymous_28)
FN:165,(anonymous_29)
FN:168,(anonymous_30)
FN:175,(anonymous_31)
FN:179,mapPresent
FN:183,(anonymous_33)
FN:186,(anonymous_34)
FN:189,(anonymous_35)
FN:193,(anonymous_36)
FN:197,(anonymous_37)
FN:200,(anonymous_38)
FNF:39
FNH:0
FNDA:0,(anonymous_0)
FNDA:0,(anonymous_1)
FNDA:0,(anonymous_2)
FNDA:0,(anonymous_3)
FNDA:0,(anonymous_4)
FNDA:0,(anonymous_5)
FNDA:0,(anonymous_6)
FNDA:0,(anonymous_7)
FNDA:0,(anonymous_8)
FNDA:0,(anonymous_9)
FNDA:0,(anonymous_10)
FNDA:0,(anonymous_11)
FNDA:0,isContentList
FNDA:0,(anonymous_13)
FNDA:0,(anonymous_14)
FNDA:0,(anonymous_15)
FNDA:0,(anonymous_16)
FNDA:0,(anonymous_17)
FNDA:0,(anonymous_18)
FNDA:0,(anonymous_19)
FNDA:0,(anonymous_20)
FNDA:0,(anonymous_21)
FNDA:0,(anonymous_22)
FNDA:0,(anonymous_23)
FNDA:0,(anonymous_24)
FNDA:0,(anonymous_25)
FNDA:0,(anonymous_26)
FNDA:0,(anonymous_27)
FNDA:0,(anonymous_28)
FNDA:0,(anonymous_29)
FNDA:0,(anonymous_30)
FNDA:0,(anonymous_31)
FNDA:0,mapPresent
FNDA:0,(anonymous_33)
FNDA:0,(anonymous_34)
FNDA:0,(anonymous_35)
FNDA:0,(anonymous_36)
FNDA:0,(anonymous_37)
FNDA:0,(anonymous_38)
DA:3,1
DA:6,0
DA:7,0
DA:8,0
DA:10,0
DA:15,0
DA:18,0
DA:19,0
DA:20,0
DA:23,0
DA:25,0
DA:28,0
DA:29,0
DA:30,0
DA:32,0
DA:34,0
DA:37,0
DA:38,0
DA:41,1
DA:42,0
DA:48,0
DA:51,0
DA:56,0
DA:57,0
DA:60,0
DA:68,0
DA:71,0
DA:72,0
DA:73,0
DA:74,0
DA:76,0
DA:81,0
DA:85,0
DA:86,0
DA:88,0
DA:94,0
DA:97,0
DA:100,0
DA:101,0
DA:103,0
DA:107,0
DA:108,0
DA:111,0
DA:113,0
DA:120,0
DA:123,0
DA:126,0
DA:127,0
DA:129,0
DA:133,0
DA:134,0
DA:137,0
DA:138,0
DA:139,0
DA:141,0
DA:148,0
DA:151,0
DA:154,0
DA:155,0
DA:157,0
DA:158,0
DA:162,0
DA:163,0
DA:166,0
DA:169,0
DA:170,0
DA:171,0
DA:173,0
DA:176,0
DA:180,0
DA:184,0
DA:187,0
DA:190,0
DA:194,0
DA:195,0
DA:198,0
DA:201,0
LF:77
LH:2
BRDA:6,0,0,0
BRDA:6,0,1,0
BRDA:18,1,0,0
BRDA:18,1,1,0
BRDA:19,2,0,0
BRDA:28,3,0,0
BRDA:28,3,1,0
BRDA:68,4,0,0
BRDA:68,4,1,0
BRDA:71,5,0,0
BRDA:71,5,1,0
BRDA:73,6,0,0
BRDA:73,6,1,0
BRDA:81,7,0,0
BRDA:81,7,1,0
BRDA:85,8,0,0
BRDA:85,8,1,0
BRDA:94,9,0,0
BRDA:94,9,1,0
BRDA:100,10,0,0
BRDA:120,11,0,0
BRDA:120,11,1,0
BRDA:126,12,0,0
BRDA:148,13,0,0
BRDA:148,13,1,0
BRDA:154,14,0,0
BRDA:184,15,0,0
BRDA:184,15,1,0
BRDA:187,16,0,0
BRDA:187,16,1,0
BRF:30
BRH:0
end_of_record
TN:
SF:@starbeam/debug/dist/src/wrapper.js
FN:34,(anonymous_0)
FN:37,(anonymous_1)
FN:42,(anonymous_2)
FN:47,(anonymous_3)
FN:54,(anonymous_4)
FN:63,QualifiedName
FN:71,LocalName
FNF:7
FNH:4
FNDA:0,(anonymous_0)
FNDA:4,(anonymous_1)
FNDA:12,(anonymous_2)
FNDA:0,(anonymous_3)
FNDA:4,(anonymous_4)
FNDA:4,QualifiedName
FNDA:0,LocalName
DA:35,0
DA:38,4
DA:43,12
DA:48,0
DA:55,4
DA:56,4
DA:57,4
DA:60,1
DA:64,4
DA:68,1
DA:72,0
LF:11
LH:8
BRF:0
BRH:0
end_of_record
TN:
SF:@starbeam/dom/dist/src/dom.js
FN:8,(anonymous_0)
FN:11,(anonymous_1)
FN:14,(anonymous_2)
FN:23,(anonymous_3)
FN:26,(anonymous_4)
FNF:5
FNH:1
FNDA:2,(anonymous_0)
FNDA:0,(anonymous_1)
FNDA:0,(anonymous_2)
FNDA:0,(anonymous_3)
FNDA:0,(anonymous_4)
DA:6,1
DA:9,2
DA:12,0
DA:15,0
DA:16,0
DA:17,0
DA:18,0
DA:20,0
DA:24,0
DA:27,0
LF:10
LH:2
BRDA:16,0,0,0
BRDA:16,0,1,0
BRF:2
BRH:0
end_of_record
TN:
SF:@starbeam/dom/dist/src/root.js
FN:7,(anonymous_0)
FN:14,(anonymous_1)
FN:18,(anonymous_2)
FN:22,(anonymous_3)
FN:26,(anonymous_4)
FN:29,(anonymous_5)
FNF:6
FNH:4
FNDA:0,(anonymous_0)
FNDA:2,(anonymous_1)
FNDA:2,(anonymous_2)
FNDA:0,(anonymous_3)
FNDA:2,(anonymous_4)
FNDA:2,(anonymous_5)
DA:8,0
DA:15,2
DA:19,2
DA:20,2
DA:21,2
DA:22,0
DA:24,2
DA:27,2
DA:30,2
DA:31,2
DA:36,2
DA:37,2
DA:38,2
LF:13
LH:11
BRDA:14,0,0,2
BRF:1
BRH:1
end_of_record
TN:
SF:@starbeam/dom/dist/src/dom/environment.js
FN:5,(anonymous_0)
FN:8,(anonymous_1)
FN:11,(anonymous_2)
FN:32,(anonymous_3)
FN:36,(anonymous_4)
FN:41,(anonymous_5)
FN:44,(anonymous_6)
FNF:7
FNH:4
FNDA:2,(anonymous_0)
FNDA:0,(anonymous_1)
FNDA:2,(anonymous_2)
FNDA:2,(anonymous_3)
FNDA:2,(anonymous_4)
FNDA:0,(anonymous_5)
FNDA:0,(anonymous_6)
DA:6,2
DA:9,0
DA:12,2
DA:13,2
DA:33,2
DA:37,2
DA:38,2
DA:39,2
DA:42,0
DA:45,0
LF:10
LH:7
BRF:0
BRH:0
end_of_record
TN:
SF:@starbeam/dom/dist/src/dom/buffer/attribute.js
FN:7,(anonymous_0)
FN:10,(anonymous_1)
FN:13,(anonymous_2)
FN:16,(anonymous_3)
FN:21,(anonymous_4)
FN:26,(anonymous_5)
FN:33,(anonymous_6)
FN:39,(anonymous_7)
FN:64,(anonymous_8)
FN:84,(anonymous_9)
FN:88,(anonymous_10)
FN:93,(anonymous_11)
FN:96,(anonymous_12)
FN:99,(anonymous_13)
FN:109,(anonymous_14)
FN:113,(anonymous_15)
FN:118,(anonymous_16)
FN:130,(anonymous_17)
FN:135,(anonymous_18)
FN:139,(anonymous_19)
FN:142,(anonymous_20)
FN:146,(anonymous_21)
FN:155,(anonymous_22)
FN:156,(anonymous_23)
FN:165,attrFor
FN:188,nullableList
FN:194,serializeAttr
FN:195,(anonymous_27)
FNF:28
FNH:11
FNDA:0,(anonymous_0)
FNDA:0,(anonymous_1)
FNDA:0,(anonymous_2)
FNDA:0,(anonymous_3)
FNDA:0,(anonymous_4)
FNDA:0,(anonymous_5)
FNDA:0,(anonymous_6)
FNDA:0,(anonymous_7)
FNDA:0,(anonymous_8)
FNDA:4,(anonymous_9)
FNDA:4,(anonymous_10)
FNDA:4,(anonymous_11)
FNDA:0,(anonymous_12)
FNDA:0,(anonymous_13)
FNDA:0,(anonymous_14)
FNDA:0,(anonymous_15)
FNDA:0,(anonymous_16)
FNDA:0,(anonymous_17)
FNDA:4,(anonymous_18)
FNDA:4,(anonymous_19)
FNDA:0,(anonymous_20)
FNDA:0,(anonymous_21)
FNDA:4,(anonymous_22)
FNDA:4,(anonymous_23)
FNDA:4,attrFor
FNDA:4,nullableList
FNDA:4,serializeAttr
FNDA:4,(anonymous_27)
DA:8,0
DA:11,0
DA:14,0
DA:17,0
DA:22,0
DA:27,0
DA:34,0
DA:35,0
DA:36,0
DA:37,0
DA:40,0
DA:41,0
DA:42,0
DA:44,0
DA:46,0
DA:47,0
DA:48,0
DA:49,0
DA:52,0
DA:56,0
DA:57,0
DA:59,0
DA:65,0
DA:66,0
DA:67,0
DA:69,0
DA:73,0
DA:74,0
DA:76,0
DA:77,0
DA:85,4
DA:89,4
DA:90,4
DA:91,4
DA:94,4
DA:97,0
DA:100,0
DA:101,0
DA:103,0
DA:104,0
DA:110,0
DA:114,0
DA:115,0
DA:116,0
DA:119,0
DA:120,0
DA:121,0
DA:124,0
DA:125,0
DA:127,0
DA:131,0
DA:136,4
DA:138,4
DA:140,4
DA:143,0
DA:144,0
DA:147,0
DA:148,0
DA:149,0
DA:151,0
DA:153,0
DA:156,4
DA:157,4
DA:158,4
DA:166,4
DA:167,0
DA:174,0
DA:176,4
DA:180,0
DA:182,0
DA:184,0
DA:189,4
DA:192,4
DA:195,4
DA:196,4
DA:197,4
DA:198,4
LF:77
LH:19
BRDA:8,0,0,0
BRDA:8,0,1,0
BRDA:22,1,0,0
BRDA:22,1,1,0
BRDA:27,2,0,0
BRDA:27,2,1,0
BRDA:40,3,0,0
BRDA:41,4,0,0
BRDA:48,5,0,0
BRDA:56,6,0,0
BRDA:56,6,1,0
BRDA:66,7,0,0
BRDA:66,7,1,0
BRDA:73,8,0,0
BRDA:73,8,1,0
BRDA:77,9,0,0
BRDA:77,9,1,0
BRDA:100,10,0,0
BRDA:100,10,1,0
BRDA:120,11,0,0
BRDA:120,11,1,0
BRDA:124,12,0,0
BRDA:124,12,1,0
BRDA:131,13,0,0
BRDA:131,13,1,0
BRDA:148,14,0,0
BRDA:148,14,1,0
BRDA:162,15,0,4
BRDA:162,15,1,4
BRDA:166,16,0,0
BRDA:166,16,1,4
BRDA:170,17,0,4
BRDA:170,17,1,0
BRDA:170,17,2,0
BRDA:173,18,0,0
BRDA:192,19,0,0
BRDA:192,19,1,4
BRF:37
BRH:5
end_of_record
TN:
SF:@starbeam/dom/dist/src/dom/buffer/body.js
FN:7,(anonymous_0)
FN:11,(anonymous_1)
FN:14,(anonymous_2)
FN:17,(anonymous_3)
FN:26,(anonymous_4)
FN:31,(anonymous_5)
FN:36,(anonymous_6)
FN:42,(anonymous_7)
FN:46,(anonymous_8)
FN:58,(anonymous_9)
FN:61,(anonymous_10)
FN:65,(anonymous_11)
FN:69,(anonymous_12)
FN:73,(anonymous_13)
FN:79,(anonymous_14)
FN:82,(anonymous_15)
FN:86,(anonymous_16)
FN:89,(anonymous_17)
FN:92,(anonymous_18)
FN:96,(anonymous_19)
FN:102,(anonymous_20)
FN:110,(anonymous_21)
FN:115,(anonymous_22)
FN:123,(anonymous_23)
FN:132,(anonymous_24)
FN:138,(anonymous_25)
FN:144,(anonymous_26)
FN:149,(anonymous_27)
FN:159,(anonymous_28)
FN:191,(anonymous_29)
FN:197,(anonymous_30)
FNF:31
FNH:14
FNDA:2,(anonymous_0)
FNDA:2,(anonymous_1)
FNDA:30,(anonymous_2)
FNDA:8,(anonymous_3)
FNDA:0,(anonymous_4)
FNDA:2,(anonymous_5)
FNDA:0,(anonymous_6)
FNDA:0,(anonymous_7)
FNDA:0,(anonymous_8)
FNDA:0,(anonymous_9)
FNDA:0,(anonymous_10)
FNDA:0,(anonymous_11)
FNDA:0,(anonymous_12)
FNDA:0,(anonymous_13)
FNDA:2,(anonymous_14)
FNDA:0,(anonymous_15)
FNDA:2,(anonymous_16)
FNDA:0,(anonymous_17)
FNDA:2,(anonymous_18)
FNDA:0,(anonymous_19)
FNDA:4,(anonymous_20)
FNDA:2,(anonymous_21)
FNDA:4,(anonymous_22)
FNDA:4,(anonymous_23)
FNDA:0,(anonymous_24)
FNDA:4,(anonymous_25)
FNDA:0,(anonymous_26)
FNDA:0,(anonymous_27)
FNDA:0,(anonymous_28)
FNDA:0,(anonymous_29)
FNDA:4,(anonymous_30)
DA:8,2
DA:12,2
DA:15,30
DA:18,8
DA:19,8
DA:20,8
DA:21,4
DA:23,8
DA:27,0
DA:28,0
DA:32,2
DA:37,0
DA:43,0
DA:47,0
DA:50,0
DA:53,0
DA:56,0
DA:59,0
DA:62,0
DA:63,0
DA:66,0
DA:67,0
DA:70,0
DA:71,0
DA:74,0
DA:75,0
DA:80,2
DA:83,0
DA:87,2
DA:90,0
DA:93,2
DA:94,2
DA:97,0
DA:98,0
DA:99,0
DA:100,0
DA:103,4
DA:104,4
DA:105,4
DA:106,0
DA:108,4
DA:111,2
DA:116,4
DA:122,4
DA:124,4
DA:127,8
DA:130,16
DA:133,0
DA:134,0
DA:136,0
DA:139,4
DA:140,4
DA:141,4
DA:142,4
DA:145,0
DA:146,0
DA:147,0
DA:150,0
DA:154,0
DA:155,0
DA:160,0
DA:161,0
DA:164,4
DA:165,4
DA:170,0
DA:177,4
DA:178,4
DA:182,4
DA:183,4
DA:185,0
DA:186,0
DA:188,0
DA:192,0
DA:195,0
DA:198,4
DA:201,4
DA:202,4
LF:77
LH:36
BRDA:18,0,0,8
BRDA:20,1,0,4
BRDA:105,2,0,0
BRDA:164,3,0,4
BRDA:164,3,1,0
BRDA:164,4,0,4
BRDA:164,4,1,4
BRDA:180,5,0,4
BRDA:180,5,1,4
BRDA:180,5,2,0
BRDA:197,6,0,4
BRDA:201,7,0,4
BRF:12
BRH:9
end_of_record
TN:
SF:@starbeam/dom/dist/src/dom/buffer/escape.js
FN:1,escapeAttrValue
FN:4,escapeTextValue
FN:7,escapeCommentValue
FNF:3
FNH:2
FNDA:4,escapeAttrValue
FNDA:2,escapeTextValue
FNDA:0,escapeCommentValue
DA:2,4
DA:5,2
DA:9,0
LF:3
LH:2
BRF:0
BRH:0
end_of_record
TN:
SF:@starbeam/dom/dist/src/dom/streaming/compatible-dom.js
FN:6,(anonymous_0)
FN:16,(anonymous_1)
FN:23,(anonymous_2)
FN:26,(anonymous_3)
FN:29,(anonymous_4)
FN:33,(anonymous_5)
FN:41,(anonymous_6)
FN:50,(anonymous_7)
FN:53,(anonymous_8)
FN:57,(anonymous_9)
FN:61,(anonymous_10)
FN:67,(anonymous_11)
FN:73,(anonymous_12)
FN:78,(anonymous_13)
FN:81,(anonymous_14)
FN:82,(anonymous_15)
FN:87,(anonymous_16)
FN:94,(anonymous_17)
FN:99,(anonymous_18)
FN:104,(anonymous_19)
FN:107,(anonymous_20)
FN:110,(anonymous_21)
FN:114,(anonymous_22)
FN:121,(anonymous_23)
FN:124,(anonymous_24)
FN:136,(anonymous_25)
FN:140,(anonymous_26)
FN:143,(anonymous_27)
FN:146,(anonymous_28)
FN:149,(anonymous_29)
FN:180,(anonymous_30)
FN:184,(anonymous_31)
FN:192,(anonymous_32)
FN:201,(anonymous_33)
FN:211,(anonymous_34)
FN:215,(anonymous_35)
FN:219,(anonymous_36)
FN:222,(anonymous_37)
FN:225,(anonymous_38)
FN:232,(anonymous_39)
FN:235,(anonymous_40)
FN:238,(anonymous_41)
FN:244,(anonymous_42)
FN:248,(anonymous_43)
FN:255,(anonymous_44)
FN:258,(anonymous_45)
FN:265,(anonymous_46)
FN:277,(anonymous_47)
FN:286,(anonymous_48)
FN:290,(anonymous_49)
FN:293,(anonymous_50)
FN:299,(anonymous_51)
FN:309,(anonymous_52)
FN:317,(anonymous_53)
FN:319,(anonymous_54)
FN:323,(anonymous_55)
FN:326,(anonymous_56)
FN:339,(anonymous_57)
FN:342,(anonymous_58)
FN:345,(anonymous_59)
FN:348,(anonymous_60)
FN:351,(anonymous_61)
FN:359,(anonymous_62)
FN:360,(anonymous_63)
FN:365,(anonymous_64)
FN:366,(anonymous_65)
FN:372,isHtmlElement
FN:375,getElementNS
FN:405,getAttrNS
FNF:69
FNH:11
FNDA:0,(anonymous_0)
FNDA:2,(anonymous_1)
FNDA:0,(anonymous_2)
FNDA:0,(anonymous_3)
FNDA:0,(anonymous_4)
FNDA:0,(anonymous_5)
FNDA:0,(anonymous_6)
FNDA:0,(anonymous_7)
FNDA:0,(anonymous_8)
FNDA:0,(anonymous_9)
FNDA:0,(anonymous_10)
FNDA:0,(anonymous_11)
FNDA:0,(anonymous_12)
FNDA:0,(anonymous_13)
FNDA:0,(anonymous_14)
FNDA:0,(anonymous_15)
FNDA:0,(anonymous_16)
FNDA:0,(anonymous_17)
FNDA:0,(anonymous_18)
FNDA:2,(anonymous_19)
FNDA:2,(anonymous_20)
FNDA:2,(anonymous_21)
FNDA:0,(anonymous_22)
FNDA:0,(anonymous_23)
FNDA:0,(anonymous_24)
FNDA:0,(anonymous_25)
FNDA:0,(anonymous_26)
FNDA:0,(anonymous_27)
FNDA:0,(anonymous_28)
FNDA:0,(anonymous_29)
FNDA:0,(anonymous_30)
FNDA:0,(anonymous_31)
FNDA:0,(anonymous_32)
FNDA:0,(anonymous_33)
FNDA:0,(anonymous_34)
FNDA:0,(anonymous_35)
FNDA:0,(anonymous_36)
FNDA:2,(anonymous_37)
FNDA:0,(anonymous_38)
FNDA:2,(anonymous_39)
FNDA:0,(anonymous_40)
FNDA:0,(anonymous_41)
FNDA:0,(anonymous_42)
FNDA:0,(anonymous_43)
FNDA:2,(anonymous_44)
FNDA:0,(anonymous_45)
FNDA:0,(anonymous_46)
FNDA:0,(anonymous_47)
FNDA:0,(anonymous_48)
FNDA:0,(anonymous_49)
FNDA:0,(anonymous_50)
FNDA:4,(anonymous_51)
FNDA:0,(anonymous_52)
FNDA:0,(anonymous_53)
FNDA:0,(anonymous_54)
FNDA:0,(anonymous_55)
FNDA:2,(anonymous_56)
FNDA:2,(anonymous_57)
FNDA:2,(anonymous_58)
FNDA:0,(anonymous_59)
FNDA:0,(anonymous_60)
FNDA:0,(anonymous_61)
FNDA:0,(anonymous_62)
FNDA:0,(anonymous_63)
FNDA:0,(anonymous_64)
FNDA:0,(anonymous_65)
FNDA:0,isHtmlElement
FNDA:0,getElementNS
FNDA:0,getAttrNS
DA:5,1
DA:7,0
DA:8,0
DA:9,0
DA:11,0
DA:17,2
DA:18,0
DA:20,2
DA:24,0
DA:27,0
DA:30,0
DA:31,0
DA:34,0
DA:35,0
DA:36,0
DA:38,0
DA:42,0
DA:43,0
DA:51,0
DA:54,0
DA:55,0
DA:58,0
DA:59,0
DA:62,0
DA:63,0
DA:68,0
DA:74,0
DA:75,0
DA:76,0
DA:79,0
DA:82,0
DA:88,0
DA:95,0
DA:96,0
DA:97,0
DA:100,0
DA:105,2
DA:108,2
DA:111,2
DA:112,2
DA:115,0
DA:122,0
DA:125,0
DA:137,0
DA:138,0
DA:141,0
DA:144,0
DA:147,0
DA:150,0
DA:181,0
DA:182,0
DA:185,0
DA:186,0
DA:187,0
DA:189,0
DA:193,0
DA:202,0
DA:203,0
DA:212,0
DA:213,0
DA:216,0
DA:217,0
DA:220,0
DA:223,2
DA:226,0
DA:227,0
DA:228,0
DA:230,0
DA:233,2
DA:236,0
DA:239,0
DA:242,1
DA:245,0
DA:249,0
DA:256,2
DA:259,0
DA:260,0
DA:262,0
DA:266,0
DA:267,0
DA:268,0
DA:278,0
DA:287,0
DA:288,0
DA:291,0
DA:294,0
DA:295,0
DA:296,0
DA:297,0
DA:300,4
DA:301,4
DA:302,4
DA:303,4
DA:304,4
DA:306,0
DA:310,0
DA:311,0
DA:312,0
DA:313,0
DA:314,0
DA:318,0
DA:319,0
DA:321,0
DA:324,0
DA:327,2
DA:330,0
DA:331,0
DA:333,0
DA:337,1
DA:340,2
DA:343,2
DA:346,0
DA:349,0
DA:352,0
DA:353,0
DA:354,0
DA:356,0
DA:360,0
DA:361,0
DA:362,0
DA:366,0
DA:367,0
DA:368,0
DA:373,0
DA:382,0
DA:384,0
DA:387,0
DA:388,0
DA:390,0
DA:395,0
DA:397,0
DA:399,0
DA:402,0
DA:406,0
DA:407,0
DA:417,0
DA:420,0
DA:423,0
DA:425,0
LF:139
LH:20
BRDA:8,0,0,0
BRDA:8,0,1,0
BRDA:8,1,0,0
BRDA:8,1,1,0
BRDA:17,2,0,0
BRDA:17,2,1,2
BRDA:17,3,0,2
BRDA:17,3,1,2
BRDA:35,4,0,0
BRDA:35,4,1,0
BRDA:35,5,0,0
BRDA:35,5,1,0
BRDA:45,6,0,0
BRDA:45,6,1,0
BRDA:55,7,0,0
BRDA:55,7,1,0
BRDA:181,8,0,0
BRDA:181,8,1,0
BRDA:186,9,0,0
BRDA:186,9,1,0
BRDA:227,10,0,0
BRDA:259,11,0,0
BRDA:259,11,1,0
BRDA:267,12,0,0
BRDA:303,13,0,4
BRDA:303,13,1,0
BRDA:330,14,0,0
BRDA:330,14,1,0
BRDA:353,15,0,0
BRDA:353,15,1,0
BRDA:359,16,0,0
BRDA:386,17,0,0
BRDA:379,18,0,0
BRDA:379,18,1,0
BRDA:379,18,2,0
BRDA:387,19,0,0
BRDA:387,19,1,0
BRDA:387,20,0,0
BRDA:387,20,1,0
BRDA:387,20,2,0
BRDA:394,21,0,0
BRDA:394,21,1,0
BRDA:406,22,0,0
BRDA:410,23,0,0
BRDA:410,23,1,0
BRDA:410,23,2,0
BRDA:410,23,3,0
BRDA:410,23,4,0
BRDA:410,23,5,0
BRDA:410,23,6,0
BRDA:410,23,7,0
BRDA:410,23,8,0
BRDA:410,23,9,0
BRDA:410,23,10,0
BRF:54
BRH:4
end_of_record
TN:
SF:@starbeam/dom/dist/src/dom/streaming/cursor.js
FN:5,(anonymous_0)
FN:8,(anonymous_1)
FN:11,(anonymous_2)
FN:15,(anonymous_3)
FN:20,(anonymous_4)
FN:23,(anonymous_5)
FN:27,(anonymous_6)
FN:32,(anonymous_7)
FN:48,(anonymous_8)
FN:53,(anonymous_9)
FN:62,(anonymous_10)
FN:68,(anonymous_11)
FN:71,(anonymous_12)
FN:74,(anonymous_13)
FN:79,(anonymous_14)
FN:85,(anonymous_15)
FNF:16
FNH:2
FNDA:8,(anonymous_0)
FNDA:0,(anonymous_1)
FNDA:8,(anonymous_2)
FNDA:0,(anonymous_3)
FNDA:0,(anonymous_4)
FNDA:0,(anonymous_5)
FNDA:0,(anonymous_6)
FNDA:0,(anonymous_7)
FNDA:0,(anonymous_8)
FNDA:0,(anonymous_9)
FNDA:0,(anonymous_10)
FNDA:0,(anonymous_11)
FNDA:0,(anonymous_12)
FNDA:0,(anonymous_13)
FNDA:0,(anonymous_14)
FNDA:0,(anonymous_15)
DA:6,8
DA:9,0
DA:12,8
DA:13,8
DA:16,0
DA:21,0
DA:24,0
DA:25,0
DA:28,0
DA:29,0
DA:30,0
DA:33,0
DA:36,0
DA:37,0
DA:38,0
DA:40,0
DA:49,0
DA:50,0
DA:51,0
DA:54,0
DA:55,0
DA:56,0
DA:57,0
DA:59,0
DA:63,0
DA:64,0
DA:65,0
DA:66,0
DA:69,0
DA:72,0
DA:75,0
DA:77,0
DA:80,0
DA:81,0
DA:82,0
DA:83,0
DA:86,0
DA:87,0
DA:89,0
DA:90,0
DA:91,0
DA:92,0
DA:93,0
DA:95,0
DA:100,0
DA:103,1
LF:46
LH:4
BRDA:37,0,0,0
BRDA:37,0,1,0
BRDA:48,1,0,0
BRDA:54,2,0,0
BRDA:54,2,1,0
BRDA:92,3,0,0
BRDA:92,3,1,0
BRF:7
BRH:0
end_of_record
TN:
SF:@starbeam/dom/dist/src/dom/streaming/marker.js
FN:12,(anonymous_0)
FN:16,Body
FN:19,Element
FN:22,Marker
FN:26,(anonymous_4)
FN:28,(anonymous_5)
FN:33,(anonymous_6)
FN:43,(anonymous_7)
FN:48,(anonymous_8)
FN:50,(anonymous_9)
FN:58,(anonymous_10)
FN:60,(anonymous_11)
FN:60,(anonymous_12)
FN:62,(anonymous_13)
FN:67,(anonymous_14)
FN:76,(anonymous_15)
FN:85,(anonymous_16)
FN:91,(anonymous_17)
FN:100,(anonymous_18)
FN:104,(anonymous_19)
FN:109,(anonymous_20)
FN:123,attrSelector
FN:132,findElement
FN:140,findElements
FN:141,iterate
FNF:25
FNH:14
FNDA:0,(anonymous_0)
FNDA:0,Body
FNDA:0,Element
FNDA:3,Marker
FNDA:0,(anonymous_4)
FNDA:0,(anonymous_5)
FNDA:0,(anonymous_6)
FNDA:0,(anonymous_7)
FNDA:1,(anonymous_8)
FNDA:0,(anonymous_9)
FNDA:2,(anonymous_10)
FNDA:2,(anonymous_11)
FNDA:0,(anonymous_12)
FNDA:2,(anonymous_13)
FNDA:2,(anonymous_14)
FNDA:2,(anonymous_15)
FNDA:0,(anonymous_16)
FNDA:2,(anonymous_17)
FNDA:2,(anonymous_18)
FNDA:2,(anonymous_19)
FNDA:0,(anonymous_20)
FNDA:4,attrSelector
FNDA:4,findElement
FNDA:4,findElements
FNDA:4,iterate
DA:10,1
DA:11,1
DA:13,0
DA:17,0
DA:20,0
DA:23,3
DA:27,0
DA:28,0
DA:34,0
DA:35,0
DA:36,0
DA:37,0
DA:38,0
DA:41,1
DA:44,0
DA:45,0
DA:46,0
DA:49,1
DA:50,0
DA:56,1
DA:59,2
DA:60,0
DA:62,2
DA:64,2
DA:65,2
DA:68,2
DA:77,2
DA:78,2
DA:79,2
DA:80,2
DA:83,1
DA:86,0
DA:89,1
DA:92,2
DA:93,2
DA:94,2
DA:95,2
DA:96,2
DA:101,2
DA:102,2
DA:105,2
DA:106,2
DA:107,2
DA:108,0
DA:109,0
DA:110,0
DA:111,0
DA:112,0
DA:115,2
DA:116,2
DA:117,2
DA:118,2
DA:119,2
DA:124,4
DA:125,4
DA:126,0
DA:128,4
DA:129,4
DA:133,4
DA:136,4
DA:137,4
DA:138,4
DA:142,4
DA:143,0
DA:145,4
DA:147,4
LF:66
LH:43
BRDA:60,0,0,0
BRDA:64,1,0,2
BRDA:107,2,0,0
BRDA:107,2,1,2
BRDA:125,3,0,0
BRDA:125,3,1,4
BRDA:142,4,0,0
BRDA:142,5,0,4
BRDA:142,5,1,4
BRF:9
BRH:5
end_of_record
TN:
SF:@starbeam/dom/dist/src/dom/streaming/namespaces.js
FNF:0
FNH:0
DA:1,1
DA:2,1
DA:3,1
DA:4,1
DA:5,1
DA:6,1
LF:6
LH:6
BRF:0
BRH:0
end_of_record
TN:
SF:@starbeam/dom/dist/src/dom/streaming/token.js
FN:6,(anonymous_0)
FN:10,(anonymous_1)
FN:14,(anonymous_2)
FN:17,(anonymous_3)
FN:25,(anonymous_4)
FN:29,(anonymous_5)
FN:37,(anonymous_6)
FN:42,(anonymous_7)
FN:48,(anonymous_8)
FN:54,(anonymous_9)
FN:59,(anonymous_10)
FN:64,(anonymous_11)
FN:69,(anonymous_12)
FN:75,(anonymous_13)
FN:80,tokenId
FNF:15
FNH:14
FNDA:2,(anonymous_0)
FNDA:2,(anonymous_1)
FNDA:2,(anonymous_2)
FNDA:2,(anonymous_3)
FNDA:2,(anonymous_4)
FNDA:2,(anonymous_5)
FNDA:2,(anonymous_6)
FNDA:2,(anonymous_7)
FNDA:2,(anonymous_8)
FNDA:2,(anonymous_9)
FNDA:2,(anonymous_10)
FNDA:2,(anonymous_11)
FNDA:6,(anonymous_12)
FNDA:0,(anonymous_13)
FNDA:8,tokenId
DA:4,1
DA:7,2
DA:11,2
DA:12,2
DA:15,2
DA:18,2
DA:19,2
DA:20,2
DA:26,2
DA:30,2
DA:31,2
DA:38,2
DA:43,2
DA:49,2
DA:50,2
DA:51,2
DA:52,2
DA:55,2
DA:60,2
DA:65,2
DA:66,2
DA:67,2
DA:70,6
DA:71,2
DA:73,6
DA:76,0
DA:81,8
LF:27
LH:26
BRDA:70,0,0,2
BRF:1
BRH:1
end_of_record
TN:
SF:@starbeam/dom/dist/src/dom/streaming/tree-constructor.js
FN:6,(anonymous_0)
FN:14,(anonymous_1)
FN:19,(anonymous_2)
FN:23,(anonymous_3)
FN:26,(anonymous_4)
FN:32,(anonymous_5)
FN:36,(anonymous_6)
FN:41,(anonymous_7)
FN:46,(anonymous_8)
FN:49,(anonymous_9)
FN:54,(anonymous_10)
FN:58,(anonymous_11)
FN:60,(anonymous_12)
FN:69,(anonymous_13)
FN:70,(anonymous_14)
FN:73,(anonymous_15)
FN:74,(anonymous_16)
FN:77,(anonymous_17)
FN:79,(anonymous_18)
FN:102,(anonymous_19)
FN:106,(anonymous_20)
FN:111,(anonymous_21)
FN:114,(anonymous_22)
FN:119,(anonymous_23)
FN:124,(anonymous_24)
FN:128,(anonymous_25)
FNF:26
FNH:7
FNDA:2,(anonymous_0)
FNDA:0,(anonymous_1)
FNDA:0,(anonymous_2)
FNDA:0,(anonymous_3)
FNDA:0,(anonymous_4)
FNDA:0,(anonymous_5)
FNDA:0,(anonymous_6)
FNDA:0,(anonymous_7)
FNDA:0,(anonymous_8)
FNDA:0,(anonymous_9)
FNDA:2,(anonymous_10)
FNDA:0,(anonymous_11)
FNDA:0,(anonymous_12)
FNDA:2,(anonymous_13)
FNDA:2,(anonymous_14)
FNDA:0,(anonymous_15)
FNDA:0,(anonymous_16)
FNDA:0,(anonymous_17)
FNDA:0,(anonymous_18)
FNDA:2,(anonymous_19)
FNDA:2,(anonymous_20)
FNDA:0,(anonymous_21)
FNDA:2,(anonymous_22)
FNDA:0,(anonymous_23)
FNDA:0,(anonymous_24)
FNDA:0,(anonymous_25)
DA:5,1
DA:7,2
DA:10,1
DA:15,0
DA:20,0
DA:21,0
DA:24,0
DA:27,0
DA:28,0
DA:29,0
DA:33,0
DA:34,0
DA:37,0
DA:40,1
DA:42,0
DA:47,0
DA:50,0
DA:55,2
DA:56,2
DA:60,0
DA:61,0
DA:62,0
DA:64,0
DA:70,2
DA:74,0
DA:78,0
DA:79,0
DA:80,0
DA:81,0
DA:82,0
DA:83,0
DA:84,0
DA:86,0
DA:89,0
DA:92,2
DA:93,2
DA:95,0
DA:103,2
DA:107,2
DA:108,2
DA:109,2
DA:112,0
DA:115,2
DA:120,0
DA:125,0
DA:126,0
DA:129,0
DA:130,0
DA:131,0
LF:49
LH:14
BRDA:7,0,0,0
BRDA:7,0,1,2
BRDA:28,1,0,0
BRDA:34,2,0,0
BRDA:34,2,1,0
BRDA:36,3,0,0
BRDA:81,4,0,0
BRDA:81,4,1,0
BRDA:92,5,0,2
BRDA:92,5,1,0
BRDA:130,6,0,0
BRF:11
BRH:2
end_of_record
TN:
SF:@starbeam/dom/dist/src/program-node/attribute.js
FN:7,(anonymous_0)
FN:11,(anonymous_1)
FN:15,(anonymous_2)
FN:18,(anonymous_3)
FN:26,(anonymous_4)
FN:31,(anonymous_5)
FN:35,(anonymous_6)
FN:38,(anonymous_7)
FN:41,(anonymous_8)
FNF:9
FNH:0
FNDA:0,(anonymous_0)
FNDA:0,(anonymous_1)
FNDA:0,(anonymous_2)
FNDA:0,(anonymous_3)
FNDA:0,(anonymous_4)
FNDA:0,(anonymous_5)
FNDA:0,(anonymous_6)
FNDA:0,(anonymous_7)
FNDA:0,(anonymous_8)
DA:8,0
DA:12,0
DA:13,0
DA:16,0
DA:19,0
DA:21,0
DA:22,0
DA:27,0
DA:32,0
DA:33,0
DA:36,0
DA:39,0
DA:42,0
LF:13
LH:0
BRF:0
BRH:0
end_of_record
TN:
SF:@starbeam/dom/dist/src/program-node/content.js
FN:4,(anonymous_0)
FN:7,(anonymous_1)
FN:10,(anonymous_2)
FNF:3
FNH:0
FNDA:0,(anonymous_0)
FNDA:0,(anonymous_1)
FNDA:0,(anonymous_2)
DA:5,0
DA:8,0
DA:11,0
LF:3
LH:0
BRF:0
BRH:0
end_of_record
TN:
SF:@starbeam/dom/dist/src/program-node/data.js
FN:7,(anonymous_0)
FN:10,(anonymous_1)
FN:14,(anonymous_2)
FN:17,(anonymous_3)
FN:20,(anonymous_4)
FN:26,(anonymous_5)
FN:29,(anonymous_6)
FN:34,(anonymous_7)
FN:37,(anonymous_8)
FN:42,(anonymous_9)
FN:47,(anonymous_10)
FN:52,(anonymous_11)
FN:55,(anonymous_12)
FN:58,(anonymous_13)
FN:61,(anonymous_14)
FNF:15
FNH:10
FNDA:0,(anonymous_0)
FNDA:0,(anonymous_1)
FNDA:2,(anonymous_2)
FNDA:2,(anonymous_3)
FNDA:2,(anonymous_4)
FNDA:2,(anonymous_5)
FNDA:2,(anonymous_6)
FNDA:0,(anonymous_7)
FNDA:0,(anonymous_8)
FNDA:2,(anonymous_9)
FNDA:2,(anonymous_10)
FNDA:2,(anonymous_11)
FNDA:3,(anonymous_12)
FNDA:3,(anonymous_13)
FNDA:0,(anonymous_14)
DA:8,0
DA:11,0
DA:15,2
DA:18,2
DA:21,2
DA:22,2
DA:27,2
DA:30,2
DA:35,0
DA:38,0
DA:43,2
DA:48,2
DA:49,2
DA:50,2
DA:53,2
DA:56,3
DA:59,3
DA:62,0
LF:18
LH:13
BRF:0
BRH:0
end_of_record
TN:
SF:@starbeam/dom/dist/src/program-node/element.js
FN:12,(anonymous_0)
FN:25,(anonymous_1)
FN:32,(anonymous_2)
FN:35,(anonymous_3)
FN:36,(anonymous_4)
FN:37,(anonymous_5)
FN:42,(anonymous_6)
FN:50,(anonymous_7)
FN:57,(anonymous_8)
FN:66,(anonymous_9)
FN:70,(anonymous_10)
FN:76,(anonymous_11)
FN:88,(anonymous_12)
FN:96,(anonymous_13)
FN:104,(anonymous_14)
FN:107,(anonymous_15)
FN:110,(anonymous_16)
FN:119,(anonymous_17)
FN:124,(anonymous_18)
FN:138,(anonymous_19)
FN:146,(anonymous_20)
FN:149,(anonymous_21)
FN:157,(anonymous_22)
FN:161,(anonymous_23)
FNF:24
FNH:0
FNDA:0,(anonymous_0)
FNDA:0,(anonymous_1)
FNDA:0,(anonymous_2)
FNDA:0,(anonymous_3)
FNDA:0,(anonymous_4)
FNDA:0,(anonymous_5)
FNDA:0,(anonymous_6)
FNDA:0,(anonymous_7)
FNDA:0,(anonymous_8)
FNDA:0,(anonymous_9)
FNDA:0,(anonymous_10)
FNDA:0,(anonymous_11)
FNDA:0,(anonymous_12)
FNDA:0,(anonymous_13)
FNDA:0,(anonymous_14)
FNDA:0,(anonymous_15)
FNDA:0,(anonymous_16)
FNDA:0,(anonymous_17)
FNDA:0,(anonymous_18)
FNDA:0,(anonymous_19)
FNDA:0,(anonymous_20)
FNDA:0,(anonymous_21)
FNDA:0,(anonymous_22)
FNDA:0,(anonymous_23)
DA:13,0
DA:14,0
DA:19,0
DA:26,0
DA:27,0
DA:28,0
DA:29,0
DA:30,0
DA:33,0
DA:36,0
DA:37,0
DA:43,0
DA:51,0
DA:52,0
DA:53,0
DA:54,0
DA:55,0
DA:58,0
DA:59,0
DA:60,0
DA:61,0
DA:64,0
DA:67,0
DA:68,0
DA:71,0
DA:72,0
DA:73,0
DA:74,0
DA:77,0
DA:78,0
DA:80,0
DA:89,0
DA:97,0
DA:98,0
DA:99,0
DA:100,0
DA:101,0
DA:102,0
DA:105,0
DA:108,0
DA:111,0
DA:112,0
DA:113,0
DA:115,0
DA:116,0
DA:120,0
DA:121,0
DA:123,0
DA:124,0
DA:126,0
DA:127,0
DA:129,0
DA:130,0
DA:132,0
DA:133,0
DA:139,0
DA:140,0
DA:141,0
DA:144,0
DA:145,0
DA:147,0
DA:150,0
DA:151,0
DA:153,0
DA:155,0
DA:158,0
DA:159,0
DA:162,0
LF:68
LH:0
BRDA:60,0,0,0
BRDA:66,1,0,0
BRDA:77,2,0,0
BRDA:77,2,1,0
BRDA:115,3,0,0
BRDA:120,4,0,0
BRDA:129,5,0,0
BRDA:129,6,0,0
BRDA:129,6,1,0
BRDA:132,7,0,0
BRDA:150,8,0,0
BRDA:150,8,1,0
BRF:12
BRH:0
end_of_record
TN:
SF:@starbeam/dom/dist/src/program-node/fragment.js
FN:8,(anonymous_0)
FN:13,(anonymous_1)
FN:17,(anonymous_2)
FN:20,(anonymous_3)
FN:21,(anonymous_4)
FN:27,(anonymous_5)
FN:32,(anonymous_6)
FN:37,(anonymous_7)
FN:40,(anonymous_8)
FN:46,(anonymous_9)
FN:51,(anonymous_10)
FN:58,(anonymous_11)
FN:64,(anonymous_12)
FN:68,(anonymous_13)
FNF:14
FNH:0
FNDA:0,(anonymous_0)
FNDA:0,(anonymous_1)
FNDA:0,(anonymous_2)
FNDA:0,(anonymous_3)
FNDA:0,(anonymous_4)
FNDA:0,(anonymous_5)
FNDA:0,(anonymous_6)
FNDA:0,(anonymous_7)
FNDA:0,(anonymous_8)
FNDA:0,(anonymous_9)
FNDA:0,(anonymous_10)
FNDA:0,(anonymous_11)
FNDA:0,(anonymous_12)
FNDA:0,(anonymous_13)
DA:9,0
DA:14,0
DA:15,0
DA:18,0
DA:21,0
DA:23,0
DA:28,0
DA:33,0
DA:34,0
DA:35,0
DA:38,0
DA:41,0
DA:42,0
DA:43,0
DA:44,0
DA:47,0
DA:48,0
DA:52,0
DA:53,0
DA:59,0
DA:60,0
DA:61,0
DA:63,0
DA:65,0
DA:66,0
DA:69,0
LF:26
LH:0
BRF:0
BRH:0
end_of_record
TN:
SF:@starbeam/dom/dist/src/program-node/interfaces/rendered-content.js
FN:4,(anonymous_0)
FN:7,(anonymous_1)
FN:10,(anonymous_2)
FN:14,(anonymous_3)
FNF:4
FNH:0
FNDA:0,(anonymous_0)
FNDA:0,(anonymous_1)
FNDA:0,(anonymous_2)
FNDA:0,(anonymous_3)
DA:5,0
DA:8,0
DA:11,0
DA:12,0
DA:15,0
DA:16,0
LF:6
LH:0
BRF:0
BRH:0
end_of_record
TN:
SF:@starbeam/dom/dist/src/program-node/list/diff.js
FN:11,(anonymous_0)
FN:15,(anonymous_1)
FN:19,(anonymous_2)
FN:22,(anonymous_3)
FN:25,(anonymous_4)
FN:28,(anonymous_5)
FN:31,(anonymous_6)
FN:53,(anonymous_7)
FN:63,(anonymous_8)
FN:81,(anonymous_9)
FN:139,(anonymous_10)
FN:142,(anonymous_11)
FN:145,(anonymous_12)
FN:150,(anonymous_13)
FN:153,(anonymous_14)
FN:157,(anonymous_15)
FN:164,(anonymous_16)
FN:169,(anonymous_17)
FN:174,(anonymous_18)
FN:179,(anonymous_19)
FN:182,(anonymous_20)
FN:188,(anonymous_21)
FN:193,(anonymous_22)
FN:198,(anonymous_23)
FN:203,(anonymous_24)
FN:204,(anonymous_25)
FN:208,(anonymous_26)
FN:213,(anonymous_27)
FN:216,(anonymous_28)
FN:219,(anonymous_29)
FN:222,(anonymous_30)
FN:228,(anonymous_31)
FN:232,(anonymous_32)
FN:235,(anonymous_33)
FN:241,(anonymous_34)
FN:245,(anonymous_35)
FN:248,(anonymous_36)
FN:254,(anonymous_37)
FN:258,(anonymous_38)
FN:261,(anonymous_39)
FN:267,(anonymous_40)
FN:271,(anonymous_41)
FN:274,(anonymous_42)
FNF:43
FNH:0
FNDA:0,(anonymous_0)
FNDA:0,(anonymous_1)
FNDA:0,(anonymous_2)
FNDA:0,(anonymous_3)
FNDA:0,(anonymous_4)
FNDA:0,(anonymous_5)
FNDA:0,(anonymous_6)
FNDA:0,(anonymous_7)
FNDA:0,(anonymous_8)
FNDA:0,(anonymous_9)
FNDA:0,(anonymous_10)
FNDA:0,(anonymous_11)
FNDA:0,(anonymous_12)
FNDA:0,(anonymous_13)
FNDA:0,(anonymous_14)
FNDA:0,(anonymous_15)
FNDA:0,(anonymous_16)
FNDA:0,(anonymous_17)
FNDA:0,(anonymous_18)
FNDA:0,(anonymous_19)
FNDA:0,(anonymous_20)
FNDA:0,(anonymous_21)
FNDA:0,(anonymous_22)
FNDA:0,(anonymous_23)
FNDA:0,(anonymous_24)
FNDA:0,(anonymous_25)
FNDA:0,(anonymous_26)
FNDA:0,(anonymous_27)
FNDA:0,(anonymous_28)
FNDA:0,(anonymous_29)
FNDA:0,(anonymous_30)
FNDA:0,(anonymous_31)
FNDA:0,(anonymous_32)
FNDA:0,(anonymous_33)
FNDA:0,(anonymous_34)
FNDA:0,(anonymous_35)
FNDA:0,(anonymous_36)
FNDA:0,(anonymous_37)
FNDA:0,(anonymous_38)
FNDA:0,(anonymous_39)
FNDA:0,(anonymous_40)
FNDA:0,(anonymous_41)
FNDA:0,(anonymous_42)
DA:12,0
DA:16,0
DA:17,0
DA:20,0
DA:23,0
DA:26,0
DA:29,0
DA:32,0
DA:33,0
DA:35,0
DA:36,0
DA:37,0
DA:38,0
DA:39,0
DA:40,0
DA:41,0
DA:43,0
DA:45,0
DA:49,0
DA:50,0
DA:53,0
DA:58,0
DA:59,0
DA:60,0
DA:62,0
DA:63,0
DA:65,0
DA:66,0
DA:68,0
DA:70,0
DA:73,0
DA:74,0
DA:81,0
DA:83,0
DA:84,0
DA:88,0
DA:90,0
DA:91,0
DA:92,0
DA:94,0
DA:97,0
DA:98,0
DA:100,0
DA:103,0
DA:104,0
DA:105,0
DA:106,0
DA:108,0
DA:112,0
DA:114,0
DA:116,0
DA:119,0
DA:120,0
DA:123,0
DA:126,0
DA:129,0
DA:132,0
DA:135,0
DA:140,0
DA:143,0
DA:146,0
DA:151,0
DA:154,0
DA:155,0
DA:158,0
DA:159,0
DA:160,0
DA:165,0
DA:170,0
DA:175,0
DA:176,0
DA:177,0
DA:180,0
DA:181,0
DA:182,0
DA:184,0
DA:189,0
DA:194,0
DA:199,0
DA:200,0
DA:201,0
DA:204,0
DA:206,0
DA:209,0
DA:214,0
DA:217,0
DA:220,0
DA:223,0
DA:229,0
DA:230,0
DA:233,0
DA:236,0
DA:242,0
DA:243,0
DA:246,0
DA:249,0
DA:255,0
DA:256,0
DA:259,0
DA:262,0
DA:268,0
DA:269,0
DA:272,0
DA:275,0
LF:104
LH:0
BRDA:32,0,0,0
BRDA:32,1,0,0
BRDA:32,1,1,0
BRDA:39,2,0,0
BRDA:49,3,0,0
BRDA:65,4,0,0
BRDA:65,4,1,0
BRDA:81,5,0,0
BRDA:81,5,1,0
BRDA:86,6,0,0
BRDA:86,6,1,0
BRDA:90,7,0,0
BRDA:90,7,1,0
BRDA:90,8,0,0
BRDA:90,8,1,0
BRDA:91,9,0,0
BRDA:91,9,1,0
BRDA:97,10,0,0
BRDA:97,10,1,0
BRDA:103,11,0,0
BRDA:103,11,1,0
BRF:21
BRH:0
end_of_record
TN:
SF:@starbeam/dom/dist/src/program-node/list/loop.js
FN:13,(anonymous_0)
FN:21,(anonymous_1)
FN:26,(anonymous_2)
FN:31,(anonymous_3)
FN:36,(anonymous_4)
FN:40,(anonymous_5)
FN:45,(anonymous_6)
FN:50,(anonymous_7)
FN:53,(anonymous_8)
FN:58,(anonymous_9)
FN:66,(anonymous_10)
FN:70,(anonymous_11)
FN:75,(anonymous_12)
FN:78,(anonymous_13)
FN:81,(anonymous_14)
FN:90,(anonymous_15)
FN:96,(anonymous_16)
FN:101,(anonymous_17)
FN:104,(anonymous_18)
FN:107,(anonymous_19)
FN:110,(anonymous_20)
FN:113,(anonymous_21)
FN:118,(anonymous_22)
FN:130,(anonymous_23)
FN:138,(anonymous_24)
FN:144,(anonymous_25)
FN:147,(anonymous_26)
FN:158,(anonymous_27)
FN:165,(anonymous_28)
FN:170,(anonymous_29)
FN:175,(anonymous_30)
FN:178,(anonymous_31)
FN:182,(anonymous_32)
FN:185,(anonymous_33)
FN:190,(anonymous_34)
FN:194,(anonymous_35)
FN:198,(anonymous_36)
FN:201,(anonymous_37)
FN:202,(anonymous_38)
FN:205,(anonymous_39)
FN:214,(anonymous_40)
FN:219,(anonymous_41)
FN:223,(anonymous_42)
FN:226,(anonymous_43)
FN:229,(anonymous_44)
FN:235,(anonymous_45)
FN:240,(anonymous_46)
FN:246,(anonymous_47)
FN:252,(anonymous_48)
FN:255,(anonymous_49)
FN:265,(anonymous_50)
FN:269,(anonymous_51)
FNF:52
FNH:0
FNDA:0,(anonymous_0)
FNDA:0,(anonymous_1)
FNDA:0,(anonymous_2)
FNDA:0,(anonymous_3)
FNDA:0,(anonymous_4)
FNDA:0,(anonymous_5)
FNDA:0,(anonymous_6)
FNDA:0,(anonymous_7)
FNDA:0,(anonymous_8)
FNDA:0,(anonymous_9)
FNDA:0,(anonymous_10)
FNDA:0,(anonymous_11)
FNDA:0,(anonymous_12)
FNDA:0,(anonymous_13)
FNDA:0,(anonymous_14)
FNDA:0,(anonymous_15)
FNDA:0,(anonymous_16)
FNDA:0,(anonymous_17)
FNDA:0,(anonymous_18)
FNDA:0,(anonymous_19)
FNDA:0,(anonymous_20)
FNDA:0,(anonymous_21)
FNDA:0,(anonymous_22)
FNDA:0,(anonymous_23)
FNDA:0,(anonymous_24)
FNDA:0,(anonymous_25)
FNDA:0,(anonymous_26)
FNDA:0,(anonymous_27)
FNDA:0,(anonymous_28)
FNDA:0,(anonymous_29)
FNDA:0,(anonymous_30)
FNDA:0,(anonymous_31)
FNDA:0,(anonymous_32)
FNDA:0,(anonymous_33)
FNDA:0,(anonymous_34)
FNDA:0,(anonymous_35)
FNDA:0,(anonymous_36)
FNDA:0,(anonymous_37)
FNDA:0,(anonymous_38)
FNDA:0,(anonymous_39)
FNDA:0,(anonymous_40)
FNDA:0,(anonymous_41)
FNDA:0,(anonymous_42)
FNDA:0,(anonymous_43)
FNDA:0,(anonymous_44)
FNDA:0,(anonymous_45)
FNDA:0,(anonymous_46)
FNDA:0,(anonymous_47)
FNDA:0,(anonymous_48)
FNDA:0,(anonymous_49)
FNDA:0,(anonymous_50)
FNDA:0,(anonymous_51)
DA:14,0
DA:22,0
DA:23,0
DA:24,0
DA:27,0
DA:28,0
DA:32,0
DA:37,0
DA:38,0
DA:41,0
DA:42,0
DA:46,0
DA:47,0
DA:48,0
DA:51,0
DA:54,0
DA:59,0
DA:62,0
DA:67,0
DA:68,0
DA:71,0
DA:72,0
DA:76,0
DA:79,0
DA:82,0
DA:83,0
DA:84,0
DA:86,0
DA:91,0
DA:97,0
DA:98,0
DA:99,0
DA:102,0
DA:105,0
DA:108,0
DA:111,0
DA:114,0
DA:117,1
DA:119,0
DA:120,0
DA:122,0
DA:131,0
DA:139,0
DA:140,0
DA:141,0
DA:142,0
DA:145,0
DA:148,0
DA:149,0
DA:150,0
DA:151,0
DA:152,0
DA:153,0
DA:155,0
DA:156,0
DA:158,0
DA:160,0
DA:166,0
DA:171,0
DA:172,0
DA:173,0
DA:176,0
DA:179,0
DA:180,0
DA:183,0
DA:186,0
DA:191,0
DA:195,0
DA:196,0
DA:199,0
DA:202,0
DA:203,0
DA:206,0
DA:207,0
DA:210,0
DA:215,0
DA:220,0
DA:221,0
DA:224,0
DA:227,0
DA:230,0
DA:231,0
DA:233,0
DA:236,0
DA:241,0
DA:247,0
DA:248,0
DA:249,0
DA:250,0
DA:253,0
DA:256,0
DA:257,0
DA:258,0
DA:259,0
DA:261,0
DA:262,0
DA:266,0
DA:267,0
DA:270,0
DA:271,0
DA:272,0
DA:274,0
LF:102
LH:1
BRDA:83,0,0,0
BRDA:119,1,0,0
BRDA:119,1,1,0
BRDA:152,2,0,0
BRDA:152,2,1,0
BRDA:155,3,0,0
BRDA:155,3,1,0
BRDA:230,4,0,0
BRDA:257,5,0,0
BRDA:257,5,1,0
BRDA:271,6,0,0
BRDA:271,6,1,0
BRF:12
BRH:0
end_of_record
TN:
SF:@starbeam/dom/dist/src/program-node/list/snapshot.js
FN:5,(anonymous_0)
FN:11,(anonymous_1)
FN:13,(anonymous_2)
FN:18,(anonymous_3)
FN:20,(anonymous_4)
FN:24,(anonymous_5)
FN:28,(anonymous_6)
FN:32,(anonymous_7)
FN:36,(anonymous_8)
FN:39,(anonymous_9)
FN:48,(anonymous_10)
FN:58,(anonymous_11)
FN:60,(anonymous_12)
FN:63,(anonymous_13)
FN:66,(anonymous_14)
FN:69,(anonymous_15)
FN:76,(anonymous_16)
FN:85,(anonymous_17)
FN:88,(anonymous_18)
FNF:19
FNH:0
FNDA:0,(anonymous_0)
FNDA:0,(anonymous_1)
FNDA:0,(anonymous_2)
FNDA:0,(anonymous_3)
FNDA:0,(anonymous_4)
FNDA:0,(anonymous_5)
FNDA:0,(anonymous_6)
FNDA:0,(anonymous_7)
FNDA:0,(anonymous_8)
FNDA:0,(anonymous_9)
FNDA:0,(anonymous_10)
FNDA:0,(anonymous_11)
FNDA:0,(anonymous_12)
FNDA:0,(anonymous_13)
FNDA:0,(anonymous_14)
FNDA:0,(anonymous_15)
FNDA:0,(anonymous_16)
FNDA:0,(anonymous_17)
FNDA:0,(anonymous_18)
DA:6,0
DA:7,0
DA:9,0
DA:12,0
DA:13,0
DA:18,0
DA:20,0
DA:25,0
DA:26,0
DA:29,0
DA:30,0
DA:32,0
DA:37,0
DA:40,0
DA:41,0
DA:42,0
DA:43,0
DA:45,0
DA:49,0
DA:50,0
DA:55,0
DA:59,0
DA:60,0
DA:64,0
DA:67,0
DA:70,0
DA:71,0
DA:72,0
DA:77,0
DA:78,0
DA:79,0
DA:86,0
DA:89,0
DA:90,0
LF:34
LH:0
BRDA:6,0,0,0
BRDA:12,1,0,0
BRDA:29,2,0,0
BRDA:29,2,1,0
BRDA:40,3,0,0
BRDA:40,3,1,0
BRDA:42,4,0,0
BRDA:42,4,1,0
BRDA:49,5,0,0
BRDA:49,5,1,0
BRDA:70,6,0,0
BRDA:77,7,0,0
BRF:12
BRH:0
end_of_record
TN:
SF:@starbeam/fundamental/dist/src/assert.js
FN:3,assert
FN:4,(anonymous_1)
FN:7,(anonymous_2)
FN:17,exhaustive
FNF:4
FNH:0
FNDA:0,assert
FNDA:0,(anonymous_1)
FNDA:0,(anonymous_2)
FNDA:0,exhaustive
DA:4,0
DA:7,1
DA:8,0
DA:9,0
DA:12,0
DA:13,0
DA:14,0
DA:15,0
DA:18,0
DA:19,0
DA:21,0
LF:11
LH:1
BRDA:3,0,0,0
BRDA:8,1,0,0
BRDA:18,2,0,0
BRDA:18,2,1,0
BRF:4
BRH:0
end_of_record
TN:
SF:@starbeam/fundamental/dist/src/constants.js
FNF:0
FNH:0
DA:1,1
LF:1
LH:1
BRF:0
BRH:0
end_of_record
TN:
SF:@starbeam/fundamental/dist/src/type.js
FN:1,isObject
FNF:1
FNH:1
FNDA:4,isObject
DA:2,4
LF:1
LH:1
BRDA:2,0,0,4
BRDA:2,0,1,4
BRF:2
BRH:2
end_of_record
TN:
SF:@starbeam/lifetime/dist/src/lifetime.js
FN:4,(anonymous_0)
FN:8,(anonymous_1)
FN:10,(anonymous_2)
FN:12,(anonymous_3)
FN:16,(anonymous_4)
FN:20,(anonymous_5)
FN:25,(anonymous_6)
FN:26,(anonymous_7)
FN:27,(anonymous_8)
FN:48,(anonymous_9)
FN:54,(anonymous_10)
FN:59,(anonymous_11)
FN:62,(anonymous_12)
FN:65,(anonymous_13)
FN:68,(anonymous_14)
FN:76,(anonymous_15)
FN:79,(anonymous_16)
FN:82,(anonymous_17)
FN:87,(anonymous_18)
FN:90,(anonymous_19)
FN:99,(anonymous_20)
FN:105,(anonymous_21)
FN:110,(anonymous_22)
FNF:23
FNH:6
FNDA:1,(anonymous_0)
FNDA:1,(anonymous_1)
FNDA:0,(anonymous_2)
FNDA:0,(anonymous_3)
FNDA:0,(anonymous_4)
FNDA:2,(anonymous_5)
FNDA:0,(anonymous_6)
FNDA:0,(anonymous_7)
FNDA:0,(anonymous_8)
FNDA:4,(anonymous_9)
FNDA:4,(anonymous_10)
FNDA:0,(anonymous_11)
FNDA:0,(anonymous_12)
FNDA:2,(anonymous_13)
FNDA:0,(anonymous_14)
FNDA:0,(anonymous_15)
FNDA:0,(anonymous_16)
FNDA:0,(anonymous_17)
FNDA:0,(anonymous_18)
FNDA:0,(anonymous_19)
FNDA:0,(anonymous_20)
FNDA:0,(anonymous_21)
FNDA:0,(anonymous_22)
DA:5,1
DA:9,1
DA:10,0
DA:12,1
DA:13,0
DA:14,0
DA:16,0
DA:20,1
DA:21,2
DA:23,1
DA:26,0
DA:28,0
DA:29,0
DA:31,0
DA:38,4
DA:39,4
DA:40,4
DA:41,4
DA:43,4
DA:46,1
DA:49,4
DA:55,4
DA:56,4
DA:57,4
DA:60,0
DA:63,0
DA:66,2
DA:69,0
DA:70,0
DA:72,0
DA:73,0
DA:79,0
DA:82,0
DA:88,0
DA:91,0
DA:92,0
DA:93,0
DA:94,0
DA:96,0
DA:100,0
DA:106,0
DA:107,0
DA:108,0
DA:111,0
LF:44
LH:17
BRDA:14,0,0,0
BRDA:28,1,0,0
BRDA:28,1,1,0
BRDA:39,2,0,4
BRDA:60,3,0,0
BRDA:60,3,1,0
BRDA:91,4,0,0
BRDA:91,4,1,0
BRDA:93,5,0,0
BRDA:93,5,1,0
BRF:10
BRH:1
end_of_record
TN:
SF:@starbeam/reactive/src/reactive.ts
FN:21,(anonymous_0)
FN:23,(anonymous_1)
FN:24,(anonymous_2)
FN:25,(anonymous_3)
FN:26,(anonymous_4)
FN:76,(anonymous_5)
FN:80,(anonymous_6)
FN:84,(anonymous_7)
FN:88,(anonymous_8)
FN:134,(anonymous_9)
FN:142,(anonymous_10)
FNF:11
FNH:4
FNDA:0,(anonymous_0)
FNDA:0,(anonymous_1)
FNDA:0,(anonymous_2)
FNDA:0,(anonymous_3)
FNDA:0,(anonymous_4)
FNDA:0,(anonymous_5)
FNDA:4,(anonymous_6)
FNDA:0,(anonymous_7)
FNDA:4,(anonymous_8)
FNDA:1,(anonymous_9)
FNDA:1,(anonymous_10)
DA:22,0
DA:23,0
DA:24,0
DA:25,0
DA:26,0
DA:77,0
DA:81,4
DA:85,0
DA:89,4
DA:93,2
DA:95,2
DA:97,0
DA:98,0
DA:101,0
DA:103,0
DA:126,0
DA:128,0
DA:135,1
DA:136,0
DA:138,1
DA:146,1
DA:147,0
DA:150,1
LF:23
LH:8
BRDA:92,0,0,2
BRDA:92,0,1,2
BRDA:92,0,2,0
BRDA:97,1,0,0
BRDA:103,2,0,0
BRDA:103,2,1,0
BRDA:135,3,0,0
BRDA:135,3,1,1
BRDA:135,4,0,1
BRDA:135,4,1,0
BRDA:144,5,0,1
BRDA:146,6,0,0
BRF:12
BRH:5
end_of_record
TN:
SF:@starbeam/reactive/src/core/cell.ts
FN:14,(anonymous_0)
FN:21,(anonymous_1)
FN:26,(anonymous_2)
FN:35,(anonymous_3)
FN:39,(anonymous_4)
FN:57,(anonymous_5)
FN:61,(anonymous_6)
FN:67,(anonymous_7)
FN:72,Cell
FNF:9
FNH:6
FNDA:1,(anonymous_0)
FNDA:1,(anonymous_1)
FNDA:0,(anonymous_2)
FNDA:0,(anonymous_3)
FNDA:1,(anonymous_4)
FNDA:0,(anonymous_5)
FNDA:3,(anonymous_6)
FNDA:2,(anonymous_7)
FNDA:1,Cell
DA:15,1
DA:22,1
DA:23,1
DA:27,0
DA:29,0
DA:36,0
DA:42,0
DA:44,0
DA:45,0
DA:46,0
DA:47,0
DA:57,0
DA:63,3
DA:64,3
DA:68,2
DA:76,1
LF:16
LH:7
BRDA:74,0,0,1
BRF:1
BRH:1
end_of_record
TN:
SF:@starbeam/reactive/src/core/composite.ts
FN:11,(anonymous_0)
FN:17,(anonymous_1)
FN:21,(anonymous_2)
FN:25,(anonymous_3)
FN:36,Composite
FNF:5
FNH:0
FNDA:0,(anonymous_0)
FNDA:0,(anonymous_1)
FNDA:0,(anonymous_2)
FNDA:0,(anonymous_3)
FNDA:0,Composite
DA:12,0
DA:18,0
DA:22,0
DA:26,0
DA:27,0
DA:29,0
DA:32,0
DA:39,0
LF:8
LH:0
BRDA:26,0,0,0
BRDA:26,0,1,0
BRDA:37,1,0,0
BRF:3
BRH:0
end_of_record
TN:
SF:@starbeam/reactive/src/core/marker.ts
FN:13,(anonymous_0)
FN:19,(anonymous_1)
FN:23,(anonymous_2)
FN:27,(anonymous_3)
FN:31,(anonymous_4)
FN:46,(anonymous_5)
FN:50,(anonymous_6)
FN:57,Marker
FNF:8
FNH:0
FNDA:0,(anonymous_0)
FNDA:0,(anonymous_1)
FNDA:0,(anonymous_2)
FNDA:0,(anonymous_3)
FNDA:0,(anonymous_4)
FNDA:0,(anonymous_5)
FNDA:0,(anonymous_6)
FNDA:0,Marker
DA:14,0
DA:20,0
DA:24,0
DA:28,0
DA:32,0
DA:34,0
DA:35,0
DA:36,0
DA:46,0
DA:53,0
DA:60,0
LF:11
LH:0
BRDA:58,0,0,0
BRF:1
BRH:0
end_of_record
TN:
SF:@starbeam/reactive/src/core/memo.ts
FN:23,(anonymous_0)
FN:33,(anonymous_1)
FN:38,(anonymous_2)
FN:42,(anonymous_3)
FN:73,(anonymous_4)
FN:74,(anonymous_5)
FN:79,(anonymous_6)
FN:80,(anonymous_7)
FN:104,(anonymous_8)
FN:110,Memo
FNF:10
FNH:0
FNDA:0,(anonymous_0)
FNDA:0,(anonymous_1)
FNDA:0,(anonymous_2)
FNDA:0,(anonymous_3)
FNDA:0,(anonymous_4)
FNDA:0,(anonymous_5)
FNDA:0,(anonymous_6)
FNDA:0,(anonymous_7)
FNDA:0,(anonymous_8)
FNDA:0,Memo
DA:24,0
DA:34,0
DA:35,0
DA:39,0
DA:43,0
DA:44,0
DA:45,0
DA:47,0
DA:48,0
DA:51,0
DA:56,0
DA:60,0
DA:62,0
DA:63,0
DA:65,0
DA:69,0
DA:75,0
DA:80,0
DA:81,0
DA:85,0
DA:86,0
DA:88,0
DA:89,0
DA:91,0
DA:94,0
DA:97,0
DA:98,0
DA:105,0
DA:114,0
LF:29
LH:0
BRDA:43,0,0,0
BRDA:43,0,1,0
BRDA:47,1,0,0
BRDA:84,2,0,0
BRDA:84,2,1,0
BRDA:97,3,0,0
BRDA:112,4,0,0
BRF:7
BRH:0
end_of_record
TN:
SF:@starbeam/reactive/src/core/static.ts
FN:11,(anonymous_0)
FN:18,(anonymous_1)
FN:23,(anonymous_2)
FN:28,(anonymous_3)
FN:33,Static
FNF:5
FNH:5
FNDA:1,(anonymous_0)
FNDA:1,(anonymous_1)
FNDA:2,(anonymous_2)
FNDA:2,(anonymous_3)
FNDA:1,Static
DA:12,1
DA:19,1
DA:20,1
DA:25,2
DA:29,2
DA:37,1
LF:6
LH:6
BRDA:35,0,0,0
BRF:1
BRH:0
end_of_record
TN:
SF:@starbeam/reactive/src/internals/composite.ts
FN:16,(anonymous_0)
FN:27,(anonymous_1)
FN:34,(anonymous_2)
FN:38,(anonymous_3)
FN:42,(anonymous_4)
FN:46,(anonymous_5)
FN:59,(anonymous_6)
FN:73,(anonymous_7)
FN:82,(anonymous_8)
FN:83,(anonymous_9)
FN:88,(anonymous_10)
FN:95,(anonymous_11)
FN:99,(anonymous_12)
FN:100,(anonymous_13)
FNF:14
FNH:0
FNDA:0,(anonymous_0)
FNDA:0,(anonymous_1)
FNDA:0,(anonymous_2)
FNDA:0,(anonymous_3)
FNDA:0,(anonymous_4)
FNDA:0,(anonymous_5)
FNDA:0,(anonymous_6)
FNDA:0,(anonymous_7)
FNDA:0,(anonymous_8)
FNDA:0,(anonymous_9)
FNDA:0,(anonymous_10)
FNDA:0,(anonymous_11)
FNDA:0,(anonymous_12)
FNDA:0,(anonymous_13)
DA:13,0
DA:19,0
DA:28,0
DA:35,0
DA:39,0
DA:43,0
DA:49,0
DA:56,0
DA:63,0
DA:76,0
DA:77,0
DA:84,0
DA:89,0
DA:96,0
DA:101,0
LF:15
LH:0
BRF:0
BRH:0
end_of_record
TN:
SF:@starbeam/reactive/src/internals/derived.ts
FN:18,(anonymous_0)
FN:29,(anonymous_1)
FN:36,(anonymous_2)
FN:40,(anonymous_3)
FN:44,(anonymous_4)
FN:48,(anonymous_5)
FN:56,(anonymous_6)
FN:69,(anonymous_7)
FN:74,(anonymous_8)
FN:79,(anonymous_9)
FN:83,(anonymous_10)
FN:87,(anonymous_11)
FN:94,(anonymous_12)
FN:98,(anonymous_13)
FN:102,(anonymous_14)
FNF:15
FNH:0
FNDA:0,(anonymous_0)
FNDA:0,(anonymous_1)
FNDA:0,(anonymous_2)
FNDA:0,(anonymous_3)
FNDA:0,(anonymous_4)
FNDA:0,(anonymous_5)
FNDA:0,(anonymous_6)
FNDA:0,(anonymous_7)
FNDA:0,(anonymous_8)
FNDA:0,(anonymous_9)
FNDA:0,(anonymous_10)
FNDA:0,(anonymous_11)
FNDA:0,(anonymous_12)
FNDA:0,(anonymous_13)
FNDA:0,(anonymous_14)
DA:15,0
DA:21,0
DA:30,0
DA:37,0
DA:41,0
DA:45,0
DA:49,0
DA:53,0
DA:60,0
DA:70,0
DA:71,0
DA:76,0
DA:80,0
DA:84,0
DA:88,0
DA:95,0
DA:99,0
DA:103,0
LF:18
LH:0
BRF:0
BRH:0
end_of_record
TN:
SF:@starbeam/reactive/src/internals/mutable.ts
FN:10,(anonymous_0)
FN:21,(anonymous_1)
FN:30,(anonymous_2)
FN:34,(anonymous_3)
FN:38,(anonymous_4)
FN:44,(anonymous_5)
FN:51,(anonymous_6)
FN:57,(anonymous_7)
FN:61,(anonymous_8)
FN:66,(anonymous_9)
FN:70,(anonymous_10)
FNF:11
FNH:3
FNDA:1,(anonymous_0)
FNDA:1,(anonymous_1)
FNDA:0,(anonymous_2)
FNDA:0,(anonymous_3)
FNDA:3,(anonymous_4)
FNDA:0,(anonymous_5)
FNDA:0,(anonymous_6)
FNDA:0,(anonymous_7)
FNDA:0,(anonymous_8)
FNDA:0,(anonymous_9)
FNDA:0,(anonymous_10)
DA:9,1
DA:11,1
DA:25,1
DA:26,1
DA:27,1
DA:31,0
DA:35,0
DA:39,3
DA:40,3
DA:51,0
DA:54,0
DA:58,0
DA:63,0
DA:67,0
DA:71,0
LF:15
LH:7
BRDA:39,0,0,3
BRF:1
BRH:1
end_of_record
TN:
SF:@starbeam/reactive/src/internals/static.ts
FN:9,(anonymous_0)
FN:16,(anonymous_1)
FN:20,(anonymous_2)
FN:25,(anonymous_3)
FN:29,(anonymous_4)
FNF:5
FNH:2
FNDA:1,(anonymous_0)
FNDA:1,(anonymous_1)
FNDA:0,(anonymous_2)
FNDA:0,(anonymous_3)
FNDA:0,(anonymous_4)
DA:8,1
DA:10,1
DA:17,1
DA:22,0
DA:26,0
DA:30,0
LF:6
LH:3
BRF:0
BRH:0
end_of_record
TN:
SF:@starbeam/reactive/src/internals/uninitialized.ts
FN:4,(anonymous_0)
FN:11,(anonymous_1)
FN:15,(anonymous_2)
FN:20,(anonymous_3)
FNF:4
FNH:0
FNDA:0,(anonymous_0)
FNDA:0,(anonymous_1)
FNDA:0,(anonymous_2)
FNDA:0,(anonymous_3)
DA:3,0
DA:5,0
DA:12,0
DA:17,0
DA:21,0
LF:5
LH:0
BRF:0
BRH:0
end_of_record
TN:
SF:@starbeam/schedule/dist/src/scheduler.js
FN:5,(anonymous_0)
FN:8,(anonymous_1)
FN:14,(anonymous_2)
FN:18,(anonymous_3)
FN:21,(anonymous_4)
FN:24,(anonymous_5)
FN:27,(anonymous_6)
FN:35,(anonymous_7)
FN:41,(anonymous_8)
FN:59,(anonymous_9)
FN:80,(anonymous_10)
FN:85,(anonymous_11)
FN:89,(anonymous_12)
FN:93,(anonymous_13)
FN:96,(anonymous_14)
FN:112,(anonymous_15)
FN:114,(anonymous_16)
FN:128,(anonymous_17)
FN:138,(anonymous_18)
FN:141,(anonymous_19)
FN:144,(anonymous_20)
FNF:21
FNH:6
FNDA:0,(anonymous_0)
FNDA:0,(anonymous_1)
FNDA:0,(anonymous_2)
FNDA:0,(anonymous_3)
FNDA:0,(anonymous_4)
FNDA:0,(anonymous_5)
FNDA:0,(anonymous_6)
FNDA:1,(anonymous_7)
FNDA:1,(anonymous_8)
FNDA:0,(anonymous_9)
FNDA:1,(anonymous_10)
FNDA:1,(anonymous_11)
FNDA:0,(anonymous_12)
FNDA:0,(anonymous_13)
FNDA:0,(anonymous_14)
FNDA:1,(anonymous_15)
FNDA:0,(anonymous_16)
FNDA:1,(anonymous_17)
FNDA:0,(anonymous_18)
FNDA:0,(anonymous_19)
FNDA:0,(anonymous_20)
DA:6,0
DA:9,0
DA:10,0
DA:15,0
DA:19,0
DA:25,0
DA:28,0
DA:29,0
DA:30,0
DA:36,1
DA:42,1
DA:43,1
DA:44,1
DA:49,0
DA:50,0
DA:51,0
DA:53,0
DA:60,0
DA:61,0
DA:62,0
DA:63,0
DA:67,0
DA:68,0
DA:69,0
DA:70,0
DA:71,0
DA:72,0
DA:75,0
DA:81,1
DA:86,1
DA:87,1
DA:90,0
DA:91,0
DA:94,0
DA:97,0
DA:98,0
DA:99,0
DA:100,0
DA:101,0
DA:102,0
DA:105,0
DA:113,1
DA:114,0
DA:116,1
DA:129,1
DA:130,1
DA:131,1
DA:132,1
DA:133,1
DA:139,0
DA:140,0
DA:141,0
DA:145,0
DA:149,0
DA:150,0
DA:154,0
DA:155,0
DA:159,0
DA:160,0
DA:164,0
DA:165,0
DA:169,0
DA:170,0
DA:174,0
DA:180,1
LF:65
LH:15
BRDA:50,0,0,0
BRDA:62,1,0,0
BRDA:99,2,0,0
BRDA:147,3,0,0
BRDA:147,3,1,0
BRDA:147,3,2,0
BRDA:147,3,3,0
BRDA:147,3,4,0
BRF:8
BRH:0
end_of_record
TN:
SF:@starbeam/timeline/dist/src/constants.js
FNF:0
FNH:0
DA:1,1
DA:2,1
DA:3,1
DA:4,1
LF:4
LH:4
BRF:0
BRH:0
end_of_record
TN:
SF:@starbeam/timeline/dist/src/frames.js
FN:3,(anonymous_0)
FN:7,(anonymous_1)
FN:10,(anonymous_2)
FN:15,(anonymous_3)
FN:18,(anonymous_4)
FN:23,(anonymous_5)
FN:27,(anonymous_6)
FN:31,(anonymous_7)
FN:34,(anonymous_8)
FN:45,(anonymous_9)
FN:51,(anonymous_10)
FN:54,(anonymous_11)
FN:57,(anonymous_12)
FN:63,(anonymous_13)
FN:68,(anonymous_14)
FN:78,(anonymous_15)
FNF:16
FNH:0
FNDA:0,(anonymous_0)
FNDA:0,(anonymous_1)
FNDA:0,(anonymous_2)
FNDA:0,(anonymous_3)
FNDA:0,(anonymous_4)
FNDA:0,(anonymous_5)
FNDA:0,(anonymous_6)
FNDA:0,(anonymous_7)
FNDA:0,(anonymous_8)
FNDA:0,(anonymous_9)
FNDA:0,(anonymous_10)
FNDA:0,(anonymous_11)
FNDA:0,(anonymous_12)
FNDA:0,(anonymous_13)
FNDA:0,(anonymous_14)
FNDA:0,(anonymous_15)
DA:4,0
DA:8,0
DA:11,0
DA:14,1
DA:16,0
DA:19,0
DA:24,0
DA:28,0
DA:29,0
DA:32,0
DA:35,0
DA:46,0
DA:47,0
DA:48,0
DA:49,0
DA:52,0
DA:57,0
DA:63,0
DA:69,0
DA:70,0
DA:71,0
DA:72,0
DA:73,0
DA:76,0
DA:79,0
DA:80,0
DA:84,0
LF:27
LH:1
BRDA:57,0,0,0
BRDA:57,0,1,0
BRDA:63,1,0,0
BRDA:63,1,1,0
BRDA:71,2,0,0
BRDA:72,3,0,0
BRDA:72,3,1,0
BRDA:79,4,0,0
BRF:8
BRH:0
end_of_record
TN:
SF:@starbeam/timeline/dist/src/internals.js
FN:5,(anonymous_0)
FN:8,(anonymous_1)
FN:11,(anonymous_2)
FNF:3
FNH:2
FNDA:4,(anonymous_0)
FNDA:6,(anonymous_1)
FNDA:0,(anonymous_2)
DA:4,1
DA:6,4
DA:9,6
DA:12,0
DA:15,0
DA:17,0
DA:24,0
DA:27,0
DA:29,0
LF:9
LH:3
BRDA:14,0,0,0
BRDA:14,0,1,0
BRDA:14,0,2,0
BRDA:23,1,0,0
BRDA:23,1,1,0
BRF:5
BRH:0
end_of_record
TN:
SF:@starbeam/timeline/dist/src/reactive.js
FNF:0
FNH:0
DA:1,1
LF:1
LH:1
BRF:0
BRH:0
end_of_record
TN:
SF:@starbeam/timeline/dist/src/timeline.js
FN:7,(anonymous_0)
FN:16,(anonymous_1)
FN:18,(anonymous_2)
FN:20,(anonymous_3)
FN:24,(anonymous_4)
FN:28,(anonymous_5)
FN:47,(anonymous_6)
FN:51,(anonymous_7)
FN:75,(anonymous_8)
FN:81,(anonymous_9)
FN:91,(anonymous_10)
FNF:11
FNH:4
FNDA:1,(anonymous_0)
FNDA:1,(anonymous_1)
FNDA:0,(anonymous_2)
FNDA:0,(anonymous_3)
FNDA:0,(anonymous_4)
FNDA:0,(anonymous_5)
FNDA:1,(anonymous_6)
FNDA:0,(anonymous_7)
FNDA:3,(anonymous_8)
FNDA:0,(anonymous_9)
FNDA:0,(anonymous_10)
DA:8,1
DA:11,1
DA:12,1
DA:13,1
DA:17,1
DA:19,0
DA:20,0
DA:21,0
DA:25,0
DA:26,0
DA:27,0
DA:28,0
DA:29,0
DA:30,0
DA:34,1
DA:35,1
DA:36,1
DA:39,0
DA:40,0
DA:41,0
DA:42,0
DA:44,0
DA:48,1
DA:52,0
DA:53,0
DA:54,0
DA:55,0
DA:57,0
DA:58,0
DA:61,0
DA:62,0
DA:66,0
DA:67,0
DA:68,0
DA:69,0
DA:70,0
DA:76,3
DA:77,0
DA:78,0
DA:82,0
DA:83,0
DA:84,0
DA:85,0
DA:87,0
DA:92,0
DA:93,0
DA:94,0
DA:95,0
DA:96,0
DA:98,0
DA:102,1
LF:51
LH:11
BRDA:40,0,0,0
BRDA:54,1,0,0
BRDA:62,2,0,0
BRDA:62,2,1,0
BRDA:69,3,0,0
BRDA:76,4,0,0
BRF:6
BRH:0
end_of_record
TN:
SF:@starbeam/timeline/dist/src/timestamp.js
FN:6,(anonymous_0)
FN:10,(anonymous_1)
FN:13,(anonymous_2)
FN:18,(anonymous_3)
FN:21,(anonymous_4)
FN:24,(anonymous_5)
FNF:6
FNH:2
FNDA:1,(anonymous_0)
FNDA:1,(anonymous_1)
FNDA:0,(anonymous_2)
FNDA:0,(anonymous_3)
FNDA:0,(anonymous_4)
FNDA:0,(anonymous_5)
DA:4,1
DA:7,1
DA:11,1
DA:14,0
DA:19,0
DA:22,0
DA:25,0
LF:7
LH:3
BRF:0
BRH:0
end_of_record
TN:
SF:@starbeam/trace-internals/dist/src/assert.js
FN:1,assert
FNF:1
FNH:0
FNDA:0,assert
DA:2,0
DA:3,0
LF:2
LH:0
BRDA:1,0,0,0
BRDA:2,1,0,0
BRF:2
BRH:0
end_of_record
TN:
SF:@starbeam/trace-internals/dist/src/trace.js
FN:4,(anonymous_0)
FN:14,(anonymous_1)
FN:21,(anonymous_2)
FN:27,(anonymous_3)
FN:47,(anonymous_4)
FN:54,(anonymous_5)
FN:61,logLevelFrom
FN:88,(anonymous_7)
FN:89,(anonymous_8)
FN:93,(anonymous_9)
FN:94,(anonymous_10)
FN:107,(anonymous_11)
FN:126,(anonymous_12)
FN:129,(anonymous_13)
FN:132,(anonymous_14)
FN:138,(anonymous_15)
FN:147,(anonymous_16)
FN:170,currentLevel
FNF:18
FNH:7
FNDA:1,(anonymous_0)
FNDA:0,(anonymous_1)
FNDA:0,(anonymous_2)
FNDA:0,(anonymous_3)
FNDA:0,(anonymous_4)
FNDA:0,(anonymous_5)
FNDA:6,logLevelFrom
FNDA:1,(anonymous_7)
FNDA:0,(anonymous_8)
FNDA:0,(anonymous_9)
FNDA:0,(anonymous_10)
FNDA:7,(anonymous_11)
FNDA:6,(anonymous_12)
FNDA:0,(anonymous_13)
FNDA:0,(anonymous_14)
FNDA:0,(anonymous_15)
FNDA:6,(anonymous_16)
FNDA:6,currentLevel
DA:4,1
DA:5,1
DA:6,1
DA:7,1
DA:8,1
DA:9,1
DA:10,1
DA:11,1
DA:15,0
DA:22,0
DA:23,0
DA:24,0
DA:25,0
DA:28,0
DA:29,0
DA:30,0
DA:31,0
DA:33,0
DA:36,0
DA:37,0
DA:38,0
DA:39,0
DA:41,0
DA:44,0
DA:48,0
DA:49,0
DA:50,0
DA:52,0
DA:55,0
DA:56,0
DA:57,0
DA:62,6
DA:63,6
DA:67,0
DA:69,0
DA:71,0
DA:73,0
DA:75,0
DA:77,0
DA:79,0
DA:81,0
DA:82,0
DA:86,1
DA:89,1
DA:91,1
DA:94,0
DA:108,7
DA:109,7
DA:110,7
DA:111,7
DA:120,6
DA:121,0
DA:123,6
DA:127,6
DA:130,0
DA:133,0
DA:136,6
DA:139,0
DA:140,0
DA:141,0
DA:143,0
DA:148,6
DA:149,6
DA:150,6
DA:152,0
DA:155,0
DA:156,0
DA:157,0
DA:158,0
DA:160,0
DA:161,0
DA:163,0
DA:166,0
DA:171,6
DA:175,1
LF:75
LH:26
BRDA:12,0,0,1
BRDA:12,0,1,1
BRDA:29,1,0,0
BRDA:30,2,0,0
BRDA:30,2,1,0
BRDA:37,3,0,0
BRDA:37,3,1,0
BRDA:49,4,0,0
BRDA:56,5,0,0
BRDA:62,6,0,6
BRDA:62,6,1,0
BRDA:66,7,0,0
BRDA:66,7,1,0
BRDA:66,7,2,0
BRDA:66,7,3,0
BRDA:66,7,4,0
BRDA:66,7,5,0
BRDA:66,7,6,0
BRDA:93,8,0,0
BRDA:93,9,0,0
BRDA:120,10,0,0
BRDA:120,10,1,6
BRDA:139,11,0,0
BRDA:140,12,0,0
BRDA:140,12,1,0
BRDA:148,13,0,6
BRDA:149,14,0,6
BRDA:149,14,1,0
BRDA:155,15,0,0
BRDA:155,15,1,0
BRDA:157,16,0,0
BRDA:171,17,0,6
BRDA:171,17,1,6
BRF:33
BRH:8
end_of_record
TN:
SF:@starbeam/utils/dist/src/enumeration.js
FN:2,Enum
FN:6,(anonymous_1)
FN:10,(anonymous_2)
FN:13,(anonymous_3)
FN:22,(anonymous_4)
FNF:5
FNH:5
FNDA:3,Enum
FNDA:12,(anonymous_1)
FNDA:10,(anonymous_2)
FNDA:4,(anonymous_3)
FNDA:12,(anonymous_4)
DA:7,12
DA:8,12
DA:11,10
DA:14,4
DA:17,3
DA:18,9
DA:19,9
DA:23,12
DA:27,3
LF:9
LH:9
BRF:0
BRH:0
end_of_record
TN:
SF:@starbeam/verify/dist/src/assert.js
FN:7,present
FN:18,(anonymous_1)
FN:21,(anonymous_2)
FN:24,(anonymous_3)
FN:29,isCreatedContext
FN:33,(anonymous_5)
FN:43,(anonymous_6)
FN:44,(anonymous_7)
FN:47,(anonymous_8)
FN:59,verify
FN:67,verified
FN:74,exhaustive
FNF:12
FNH:5
FNDA:0,present
FNDA:15,(anonymous_1)
FNDA:0,(anonymous_2)
FNDA:0,(anonymous_3)
FNDA:0,isCreatedContext
FNDA:0,(anonymous_5)
FNDA:37,(anonymous_6)
FNDA:0,(anonymous_7)
FNDA:37,(anonymous_8)
FNDA:20,verify
FNDA:17,verified
FNDA:0,exhaustive
DA:8,0
DA:9,0
DA:10,0
DA:11,0
DA:13,0
DA:16,1
DA:17,1
DA:19,15
DA:22,0
DA:25,0
DA:26,0
DA:30,0
DA:32,1
DA:34,0
DA:35,0
DA:36,0
DA:37,0
DA:39,0
DA:43,1
DA:44,0
DA:47,1
DA:48,37
DA:49,37
DA:52,0
DA:53,0
DA:54,0
DA:55,0
DA:60,20
DA:68,17
DA:72,17
DA:75,0
DA:76,0
DA:78,0
LF:33
LH:11
BRDA:8,0,0,0
BRDA:8,0,1,0
BRDA:10,1,0,0
BRDA:10,1,1,0
BRDA:25,2,0,0
BRDA:25,2,1,0
BRDA:30,3,0,0
BRDA:30,3,1,0
BRDA:34,4,0,0
BRDA:34,4,1,0
BRDA:36,5,0,0
BRDA:36,5,1,0
BRDA:48,6,0,37
BRDA:75,7,0,0
BRDA:75,7,1,0
BRF:15
BRH:1
end_of_record
TN:
SF:@starbeam/verify/dist/src/core.js
FN:1,isVerifyContext
FN:7,message
FNF:2
FNH:0
FNDA:0,isVerifyContext
FNDA:0,message
DA:2,0
DA:4,1
DA:8,0
DA:9,0
DA:10,0
DA:11,0
DA:13,0
LF:7
LH:1
BRDA:8,0,0,0
BRDA:8,0,1,0
BRDA:10,1,0,0
BRDA:10,1,1,0
BRF:4
BRH:0
end_of_record
TN:
SF:@starbeam/verify/dist/src/presence.js
FN:1,isPresent
FNF:1
FNH:1
FNDA:23,isPresent
DA:2,23
LF:1
LH:1
BRDA:2,0,0,23
BRDA:2,0,1,23
BRF:2
BRH:2
end_of_record
TN:
SF:@starbeam/verify/dist/src/verifiers.js
FN:3,isValue
FN:4,verify
FN:7,(anonymous_2)
FNF:3
FNH:0
FNDA:0,isValue
FNDA:0,verify
FNDA:0,(anonymous_2)
DA:5,0
DA:7,0
DA:9,0
LF:3
LH:0
BRF:0
BRH:0
end_of_record
TN:
SF:@starbeam/verify/dist/src/verify-context.js
FN:4,(anonymous_0)
FN:7,(anonymous_1)
FN:11,(anonymous_2)
FN:14,(anonymous_3)
FN:17,(anonymous_4)
FN:24,(anonymous_5)
FN:27,(anonymous_6)
FN:32,(anonymous_7)
FN:35,(anonymous_8)
FN:40,(anonymous_9)
FN:44,(anonymous_10)
FN:51,(anonymous_11)
FN:63,(anonymous_12)
FN:68,(anonymous_13)
FN:72,(anonymous_14)
FN:81,(anonymous_15)
FN:85,(anonymous_16)
FN:88,(anonymous_17)
FN:108,(anonymous_18)
FN:113,(anonymous_19)
FN:117,(anonymous_20)
FN:120,(anonymous_21)
FN:125,(anonymous_22)
FN:134,(anonymous_23)
FN:141,(anonymous_24)
FN:145,expected
FN:148,as
FN:154,(anonymous_27)
FN:164,(anonymous_28)
FN:184,VerifyContextFrom
FNF:30
FNH:14
FNDA:23,(anonymous_0)
FNDA:0,(anonymous_1)
FNDA:23,(anonymous_2)
FNDA:0,(anonymous_3)
FNDA:0,(anonymous_4)
FNDA:18,(anonymous_5)
FNDA:5,(anonymous_6)
FNDA:31,(anonymous_7)
FNDA:0,(anonymous_8)
FNDA:31,(anonymous_9)
FNDA:0,(anonymous_10)
FNDA:0,(anonymous_11)
FNDA:0,(anonymous_12)
FNDA:8,(anonymous_13)
FNDA:0,(anonymous_14)
FNDA:0,(anonymous_15)
FNDA:0,(anonymous_16)
FNDA:0,(anonymous_17)
FNDA:0,(anonymous_18)
FNDA:15,(anonymous_19)
FNDA:15,(anonymous_20)
FNDA:0,(anonymous_21)
FNDA:10,(anonymous_22)
FNDA:5,(anonymous_23)
FNDA:0,(anonymous_24)
FNDA:15,expected
FNDA:8,as
FNDA:0,(anonymous_27)
FNDA:0,(anonymous_28)
FNDA:1,VerifyContextFrom
DA:5,23
DA:8,0
DA:12,23
DA:15,0
DA:18,0
DA:19,0
DA:21,0
DA:25,18
DA:28,5
DA:33,31
DA:36,0
DA:41,31
DA:42,31
DA:45,0
DA:46,0
DA:48,0
DA:52,0
DA:53,0
DA:55,0
DA:56,0
DA:57,0
DA:58,0
DA:64,0
DA:69,8
DA:70,8
DA:73,0
DA:74,0
DA:82,0
DA:86,0
DA:89,0
DA:90,0
DA:91,0
DA:92,0
DA:94,0
DA:98,0
DA:99,0
DA:100,0
DA:101,0
DA:103,0
DA:104,0
DA:106,0
DA:109,0
DA:114,15
DA:118,15
DA:121,0
DA:126,10
DA:141,0
DA:146,15
DA:149,8
DA:153,1
DA:155,0
DA:156,0
DA:161,0
DA:165,0
DA:168,0
DA:169,0
DA:173,0
DA:174,0
DA:176,0
DA:177,0
DA:179,0
DA:185,1
DA:186,1
DA:189,0
DA:190,0
DA:192,0
LF:66
LH:17
BRDA:18,0,0,0
BRDA:18,0,1,0
BRDA:45,1,0,0
BRDA:45,1,1,0
BRDA:52,2,0,0
BRDA:52,3,0,0
BRDA:52,3,1,0
BRDA:52,3,2,0
BRDA:55,4,0,0
BRDA:55,4,1,0
BRDA:56,5,0,0
BRDA:56,5,1,0
BRDA:56,6,0,0
BRDA:56,6,1,0
BRDA:57,7,0,0
BRDA:57,7,1,0
BRDA:57,8,0,0
BRDA:57,8,1,0
BRDA:73,9,0,0
BRDA:73,9,1,0
BRDA:91,10,0,0
BRDA:91,10,1,0
BRDA:100,11,0,0
BRDA:103,12,0,0
BRDA:141,13,0,0
BRDA:141,13,1,0
BRDA:155,14,0,0
BRDA:155,14,1,0
BRDA:168,15,0,0
BRDA:173,16,0,0
BRDA:176,17,0,0
BRDA:185,18,0,1
BRDA:185,18,1,0
BRDA:189,19,0,0
BRDA:189,19,1,0
BRF:35
BRH:1
end_of_record
TN:
SF:tests/support/define.ts
FN:35,test
FN:39,(anonymous_1)
FN:50,todo
FN:55,(anonymous_3)
FN:76,(anonymous_4)
FN:87,(anonymous_5)
FN:94,(anonymous_6)
FN:103,(anonymous_7)
FN:117,(anonymous_8)
FN:128,(anonymous_9)
FN:137,(anonymous_10)
FN:143,(anonymous_11)
FN:148,(anonymous_12)
FN:154,(anonymous_13)
FN:163,(anonymous_14)
FN:174,(anonymous_15)
FN:178,(anonymous_16)
FN:189,(anonymous_17)
FN:206,(anonymous_18)
FN:213,(anonymous_19)
FN:220,(anonymous_20)
FNF:21
FNH:14
FNDA:2,test
FNDA:2,(anonymous_1)
FNDA:0,todo
FNDA:0,(anonymous_3)
FNDA:2,(anonymous_4)
FNDA:2,(anonymous_5)
FNDA:0,(anonymous_6)
FNDA:1,(anonymous_7)
FNDA:1,(anonymous_8)
FNDA:2,(anonymous_9)
FNDA:2,(anonymous_10)
FNDA:2,(anonymous_11)
FNDA:2,(anonymous_12)
FNDA:0,(anonymous_13)
FNDA:0,(anonymous_14)
FNDA:0,(anonymous_15)
FNDA:0,(anonymous_16)
FNDA:2,(anonymous_17)
FNDA:2,(anonymous_18)
FNDA:2,(anonymous_19)
FNDA:2,(anonymous_20)
DA:39,2
DA:40,2
DA:42,2
DA:54,0
DA:55,0
DA:56,0
DA:58,0
DA:59,0
DA:65,0
DA:68,0
DA:72,0
DA:80,2
DA:90,2
DA:91,2
DA:95,0
DA:107,1
DA:108,0
DA:110,1
DA:111,1
DA:114,1
DA:115,1
DA:117,1
DA:118,1
DA:120,1
DA:123,0
DA:129,2
DA:138,2
DA:139,2
DA:140,2
DA:147,2
DA:148,2
DA:149,2
DA:151,2
DA:158,0
DA:159,0
DA:160,0
DA:164,0
DA:168,0
DA:169,0
DA:171,0
DA:178,0
DA:179,0
DA:180,0
DA:184,0
DA:186,0
DA:190,2
DA:194,2
DA:196,2
DA:198,2
DA:199,0
DA:206,2
DA:211,2
DA:213,2
DA:214,2
DA:218,2
DA:220,2
DA:221,2
DA:224,2
LF:58
LH:34
BRDA:54,0,0,0
BRDA:107,1,0,0
BRDA:107,1,1,1
BRDA:128,2,0,2
BRDA:198,3,0,0
BRF:5
BRH:2
end_of_record
TN:
SF:tests/support/element.ts
FN:25,isIntoReactive
FN:37,isReactiveAttribute
FN:51,(anonymous_2)
FN:58,(anonymous_3)
FN:79,(anonymous_4)
FN:81,(anonymous_5)
FN:84,(anonymous_6)
FN:115,normalizeChild
FN:144,isNormalized
FNF:9
FNH:0
FNDA:0,isIntoReactive
FNDA:0,isReactiveAttribute
FNDA:0,(anonymous_2)
FNDA:0,(anonymous_3)
FNDA:0,(anonymous_4)
FNDA:0,(anonymous_5)
FNDA:0,(anonymous_6)
FNDA:0,normalizeChild
FNDA:0,isNormalized
DA:28,0
DA:29,0
DA:30,0
DA:31,0
DA:33,0
DA:40,0
DA:55,0
DA:58,0
DA:61,0
DA:62,0
DA:63,0
DA:65,0
DA:67,0
DA:68,0
DA:70,0
DA:79,0
DA:80,0
DA:81,0
DA:84,0
DA:85,0
DA:86,0
DA:89,0
DA:90,0
DA:99,0
DA:100,0
DA:101,0
DA:102,0
DA:103,0
DA:105,0
DA:107,0
DA:120,0
DA:121,0
DA:123,0
DA:145,0
LF:34
LH:0
BRDA:28,0,0,0
BRDA:28,0,1,0
BRDA:30,1,0,0
BRDA:30,1,1,0
BRDA:30,2,0,0
BRDA:30,2,1,0
BRDA:61,3,0,0
BRDA:61,3,1,0
BRDA:79,4,0,0
BRDA:79,4,1,0
BRDA:80,5,0,0
BRDA:80,5,1,0
BRDA:99,6,0,0
BRDA:99,6,1,0
BRDA:102,7,0,0
BRDA:102,7,1,0
BRDA:120,8,0,0
BRDA:120,8,1,0
BRF:18
BRH:0
end_of_record
TN:
SF:tests/support/expect/expect.ts
FN:25,(anonymous_0)
FN:39,(anonymous_1)
FN:41,(anonymous_2)
FN:42,(anonymous_3)
FN:33,(anonymous_5)
FN:35,(anonymous_6)
FN:36,(anonymous_7)
FN:48,(anonymous_8)
FN:52,(anonymous_9)
FN:56,(anonymous_10)
FN:63,(anonymous_11)
FN:68,(anonymous_12)
FN:72,(anonymous_13)
FN:76,(anonymous_14)
FN:80,(anonymous_15)
FN:84,(anonymous_16)
FN:89,(anonymous_17)
FN:94,(anonymous_18)
FN:111,PatternMatch
FN:122,PatternMismatch
FN:148,(anonymous_21)
FN:158,(anonymous_22)
FN:165,(anonymous_23)
FN:169,(anonymous_24)
FN:173,(anonymous_25)
FN:177,(anonymous_26)
FN:181,(anonymous_27)
FN:192,(anonymous_28)
FN:212,(anonymous_29)
FN:216,(anonymous_30)
FN:233,(anonymous_31)
FN:237,(anonymous_32)
FN:243,(anonymous_33)
FN:251,(anonymous_34)
FN:253,(anonymous_35)
FN:257,(anonymous_36)
FN:267,(anonymous_37)
FN:273,(anonymous_38)
FN:277,(anonymous_39)
FN:282,when
FN:296,hasScenario
FN:311,expectPattern
FN:314,(anonymous_43)
FN:324,(anonymous_44)
FN:341,types
FNF:45
FNH:31
FNDA:4,(anonymous_0)
FNDA:10,(anonymous_1)
FNDA:5,(anonymous_2)
FNDA:5,(anonymous_3)
FNDA:4,(anonymous_5)
FNDA:0,(anonymous_6)
FNDA:4,(anonymous_7)
FNDA:1,(anonymous_8)
FNDA:1,(anonymous_9)
FNDA:1,(anonymous_10)
FNDA:5,(anonymous_11)
FNDA:2,(anonymous_12)
FNDA:4,(anonymous_13)
FNDA:0,(anonymous_14)
FNDA:1,(anonymous_15)
FNDA:0,(anonymous_16)
FNDA:5,(anonymous_17)
FNDA:5,(anonymous_18)
FNDA:8,PatternMatch
FNDA:1,PatternMismatch
FNDA:9,(anonymous_21)
FNDA:9,(anonymous_22)
FNDA:0,(anonymous_23)
FNDA:0,(anonymous_24)
FNDA:9,(anonymous_25)
FNDA:8,(anonymous_26)
FNDA:1,(anonymous_27)
FNDA:0,(anonymous_28)
FNDA:9,(anonymous_29)
FNDA:9,(anonymous_30)
FNDA:0,(anonymous_31)
FNDA:9,(anonymous_32)
FNDA:9,(anonymous_33)
FNDA:9,(anonymous_34)
FNDA:0,(anonymous_35)
FNDA:1,(anonymous_36)
FNDA:0,(anonymous_37)
FNDA:0,(anonymous_38)
FNDA:0,(anonymous_39)
FNDA:0,when
FNDA:9,hasScenario
FNDA:9,expectPattern
FNDA:0,(anonymous_43)
FNDA:9,(anonymous_44)
FNDA:0,types
DA:21,8
DA:26,4
DA:31,1
DA:34,4
DA:35,0
DA:36,4
DA:40,10
DA:41,5
DA:42,5
DA:49,1
DA:53,1
DA:57,1
DA:64,5
DA:65,5
DA:69,2
DA:73,4
DA:77,0
DA:81,1
DA:84,0
DA:90,5
DA:91,0
DA:94,5
DA:95,5
DA:112,8
DA:123,1
DA:151,9
DA:161,9
DA:162,9
DA:166,0
DA:170,0
DA:174,9
DA:178,8
DA:182,1
DA:183,1
DA:193,0
DA:213,9
DA:220,9
DA:222,9
DA:223,8
DA:227,1
DA:234,0
DA:238,9
DA:244,9
DA:245,0
DA:247,9
DA:251,9
DA:254,0
DA:258,1
DA:264,1
DA:268,0
DA:274,0
DA:278,0
DA:283,0
DA:299,9
DA:312,9
DA:313,0
DA:314,0
DA:316,0
DA:323,9
DA:324,9
DA:326,9
DA:335,1
LF:62
LH:45
BRDA:26,0,0,2
BRDA:26,0,1,2
BRDA:34,1,0,4
BRDA:34,1,1,4
BRDA:81,2,0,0
BRDA:90,3,0,0
BRDA:187,4,0,1
BRDA:187,4,1,1
BRDA:222,5,0,8
BRDA:222,5,1,1
BRDA:239,6,0,9
BRDA:239,6,1,4
BRDA:239,6,2,4
BRDA:244,7,0,0
BRDA:244,7,1,9
BRDA:312,8,0,0
BRDA:312,8,1,9
BRF:17
BRH:13
end_of_record
TN:
SF:tests/support/expect/report.ts
FN:8,TypeDescription
FN:21,ValueDescription
FN:49,Success
FN:71,NotEqual
FN:112,Mismatch
FN:136,Invalid
FN:158,WrongType
FN:187,Multiple
FN:220,report
FN:233,(anonymous_9)
FN:236,(anonymous_10)
FN:242,failed
FNF:12
FNH:5
FNDA:0,TypeDescription
FNDA:2,ValueDescription
FNDA:8,Success
FNDA:1,NotEqual
FNDA:0,Mismatch
FNDA:0,Invalid
FNDA:0,WrongType
FNDA:0,Multiple
FNDA:0,report
FNDA:8,(anonymous_9)
FNDA:1,(anonymous_10)
FNDA:0,failed
DA:9,0
DA:25,2
DA:56,8
DA:80,1
DA:120,0
DA:143,0
DA:167,0
DA:196,0
DA:225,0
DA:226,0
DA:228,0
DA:237,1
DA:238,0
DA:243,0
LF:14
LH:4
BRDA:225,0,0,0
BRDA:225,0,1,0
BRF:2
BRH:0
end_of_record
TN:
SF:tests/support/expect/upstream.ts
FN:25,(anonymous_0)
FN:35,starbeam
FN:45,processResult
FN:49,(anonymous_3)
FN:63,(anonymous_4)
FN:119,notEqual
FN:128,(anonymous_6)
FN:139,notEqualChild
FN:148,(anonymous_8)
FN:157,scenario
FN:170,hint
FN:198,formatDiff
FN:217,format
FNF:13
FNH:9
FNDA:1,(anonymous_0)
FNDA:1,starbeam
FNDA:1,processResult
FNDA:0,(anonymous_3)
FNDA:0,(anonymous_4)
FNDA:1,notEqual
FNDA:1,(anonymous_6)
FNDA:0,notEqualChild
FNDA:0,(anonymous_8)
FNDA:1,scenario
FNDA:1,hint
FNDA:1,formatDiff
FNDA:2,format
DA:26,1
DA:27,1
DA:29,1
DA:30,1
DA:36,1
DA:38,1
DA:39,1
DA:42,0
DA:48,1
DA:49,0
DA:51,0
DA:53,1
DA:57,1
DA:61,0
DA:63,0
DA:64,0
DA:66,0
DA:67,0
DA:68,0
DA:71,0
DA:74,0
DA:78,0
DA:82,0
DA:86,0
DA:93,0
DA:94,0
DA:96,0
DA:100,0
DA:104,0
DA:108,0
DA:112,0
DA:128,1
DA:129,1
DA:136,1
DA:148,0
DA:149,0
DA:154,0
DA:158,1
DA:159,0
DA:166,1
DA:177,1
DA:181,1
DA:185,1
DA:202,1
DA:204,1
DA:205,1
DA:207,0
DA:208,0
DA:211,0
DA:213,0
DA:222,2
DA:223,0
DA:224,0
DA:226,2
LF:54
LH:23
BRDA:29,0,0,1
BRDA:38,1,0,1
BRDA:48,2,0,0
BRDA:48,2,1,1
BRDA:53,3,0,1
BRDA:53,3,1,0
BRDA:55,4,0,1
BRDA:55,4,1,1
BRDA:55,4,2,0
BRDA:55,4,3,0
BRDA:55,4,4,0
BRDA:91,5,0,0
BRDA:91,5,1,0
BRDA:91,5,2,0
BRDA:91,5,3,0
BRDA:91,5,4,0
BRDA:93,6,0,0
BRDA:158,7,0,0
BRDA:158,7,1,1
BRDA:177,8,0,1
BRDA:177,8,1,0
BRDA:181,9,0,1
BRDA:181,9,1,0
BRDA:204,10,0,1
BRDA:204,10,1,0
BRDA:204,11,0,1
BRDA:204,11,1,1
BRDA:208,12,0,0
BRDA:208,12,1,0
BRDA:222,13,0,0
BRDA:222,13,1,2
BRF:31
BRH:13
end_of_record
TN:
SF:tests/support/expect/patterns/comparison.ts
FN:29,serializeBoth
FN:39,serialize
FN:52,(anonymous_2)
FN:61,(anonymous_3)
FN:109,(anonymous_4)
FN:126,(anonymous_5)
FN:204,hasToStringTag
FN:212,(anonymous_7)
FN:222,(anonymous_8)
FN:227,(anonymous_9)
FN:231,(anonymous_10)
FN:247,(anonymous_11)
FN:255,(anonymous_12)
FN:259,(anonymous_13)
FN:265,(anonymous_14)
FN:272,(anonymous_15)
FN:277,(anonymous_16)
FN:281,(anonymous_17)
FN:285,(anonymous_18)
FN:289,(anonymous_19)
FN:293,(anonymous_20)
FN:297,(anonymous_21)
FN:315,isCustomValue
FN:319,toBe
FN:328,normalizeSerialize
FN:343,(anonymous_25)
FN:344,(anonymous_26)
FNF:27
FNH:19
FNDA:0,serializeBoth
FNDA:2,serialize
FNDA:9,(anonymous_2)
FNDA:9,(anonymous_3)
FNDA:8,(anonymous_4)
FNDA:1,(anonymous_5)
FNDA:0,hasToStringTag
FNDA:12,(anonymous_7)
FNDA:12,(anonymous_8)
FNDA:5,(anonymous_9)
FNDA:0,(anonymous_10)
FNDA:2,(anonymous_11)
FNDA:5,(anonymous_12)
FNDA:0,(anonymous_13)
FNDA:4,(anonymous_14)
FNDA:8,(anonymous_15)
FNDA:4,(anonymous_16)
FNDA:0,(anonymous_17)
FNDA:4,(anonymous_18)
FNDA:4,(anonymous_19)
FNDA:0,(anonymous_20)
FNDA:4,(anonymous_21)
FNDA:14,isCustomValue
FNDA:9,toBe
FNDA:9,normalizeSerialize
FNDA:0,(anonymous_25)
FNDA:0,(anonymous_26)
DA:33,0
DA:43,2
DA:44,2
DA:46,0
DA:50,9
DA:52,9
DA:53,9
DA:63,9
DA:65,9
DA:66,8
DA:68,1
DA:86,10
DA:87,10
DA:89,10
DA:90,4
DA:92,4
DA:93,4
DA:100,6
DA:110,8
DA:111,2
DA:119,6
DA:127,1
DA:129,1
DA:130,1
DA:132,1
DA:133,0
DA:139,1
DA:198,1
DA:205,0
DA:216,12
DA:223,12
DA:224,12
DA:228,5
DA:232,0
DA:233,0
DA:237,0
DA:238,0
DA:241,0
DA:244,0
DA:248,2
DA:249,0
DA:251,2
DA:256,5
DA:260,0
DA:266,4
DA:273,8
DA:274,8
DA:278,4
DA:282,0
DA:286,4
DA:290,4
DA:294,0
DA:298,4
DA:316,14
DA:323,9
DA:331,9
DA:332,7
DA:335,2
DA:336,2
DA:339,0
DA:340,0
DA:342,0
DA:343,0
DA:344,0
LF:64
LH:45
BRDA:43,0,0,2
BRDA:43,0,1,0
BRDA:65,1,0,8
BRDA:65,1,1,1
BRDA:89,2,0,4
BRDA:89,3,0,10
BRDA:89,3,1,4
BRDA:92,4,0,4
BRDA:110,5,0,2
BRDA:110,5,1,6
BRDA:132,6,0,0
BRDA:132,6,1,1
BRDA:132,7,0,1
BRDA:132,7,1,0
BRDA:205,8,0,0
BRDA:205,8,1,0
BRDA:233,9,0,0
BRDA:234,10,0,0
BRDA:234,10,1,0
BRDA:234,10,2,0
BRDA:237,11,0,0
BRDA:248,12,0,0
BRDA:248,12,1,2
BRDA:316,13,0,14
BRDA:316,13,1,8
BRDA:316,13,2,8
BRDA:331,14,0,7
BRDA:335,15,0,2
BRDA:343,16,0,0
BRDA:343,16,1,0
BRDA:344,17,0,0
BRDA:344,17,1,0
BRF:32
BRH:17
end_of_record
